{"/Users/nilesh/Downloads/jktech/frontend/app/error.tsx": {"path":"/Users/nilesh/Downloads/jktech/frontend/app/error.tsx","statementMap":{"0":{"start":{"line":8,"column":24},"end":{"line":8,"column":30}},"1":{"start":{"line":3,"column":26},"end":{"line":3,"column":null}},"2":{"start":{"line":4,"column":17},"end":{"line":4,"column":null}},"3":{"start":{"line":5,"column":23},"end":{"line":5,"column":null}},"4":{"start":{"line":6,"column":30},"end":{"line":6,"column":null}},"5":{"start":{"line":15,"column":2},"end":{"line":18,"column":null}},"6":{"start":{"line":17,"column":4},"end":{"line":17,"column":null}}},"fnMap":{"0":{"name":"Error","decl":{"start":{"line":8,"column":24},"end":{"line":8,"column":30}},"loc":{"start":{"line":14,"column":1},"end":{"line":41,"column":null}}},"1":{"name":"(anonymous_3)","decl":{"start":{"line":15,"column":12},"end":{"line":15,"column":null}},"loc":{"start":{"line":15,"column":12},"end":{"line":18,"column":5}}}},"branchMap":{},"s":{"0":0,"1":0,"2":0,"3":0,"4":0,"5":0,"6":0},"f":{"0":0,"1":0},"b":{}}
,"/Users/nilesh/Downloads/jktech/frontend/app/layout.tsx": {"path":"/Users/nilesh/Downloads/jktech/frontend/app/layout.tsx","statementMap":{"0":{"start":{"line":15,"column":24},"end":{"line":15,"column":35}},"1":{"start":{"line":9,"column":13},"end":{"line":9,"column":21}},"2":{"start":{"line":2,"column":30},"end":{"line":2,"column":null}},"3":{"start":{"line":3,"column":24},"end":{"line":3,"column":null}},"4":{"start":{"line":4,"column":29},"end":{"line":4,"column":null}},"5":{"start":{"line":5,"column":19},"end":{"line":5,"column":null}},"6":{"start":{"line":6,"column":19},"end":{"line":6,"column":null}},"7":{"start":{"line":7,"column":7},"end":{"line":7,"column":null}},"8":{"start":{"line":9,"column":24},"end":{"line":13,"column":null}}},"fnMap":{"0":{"name":"RootLayout","decl":{"start":{"line":15,"column":24},"end":{"line":15,"column":35}},"loc":{"start":{"line":19,"column":1},"end":{"line":36,"column":1}}}},"branchMap":{},"s":{"0":4,"1":0,"2":1,"3":1,"4":1,"5":1,"6":1,"7":1,"8":1},"f":{"0":3},"b":{}}
,"/Users/nilesh/Downloads/jktech/frontend/app/loading.tsx": {"path":"/Users/nilesh/Downloads/jktech/frontend/app/loading.tsx","statementMap":{"0":{"start":{"line":3,"column":24},"end":{"line":3,"column":null}},"1":{"start":{"line":1,"column":24},"end":{"line":1,"column":null}}},"fnMap":{"0":{"name":"Loading","decl":{"start":{"line":3,"column":24},"end":{"line":3,"column":null}},"loc":{"start":{"line":3,"column":24},"end":{"line":12,"column":null}}}},"branchMap":{},"s":{"0":4,"1":1},"f":{"0":4},"b":{}}
,"/Users/nilesh/Downloads/jktech/frontend/app/not-found.tsx": {"path":"/Users/nilesh/Downloads/jktech/frontend/app/not-found.tsx","statementMap":{"0":{"start":{"line":5,"column":24},"end":{"line":5,"column":null}},"1":{"start":{"line":1,"column":17},"end":{"line":1,"column":null}},"2":{"start":{"line":2,"column":23},"end":{"line":2,"column":null}},"3":{"start":{"line":3,"column":29},"end":{"line":3,"column":null}}},"fnMap":{"0":{"name":"NotFound","decl":{"start":{"line":5,"column":24},"end":{"line":5,"column":null}},"loc":{"start":{"line":5,"column":24},"end":{"line":21,"column":null}}}},"branchMap":{},"s":{"0":0,"1":1,"2":1,"3":1},"f":{"0":0},"b":{}}
,"/Users/nilesh/Downloads/jktech/frontend/app/page.tsx": {"path":"/Users/nilesh/Downloads/jktech/frontend/app/page.tsx","statementMap":{"0":{"start":{"line":5,"column":24},"end":{"line":5,"column":null}},"1":{"start":{"line":1,"column":17},"end":{"line":1,"column":null}},"2":{"start":{"line":2,"column":23},"end":{"line":2,"column":null}},"3":{"start":{"line":3,"column":52},"end":{"line":3,"column":null}}},"fnMap":{"0":{"name":"Home","decl":{"start":{"line":5,"column":24},"end":{"line":5,"column":null}},"loc":{"start":{"line":5,"column":24},"end":{"line":130,"column":null}}}},"branchMap":{},"s":{"0":5,"1":1,"2":1,"3":1},"f":{"0":5},"b":{}}
,"/Users/nilesh/Downloads/jktech/frontend/app/about/page.tsx": {"path":"/Users/nilesh/Downloads/jktech/frontend/app/about/page.tsx","statementMap":{"0":{"start":{"line":6,"column":24},"end":{"line":6,"column":null}},"1":{"start":{"line":1,"column":17},"end":{"line":1,"column":null}},"2":{"start":{"line":2,"column":23},"end":{"line":2,"column":null}},"3":{"start":{"line":3,"column":74},"end":{"line":3,"column":null}},"4":{"start":{"line":4,"column":57},"end":{"line":4,"column":null}}},"fnMap":{"0":{"name":"AboutPage","decl":{"start":{"line":6,"column":24},"end":{"line":6,"column":null}},"loc":{"start":{"line":6,"column":24},"end":{"line":112,"column":null}}}},"branchMap":{},"s":{"0":4,"1":1,"2":1,"3":1,"4":1},"f":{"0":4},"b":{}}
,"/Users/nilesh/Downloads/jktech/frontend/app/admin/loading.tsx": {"path":"/Users/nilesh/Downloads/jktech/frontend/app/admin/loading.tsx","statementMap":{"0":{"start":{"line":1,"column":24},"end":{"line":1,"column":null}},"1":{"start":{"line":2,"column":2},"end":{"line":2,"column":null}}},"fnMap":{"0":{"name":"Loading","decl":{"start":{"line":1,"column":24},"end":{"line":1,"column":null}},"loc":{"start":{"line":1,"column":24},"end":{"line":3,"column":null}}}},"branchMap":{},"s":{"0":0,"1":0},"f":{"0":0},"b":{}}
,"/Users/nilesh/Downloads/jktech/frontend/app/admin/page.tsx": {"path":"/Users/nilesh/Downloads/jktech/frontend/app/admin/page.tsx","statementMap":{"0":{"start":{"line":20,"column":24},"end":{"line":20,"column":null}},"1":{"start":{"line":3,"column":36},"end":{"line":3,"column":null}},"2":{"start":{"line":4,"column":17},"end":{"line":4,"column":null}},"3":{"start":{"line":5,"column":43},"end":{"line":5,"column":null}},"4":{"start":{"line":6,"column":23},"end":{"line":6,"column":null}},"5":{"start":{"line":7,"column":57},"end":{"line":7,"column":null}},"6":{"start":{"line":8,"column":25},"end":{"line":8,"column":null}},"7":{"start":{"line":9,"column":57},"end":{"line":9,"column":null}},"8":{"start":{"line":10,"column":25},"end":{"line":10,"column":null}},"9":{"start":{"line":11,"column":24},"end":{"line":11,"column":null}},"10":{"start":{"line":12,"column":28},"end":{"line":12,"column":null}},"11":{"start":{"line":13,"column":32},"end":{"line":13,"column":null}},"12":{"start":{"line":14,"column":33},"end":{"line":14,"column":null}},"13":{"start":{"line":15,"column":22},"end":{"line":15,"column":null}},"14":{"start":{"line":16,"column":26},"end":{"line":16,"column":null}},"15":{"start":{"line":17,"column":27},"end":{"line":17,"column":null}},"16":{"start":{"line":18,"column":42},"end":{"line":18,"column":null}},"17":{"start":{"line":21,"column":19},"end":{"line":21,"column":null}},"18":{"start":{"line":22,"column":17},"end":{"line":22,"column":null}},"19":{"start":{"line":23,"column":23},"end":{"line":23,"column":null}},"20":{"start":{"line":24,"column":20},"end":{"line":24,"column":null}},"21":{"start":{"line":26,"column":36},"end":{"line":26,"column":null}},"22":{"start":{"line":27,"column":28},"end":{"line":31,"column":null}},"23":{"start":{"line":34,"column":20},"end":{"line":34,"column":null}},"24":{"start":{"line":36,"column":2},"end":{"line":49,"column":null}},"25":{"start":{"line":38,"column":4},"end":{"line":46,"column":null}},"26":{"start":{"line":39,"column":6},"end":{"line":43,"column":null}},"27":{"start":{"line":44,"column":6},"end":{"line":44,"column":null}},"28":{"start":{"line":45,"column":6},"end":{"line":45,"column":null}},"29":{"start":{"line":48,"column":4},"end":{"line":48,"column":null}},"30":{"start":{"line":51,"column":21},"end":{"line":73,"column":null}},"31":{"start":{"line":52,"column":4},"end":{"line":72,"column":null}},"32":{"start":{"line":53,"column":6},"end":{"line":53,"column":null}},"33":{"start":{"line":57,"column":8},"end":{"line":61,"column":null}},"34":{"start":{"line":63,"column":6},"end":{"line":67,"column":null}},"35":{"start":{"line":69,"column":6},"end":{"line":69,"column":null}},"36":{"start":{"line":71,"column":6},"end":{"line":71,"column":null}},"37":{"start":{"line":75,"column":26},"end":{"line":79,"column":null}},"38":{"start":{"line":76,"column":19},"end":{"line":76,"column":null}},"39":{"start":{"line":77,"column":4},"end":{"line":77,"column":null}},"40":{"start":{"line":78,"column":4},"end":{"line":78,"column":null}},"41":{"start":{"line":81,"column":2},"end":{"line":95,"column":null}},"42":{"start":{"line":111,"column":12},"end":{"line":111,"column":null}}},"fnMap":{"0":{"name":"AdminPage","decl":{"start":{"line":20,"column":24},"end":{"line":20,"column":null}},"loc":{"start":{"line":20,"column":24},"end":{"line":197,"column":null}}},"1":{"name":"(anonymous_3)","decl":{"start":{"line":36,"column":12},"end":{"line":36,"column":null}},"loc":{"start":{"line":36,"column":12},"end":{"line":49,"column":5}}},"2":{"name":"(anonymous_4)","decl":{"start":{"line":51,"column":21},"end":{"line":51,"column":null}},"loc":{"start":{"line":51,"column":21},"end":{"line":73,"column":null}}},"3":{"name":"(anonymous_5)","decl":{"start":{"line":75,"column":26},"end":{"line":75,"column":27}},"loc":{"start":{"line":75,"column":27},"end":{"line":79,"column":null}}},"4":{"name":"(anonymous_6)","decl":{"start":{"line":110,"column":41},"end":{"line":110,"column":42}},"loc":{"start":{"line":111,"column":12},"end":{"line":111,"column":null}}}},"branchMap":{"0":{"loc":{"start":{"line":34,"column":20},"end":{"line":34,"column":null}},"type":"binary-expr","locations":[{"start":{"line":34,"column":20},"end":{"line":34,"column":47}},{"start":{"line":34,"column":47},"end":{"line":34,"column":null}}]},"1":{"loc":{"start":{"line":38,"column":4},"end":{"line":46,"column":null}},"type":"if","locations":[{"start":{"line":38,"column":4},"end":{"line":46,"column":null}}]},"2":{"loc":{"start":{"line":38,"column":8},"end":{"line":38,"column":39}},"type":"binary-expr","locations":[{"start":{"line":38,"column":8},"end":{"line":38,"column":16}},{"start":{"line":38,"column":16},"end":{"line":38,"column":39}}]},"3":{"loc":{"start":{"line":81,"column":2},"end":{"line":95,"column":null}},"type":"if","locations":[{"start":{"line":81,"column":2},"end":{"line":95,"column":null}}]},"4":{"loc":{"start":{"line":81,"column":6},"end":{"line":81,"column":37}},"type":"binary-expr","locations":[{"start":{"line":81,"column":6},"end":{"line":81,"column":14}},{"start":{"line":81,"column":14},"end":{"line":81,"column":37}}]},"5":{"loc":{"start":{"line":109,"column":8},"end":{"line":122,"column":9}},"type":"cond-expr","locations":[{"start":{"line":109,"column":8},"end":{"line":122,"column":9}}]}},"s":{"0":8,"1":1,"2":1,"3":1,"4":1,"5":1,"6":1,"7":1,"8":1,"9":1,"10":1,"11":1,"12":1,"13":1,"14":1,"15":1,"16":1,"17":14,"18":14,"19":14,"20":14,"21":14,"22":14,"23":14,"24":14,"25":8,"26":1,"27":1,"28":1,"29":7,"30":14,"31":7,"32":7,"33":7,"34":6,"35":0,"36":6,"37":14,"38":6,"39":6,"40":6,"41":14,"42":21},"f":{"0":14,"1":8,"2":7,"3":6,"4":21},"b":{"0":[14,6],"1":[1],"2":[8,8],"3":[1],"4":[14,14],"5":[7]}}
,"/Users/nilesh/Downloads/jktech/frontend/app/auth/login/page.tsx": {"path":"/Users/nilesh/Downloads/jktech/frontend/app/auth/login/page.tsx","statementMap":{"0":{"start":{"line":23,"column":24},"end":{"line":23,"column":null}},"1":{"start":{"line":3,"column":25},"end":{"line":3,"column":null}},"2":{"start":{"line":4,"column":17},"end":{"line":4,"column":null}},"3":{"start":{"line":5,"column":26},"end":{"line":5,"column":null}},"4":{"start":{"line":6,"column":24},"end":{"line":6,"column":null}},"5":{"start":{"line":7,"column":28},"end":{"line":7,"column":null}},"6":{"start":{"line":8,"column":19},"end":{"line":8,"column":null}},"7":{"start":{"line":9,"column":23},"end":{"line":9,"column":null}},"8":{"start":{"line":10,"column":79},"end":{"line":10,"column":null}},"9":{"start":{"line":11,"column":22},"end":{"line":11,"column":null}},"10":{"start":{"line":12,"column":25},"end":{"line":12,"column":null}},"11":{"start":{"line":13,"column":24},"end":{"line":13,"column":null}},"12":{"start":{"line":14,"column":24},"end":{"line":14,"column":null}},"13":{"start":{"line":16,"column":19},"end":{"line":19,"column":null}},"14":{"start":{"line":24,"column":20},"end":{"line":24,"column":null}},"15":{"start":{"line":25,"column":17},"end":{"line":25,"column":null}},"16":{"start":{"line":26,"column":20},"end":{"line":26,"column":null}},"17":{"start":{"line":27,"column":36},"end":{"line":27,"column":null}},"18":{"start":{"line":29,"column":15},"end":{"line":35,"column":null}},"19":{"start":{"line":37,"column":19},"end":{"line":48,"column":null}},"20":{"start":{"line":38,"column":4},"end":{"line":47,"column":null}},"21":{"start":{"line":39,"column":6},"end":{"line":39,"column":null}},"22":{"start":{"line":40,"column":6},"end":{"line":40,"column":null}},"23":{"start":{"line":43,"column":6},"end":{"line":43,"column":null}},"24":{"start":{"line":46,"column":6},"end":{"line":46,"column":null}}},"fnMap":{"0":{"name":"LoginPage","decl":{"start":{"line":23,"column":24},"end":{"line":23,"column":null}},"loc":{"start":{"line":23,"column":24},"end":{"line":154,"column":null}}},"1":{"name":"(anonymous_6)","decl":{"start":{"line":37,"column":19},"end":{"line":37,"column":26}},"loc":{"start":{"line":37,"column":26},"end":{"line":48,"column":null}}}},"branchMap":{"0":{"loc":{"start":{"line":101,"column":15},"end":{"line":107,"column":null}},"type":"cond-expr","locations":[{"start":{"line":102,"column":16},"end":{"line":107,"column":null}},{"start":{"line":107,"column":16},"end":{"line":107,"column":null}}]}},"s":{"0":3,"1":1,"2":1,"3":1,"4":1,"5":1,"6":1,"7":1,"8":1,"9":1,"10":1,"11":1,"12":1,"13":1,"14":6,"15":6,"16":6,"17":6,"18":6,"19":6,"20":2,"21":2,"22":2,"23":0,"24":1},"f":{"0":6,"1":2},"b":{"0":[2,4]}}
,"/Users/nilesh/Downloads/jktech/frontend/app/auth/register/page.tsx": {"path":"/Users/nilesh/Downloads/jktech/frontend/app/auth/register/page.tsx","statementMap":{"0":{"start":{"line":31,"column":24},"end":{"line":31,"column":null}},"1":{"start":{"line":3,"column":25},"end":{"line":3,"column":null}},"2":{"start":{"line":4,"column":17},"end":{"line":4,"column":null}},"3":{"start":{"line":5,"column":26},"end":{"line":5,"column":null}},"4":{"start":{"line":6,"column":24},"end":{"line":6,"column":null}},"5":{"start":{"line":7,"column":28},"end":{"line":7,"column":null}},"6":{"start":{"line":8,"column":19},"end":{"line":8,"column":null}},"7":{"start":{"line":9,"column":23},"end":{"line":9,"column":null}},"8":{"start":{"line":10,"column":79},"end":{"line":10,"column":null}},"9":{"start":{"line":11,"column":22},"end":{"line":11,"column":null}},"10":{"start":{"line":12,"column":25},"end":{"line":12,"column":null}},"11":{"start":{"line":13,"column":24},"end":{"line":13,"column":null}},"12":{"start":{"line":14,"column":24},"end":{"line":14,"column":null}},"13":{"start":{"line":16,"column":19},"end":{"line":27,"column":null}},"14":{"start":{"line":24,"column":20},"end":{"line":24,"column":58}},"15":{"start":{"line":32,"column":23},"end":{"line":32,"column":null}},"16":{"start":{"line":33,"column":17},"end":{"line":33,"column":null}},"17":{"start":{"line":34,"column":20},"end":{"line":34,"column":null}},"18":{"start":{"line":35,"column":36},"end":{"line":35,"column":null}},"19":{"start":{"line":37,"column":15},"end":{"line":46,"column":null}},"20":{"start":{"line":48,"column":19},"end":{"line":60,"column":null}},"21":{"start":{"line":49,"column":4},"end":{"line":59,"column":null}},"22":{"start":{"line":50,"column":6},"end":{"line":50,"column":null}},"23":{"start":{"line":51,"column":47},"end":{"line":51,"column":null}},"24":{"start":{"line":52,"column":6},"end":{"line":52,"column":null}},"25":{"start":{"line":55,"column":6},"end":{"line":55,"column":null}},"26":{"start":{"line":58,"column":6},"end":{"line":58,"column":null}}},"fnMap":{"0":{"name":"(anonymous_5)","decl":{"start":{"line":24,"column":10},"end":{"line":24,"column":11}},"loc":{"start":{"line":24,"column":20},"end":{"line":24,"column":58}}},"1":{"name":"RegisterPage","decl":{"start":{"line":31,"column":24},"end":{"line":31,"column":null}},"loc":{"start":{"line":31,"column":24},"end":{"line":186,"column":null}}},"2":{"name":"(anonymous_7)","decl":{"start":{"line":48,"column":19},"end":{"line":48,"column":26}},"loc":{"start":{"line":48,"column":26},"end":{"line":60,"column":null}}}},"branchMap":{"0":{"loc":{"start":{"line":163,"column":15},"end":{"line":169,"column":null}},"type":"cond-expr","locations":[{"start":{"line":164,"column":16},"end":{"line":169,"column":null}},{"start":{"line":169,"column":16},"end":{"line":169,"column":null}}]}},"s":{"0":4,"1":1,"2":1,"3":1,"4":1,"5":1,"6":1,"7":1,"8":1,"9":1,"10":1,"11":1,"12":1,"13":1,"14":3,"15":31,"16":31,"17":31,"18":31,"19":31,"20":31,"21":1,"22":1,"23":1,"24":1,"25":0,"26":1},"f":{"0":3,"1":31,"2":1},"b":{"0":[0,31]}}
,"/Users/nilesh/Downloads/jktech/frontend/app/documents/loading.tsx": {"path":"/Users/nilesh/Downloads/jktech/frontend/app/documents/loading.tsx","statementMap":{"0":{"start":{"line":1,"column":24},"end":{"line":1,"column":null}},"1":{"start":{"line":2,"column":2},"end":{"line":2,"column":null}}},"fnMap":{"0":{"name":"Loading","decl":{"start":{"line":1,"column":24},"end":{"line":1,"column":null}},"loc":{"start":{"line":1,"column":24},"end":{"line":3,"column":null}}}},"branchMap":{},"s":{"0":0,"1":0},"f":{"0":0},"b":{}}
,"/Users/nilesh/Downloads/jktech/frontend/app/documents/page.tsx": {"path":"/Users/nilesh/Downloads/jktech/frontend/app/documents/page.tsx","statementMap":{"0":{"start":{"line":23,"column":24},"end":{"line":23,"column":null}},"1":{"start":{"line":3,"column":36},"end":{"line":3,"column":null}},"2":{"start":{"line":4,"column":43},"end":{"line":4,"column":null}},"3":{"start":{"line":5,"column":23},"end":{"line":5,"column":null}},"4":{"start":{"line":6,"column":22},"end":{"line":6,"column":null}},"5":{"start":{"line":13,"column":7},"end":{"line":13,"column":null}},"6":{"start":{"line":14,"column":25},"end":{"line":14,"column":null}},"7":{"start":{"line":15,"column":25},"end":{"line":15,"column":null}},"8":{"start":{"line":16,"column":24},"end":{"line":16,"column":null}},"9":{"start":{"line":17,"column":32},"end":{"line":17,"column":null}},"10":{"start":{"line":18,"column":25},"end":{"line":18,"column":null}},"11":{"start":{"line":19,"column":33},"end":{"line":19,"column":null}},"12":{"start":{"line":20,"column":23},"end":{"line":20,"column":null}},"13":{"start":{"line":21,"column":41},"end":{"line":21,"column":null}},"14":{"start":{"line":24,"column":19},"end":{"line":24,"column":null}},"15":{"start":{"line":25,"column":17},"end":{"line":25,"column":null}},"16":{"start":{"line":26,"column":23},"end":{"line":26,"column":null}},"17":{"start":{"line":27,"column":20},"end":{"line":27,"column":null}},"18":{"start":{"line":29,"column":36},"end":{"line":29,"column":null}},"19":{"start":{"line":30,"column":38},"end":{"line":35,"column":null}},"20":{"start":{"line":36,"column":36},"end":{"line":36,"column":null}},"21":{"start":{"line":37,"column":38},"end":{"line":38,"column":null}},"22":{"start":{"line":40,"column":42},"end":{"line":40,"column":null}},"23":{"start":{"line":41,"column":44},"end":{"line":41,"column":null}},"24":{"start":{"line":44,"column":15},"end":{"line":44,"column":null}},"25":{"start":{"line":45,"column":17},"end":{"line":45,"column":null}},"26":{"start":{"line":46,"column":15},"end":{"line":46,"column":null}},"27":{"start":{"line":48,"column":2},"end":{"line":56,"column":null}},"28":{"start":{"line":50,"column":4},"end":{"line":50,"column":null}},"29":{"start":{"line":51,"column":4},"end":{"line":53,"column":null}},"30":{"start":{"line":52,"column":6},"end":{"line":52,"column":null}},"31":{"start":{"line":55,"column":4},"end":{"line":55,"column":null}},"32":{"start":{"line":58,"column":25},"end":{"line":87,"column":null}},"33":{"start":{"line":59,"column":4},"end":{"line":86,"column":null}},"34":{"start":{"line":60,"column":6},"end":{"line":60,"column":null}},"35":{"start":{"line":62,"column":23},"end":{"line":68,"column":null}},"36":{"start":{"line":70,"column":6},"end":{"line":70,"column":null}},"37":{"start":{"line":71,"column":6},"end":{"line":71,"column":null}},"38":{"start":{"line":74,"column":22},"end":{"line":74,"column":null}},"39":{"start":{"line":74,"column":58},"end":{"line":74,"column":66}},"40":{"start":{"line":75,"column":25},"end":{"line":75,"column":null}},"41":{"start":{"line":76,"column":6},"end":{"line":76,"column":null}},"42":{"start":{"line":78,"column":6},"end":{"line":78,"column":null}},"43":{"start":{"line":79,"column":6},"end":{"line":83,"column":null}},"44":{"start":{"line":85,"column":6},"end":{"line":85,"column":null}},"45":{"start":{"line":89,"column":23},"end":{"line":102,"column":null}},"46":{"start":{"line":90,"column":19},"end":{"line":90,"column":null}},"47":{"start":{"line":91,"column":4},"end":{"line":91,"column":29}},"48":{"start":{"line":93,"column":4},"end":{"line":95,"column":null}},"49":{"start":{"line":94,"column":6},"end":{"line":94,"column":null}},"50":{"start":{"line":97,"column":4},"end":{"line":99,"column":null}},"51":{"start":{"line":98,"column":6},"end":{"line":98,"column":null}},"52":{"start":{"line":101,"column":4},"end":{"line":101,"column":null}},"53":{"start":{"line":104,"column":28},"end":{"line":108,"column":null}},"54":{"start":{"line":105,"column":4},"end":{"line":105,"column":null}},"55":{"start":{"line":106,"column":4},"end":{"line":106,"column":null}},"56":{"start":{"line":107,"column":4},"end":{"line":107,"column":null}},"57":{"start":{"line":110,"column":26},"end":{"line":120,"column":null}},"58":{"start":{"line":111,"column":4},"end":{"line":119,"column":null}},"59":{"start":{"line":112,"column":22},"end":{"line":112,"column":null}},"60":{"start":{"line":113,"column":6},"end":{"line":113,"column":null}},"61":{"start":{"line":115,"column":21},"end":{"line":115,"column":null}},"62":{"start":{"line":116,"column":6},"end":{"line":116,"column":null}},"63":{"start":{"line":117,"column":6},"end":{"line":117,"column":31}},"64":{"start":{"line":118,"column":6},"end":{"line":118,"column":null}},"65":{"start":{"line":122,"column":26},"end":{"line":136,"column":null}},"66":{"start":{"line":123,"column":20},"end":{"line":123,"column":null}},"67":{"start":{"line":123,"column":47},"end":{"line":123,"column":null}},"68":{"start":{"line":124,"column":4},"end":{"line":124,"column":null}},"69":{"start":{"line":126,"column":19},"end":{"line":126,"column":null}},"70":{"start":{"line":128,"column":4},"end":{"line":132,"column":null}},"71":{"start":{"line":129,"column":6},"end":{"line":129,"column":null}},"72":{"start":{"line":131,"column":6},"end":{"line":131,"column":null}},"73":{"start":{"line":134,"column":4},"end":{"line":134,"column":29}},"74":{"start":{"line":135,"column":4},"end":{"line":135,"column":null}},"75":{"start":{"line":138,"column":27},"end":{"line":142,"column":null}},"76":{"start":{"line":139,"column":19},"end":{"line":139,"column":null}},"77":{"start":{"line":140,"column":4},"end":{"line":140,"column":null}},"78":{"start":{"line":141,"column":4},"end":{"line":141,"column":null}},"79":{"start":{"line":165,"column":31},"end":{"line":165,"column":null}},"80":{"start":{"line":166,"column":32},"end":{"line":166,"column":null}},"81":{"start":{"line":176,"column":18},"end":{"line":176,"column":40}},"82":{"start":{"line":196,"column":14},"end":{"line":197,"column":null}},"83":{"start":{"line":203,"column":33},"end":{"line":203,"column":null}},"84":{"start":{"line":217,"column":12},"end":{"line":217,"column":25}},"85":{"start":{"line":232,"column":14},"end":{"line":233,"column":null}}},"fnMap":{"0":{"name":"DocumentsPage","decl":{"start":{"line":23,"column":24},"end":{"line":23,"column":null}},"loc":{"start":{"line":23,"column":24},"end":{"line":266,"column":null}}},"1":{"name":"(anonymous_3)","decl":{"start":{"line":48,"column":12},"end":{"line":48,"column":null}},"loc":{"start":{"line":48,"column":12},"end":{"line":56,"column":5}}},"2":{"name":"(anonymous_4)","decl":{"start":{"line":58,"column":25},"end":{"line":58,"column":null}},"loc":{"start":{"line":58,"column":25},"end":{"line":87,"column":null}}},"3":{"name":"(anonymous_5)","decl":{"start":{"line":74,"column":49},"end":{"line":74,"column":50}},"loc":{"start":{"line":74,"column":58},"end":{"line":74,"column":66}}},"4":{"name":"(anonymous_6)","decl":{"start":{"line":89,"column":23},"end":{"line":89,"column":null}},"loc":{"start":{"line":89,"column":23},"end":{"line":102,"column":null}}},"5":{"name":"(anonymous_7)","decl":{"start":{"line":104,"column":28},"end":{"line":104,"column":null}},"loc":{"start":{"line":104,"column":28},"end":{"line":108,"column":null}}},"6":{"name":"(anonymous_8)","decl":{"start":{"line":110,"column":26},"end":{"line":110,"column":27}},"loc":{"start":{"line":110,"column":27},"end":{"line":120,"column":null}}},"7":{"name":"(anonymous_9)","decl":{"start":{"line":122,"column":26},"end":{"line":122,"column":27}},"loc":{"start":{"line":122,"column":27},"end":{"line":136,"column":null}}},"8":{"name":"(anonymous_10)","decl":{"start":{"line":123,"column":40},"end":{"line":123,"column":41}},"loc":{"start":{"line":123,"column":47},"end":{"line":123,"column":null}}},"9":{"name":"(anonymous_11)","decl":{"start":{"line":138,"column":27},"end":{"line":138,"column":28}},"loc":{"start":{"line":138,"column":28},"end":{"line":142,"column":null}}},"10":{"name":"(anonymous_12)","decl":{"start":{"line":165,"column":24},"end":{"line":165,"column":25}},"loc":{"start":{"line":165,"column":31},"end":{"line":165,"column":null}}},"11":{"name":"(anonymous_13)","decl":{"start":{"line":166,"column":25},"end":{"line":166,"column":26}},"loc":{"start":{"line":166,"column":32},"end":{"line":166,"column":null}}},"12":{"name":"(anonymous_14)","decl":{"start":{"line":175,"column":35},"end":{"line":175,"column":36}},"loc":{"start":{"line":176,"column":18},"end":{"line":176,"column":40}}},"13":{"name":"(anonymous_15)","decl":{"start":{"line":195,"column":30},"end":{"line":195,"column":31}},"loc":{"start":{"line":196,"column":14},"end":{"line":197,"column":null}}},"14":{"name":"(anonymous_16)","decl":{"start":{"line":203,"column":27},"end":{"line":203,"column":33}},"loc":{"start":{"line":203,"column":33},"end":{"line":203,"column":null}}},"15":{"name":"(anonymous_17)","decl":{"start":{"line":216,"column":41},"end":{"line":216,"column":42}},"loc":{"start":{"line":217,"column":12},"end":{"line":217,"column":25}}},"16":{"name":"(anonymous_18)","decl":{"start":{"line":231,"column":27},"end":{"line":231,"column":28}},"loc":{"start":{"line":232,"column":14},"end":{"line":233,"column":null}}}},"branchMap":{"0":{"loc":{"start":{"line":38,"column":4},"end":{"line":38,"column":null}},"type":"binary-expr","locations":[{"start":{"line":38,"column":4},"end":{"line":38,"column":34}},{"start":{"line":38,"column":34},"end":{"line":38,"column":null}}]},"1":{"loc":{"start":{"line":44,"column":22},"end":{"line":44,"column":null}},"type":"binary-expr","locations":[{"start":{"line":44,"column":22},"end":{"line":44,"column":50}},{"start":{"line":44,"column":50},"end":{"line":44,"column":null}}]},"2":{"loc":{"start":{"line":45,"column":17},"end":{"line":45,"column":null}},"type":"binary-expr","locations":[{"start":{"line":45,"column":17},"end":{"line":45,"column":47}},{"start":{"line":45,"column":47},"end":{"line":45,"column":null}}]},"3":{"loc":{"start":{"line":46,"column":15},"end":{"line":46,"column":null}},"type":"binary-expr","locations":[{"start":{"line":46,"column":15},"end":{"line":46,"column":43}},{"start":{"line":46,"column":43},"end":{"line":46,"column":null}}]},"4":{"loc":{"start":{"line":51,"column":4},"end":{"line":53,"column":null}},"type":"if","locations":[{"start":{"line":51,"column":4},"end":{"line":53,"column":null}}]},"5":{"loc":{"start":{"line":82,"column":21},"end":{"line":82,"column":null}},"type":"binary-expr","locations":[{"start":{"line":82,"column":21},"end":{"line":82,"column":34}},{"start":{"line":82,"column":38},"end":{"line":82,"column":null}}]},"6":{"loc":{"start":{"line":93,"column":4},"end":{"line":95,"column":null}},"type":"if","locations":[{"start":{"line":93,"column":4},"end":{"line":95,"column":null}}]},"7":{"loc":{"start":{"line":97,"column":4},"end":{"line":99,"column":null}},"type":"if","locations":[{"start":{"line":97,"column":4},"end":{"line":99,"column":null}}]},"8":{"loc":{"start":{"line":111,"column":4},"end":{"line":119,"column":null}},"type":"if","locations":[{"start":{"line":111,"column":4},"end":{"line":119,"column":null}}]},"9":{"loc":{"start":{"line":128,"column":4},"end":{"line":132,"column":null}},"type":"if","locations":[{"start":{"line":128,"column":4},"end":{"line":132,"column":null}},{"start":{"line":130,"column":11},"end":{"line":132,"column":null}}]},"10":{"loc":{"start":{"line":166,"column":32},"end":{"line":166,"column":null}},"type":"binary-expr","locations":[{"start":{"line":166,"column":32},"end":{"line":166,"column":53}},{"start":{"line":166,"column":53},"end":{"line":166,"column":null}}]},"11":{"loc":{"start":{"line":186,"column":12},"end":{"line":186,"column":26}},"type":"binary-expr","locations":[{"start":{"line":186,"column":12},"end":{"line":186,"column":26}},{"start":{"line":186,"column":26},"end":{"line":186,"column":null}}]},"12":{"loc":{"start":{"line":193,"column":9},"end":{"line":193,"column":null}},"type":"binary-expr","locations":[{"start":{"line":193,"column":9},"end":{"line":193,"column":null}}]},"13":{"loc":{"start":{"line":215,"column":8},"end":{"line":228,"column":20}},"type":"cond-expr","locations":[{"start":{"line":215,"column":8},"end":{"line":228,"column":20}}]},"14":{"loc":{"start":{"line":229,"column":8},"end":{"line":251,"column":9}},"type":"cond-expr","locations":[{"start":{"line":229,"column":8},"end":{"line":251,"column":9}}]},"15":{"loc":{"start":{"line":240,"column":11},"end":{"line":240,"column":null}},"type":"binary-expr","locations":[{"start":{"line":240,"column":11},"end":{"line":240,"column":null}}]},"16":{"loc":{"start":{"line":257,"column":13},"end":{"line":259,"column":null}},"type":"cond-expr","locations":[{"start":{"line":258,"column":16},"end":{"line":258,"column":null}},{"start":{"line":259,"column":16},"end":{"line":259,"column":null}}]},"17":{"loc":{"start":{"line":257,"column":13},"end":{"line":257,"column":null}},"type":"binary-expr","locations":[{"start":{"line":257,"column":13},"end":{"line":257,"column":23}},{"start":{"line":257,"column":23},"end":{"line":257,"column":null}}]},"18":{"loc":{"start":{"line":261,"column":11},"end":{"line":261,"column":null}},"type":"binary-expr","locations":[{"start":{"line":261,"column":11},"end":{"line":261,"column":32}},{"start":{"line":261,"column":32},"end":{"line":261,"column":null}}]},"19":{"loc":{"start":{"line":261,"column":13},"end":{"line":261,"column":26}},"type":"binary-expr","locations":[{"start":{"line":261,"column":13},"end":{"line":261,"column":23}},{"start":{"line":261,"column":23},"end":{"line":261,"column":26}}]}},"s":{"0":13,"1":1,"2":1,"3":1,"4":1,"5":1,"6":1,"7":1,"8":1,"9":1,"10":1,"11":1,"12":1,"13":1,"14":26,"15":26,"16":26,"17":26,"18":26,"19":26,"20":26,"21":26,"22":26,"23":26,"24":26,"25":26,"26":26,"27":26,"28":13,"29":13,"30":2,"31":13,"32":26,"33":14,"34":14,"35":14,"36":12,"37":12,"38":12,"39":6,"40":12,"41":12,"42":1,"43":1,"44":13,"45":26,"46":1,"47":1,"48":1,"49":1,"50":1,"51":0,"52":1,"53":26,"54":1,"55":1,"56":1,"57":26,"58":0,"59":0,"60":0,"61":0,"62":0,"63":0,"64":0,"65":26,"66":0,"67":0,"68":0,"69":0,"70":0,"71":0,"72":0,"73":0,"74":0,"75":26,"76":3,"77":3,"78":3,"79":1,"80":0,"81":0,"82":8,"83":0,"84":96,"85":7},"f":{"0":26,"1":13,"2":14,"3":6,"4":1,"5":1,"6":0,"7":0,"8":0,"9":3,"10":1,"11":0,"12":0,"13":8,"14":0,"15":96,"16":7},"b":{"0":[26,16],"1":[26,0],"2":[26,16],"3":[26,20],"4":[2],"5":[1,0],"6":[1],"7":[0],"8":[0],"9":[0,0],"10":[0,0],"11":[26,16],"12":[26],"13":[16],"14":[6],"15":[6],"16":[1,3],"17":[4,4],"18":[4,3],"19":[4,4]}}
,"/Users/nilesh/Downloads/jktech/frontend/app/documents/[id]/loading.tsx": {"path":"/Users/nilesh/Downloads/jktech/frontend/app/documents/[id]/loading.tsx","statementMap":{"0":{"start":{"line":1,"column":24},"end":{"line":1,"column":null}},"1":{"start":{"line":2,"column":2},"end":{"line":2,"column":null}}},"fnMap":{"0":{"name":"Loading","decl":{"start":{"line":1,"column":24},"end":{"line":1,"column":null}},"loc":{"start":{"line":1,"column":24},"end":{"line":3,"column":null}}}},"branchMap":{},"s":{"0":0,"1":0},"f":{"0":0},"b":{}}
,"/Users/nilesh/Downloads/jktech/frontend/app/documents/[id]/page.tsx": {"path":"/Users/nilesh/Downloads/jktech/frontend/app/documents/[id]/page.tsx","statementMap":{"0":{"start":{"line":32,"column":24},"end":{"line":32,"column":null}},"1":{"start":{"line":3,"column":49},"end":{"line":3,"column":null}},"2":{"start":{"line":4,"column":17},"end":{"line":4,"column":null}},"3":{"start":{"line":5,"column":37},"end":{"line":5,"column":null}},"4":{"start":{"line":6,"column":44},"end":{"line":6,"column":null}},"5":{"start":{"line":7,"column":23},"end":{"line":7,"column":null}},"6":{"start":{"line":8,"column":57},"end":{"line":8,"column":null}},"7":{"start":{"line":9,"column":25},"end":{"line":9,"column":null}},"8":{"start":{"line":10,"column":57},"end":{"line":10,"column":null}},"9":{"start":{"line":11,"column":25},"end":{"line":11,"column":null}},"10":{"start":{"line":12,"column":24},"end":{"line":12,"column":null}},"11":{"start":{"line":13,"column":32},"end":{"line":13,"column":null}},"12":{"start":{"line":14,"column":28},"end":{"line":14,"column":null}},"13":{"start":{"line":15,"column":34},"end":{"line":15,"column":null}},"14":{"start":{"line":16,"column":26},"end":{"line":16,"column":null}},"15":{"start":{"line":30,"column":7},"end":{"line":30,"column":null}},"16":{"start":{"line":33,"column":19},"end":{"line":33,"column":null}},"17":{"start":{"line":34,"column":17},"end":{"line":34,"column":null}},"18":{"start":{"line":35,"column":17},"end":{"line":35,"column":null}},"19":{"start":{"line":36,"column":20},"end":{"line":36,"column":null}},"20":{"start":{"line":38,"column":42},"end":{"line":38,"column":null}},"21":{"start":{"line":39,"column":44},"end":{"line":39,"column":null}},"22":{"start":{"line":40,"column":34},"end":{"line":40,"column":null}},"23":{"start":{"line":41,"column":36},"end":{"line":41,"column":null}},"24":{"start":{"line":42,"column":38},"end":{"line":42,"column":null}},"25":{"start":{"line":43,"column":38},"end":{"line":43,"column":null}},"26":{"start":{"line":44,"column":44},"end":{"line":44,"column":null}},"27":{"start":{"line":46,"column":2},"end":{"line":70,"column":null}},"28":{"start":{"line":47,"column":4},"end":{"line":47,"column":null}},"29":{"start":{"line":47,"column":13},"end":{"line":47,"column":null}},"30":{"start":{"line":48,"column":5},"end":{"line":69,"column":null}},"31":{"start":{"line":49,"column":6},"end":{"line":49,"column":null}},"32":{"start":{"line":50,"column":6},"end":{"line":68,"column":null}},"33":{"start":{"line":51,"column":56},"end":{"line":54,"column":null}},"34":{"start":{"line":55,"column":8},"end":{"line":55,"column":null}},"35":{"start":{"line":56,"column":8},"end":{"line":56,"column":null}},"36":{"start":{"line":57,"column":8},"end":{"line":57,"column":null}},"37":{"start":{"line":60,"column":8},"end":{"line":64,"column":null}},"38":{"start":{"line":65,"column":8},"end":{"line":65,"column":null}},"39":{"start":{"line":67,"column":8},"end":{"line":67,"column":null}},"40":{"start":{"line":72,"column":23},"end":{"line":92,"column":null}},"41":{"start":{"line":73,"column":4},"end":{"line":73,"column":null}},"42":{"start":{"line":73,"column":68},"end":{"line":73,"column":null}},"43":{"start":{"line":74,"column":4},"end":{"line":74,"column":null}},"44":{"start":{"line":75,"column":4},"end":{"line":91,"column":null}},"45":{"start":{"line":76,"column":6},"end":{"line":76,"column":null}},"46":{"start":{"line":77,"column":6},"end":{"line":80,"column":null}},"47":{"start":{"line":81,"column":6},"end":{"line":81,"column":null}},"48":{"start":{"line":84,"column":6},"end":{"line":88,"column":null}},"49":{"start":{"line":90,"column":6},"end":{"line":90,"column":null}},"50":{"start":{"line":94,"column":30},"end":{"line":112,"column":null}},"51":{"start":{"line":95,"column":4},"end":{"line":95,"column":null}},"52":{"start":{"line":96,"column":4},"end":{"line":111,"column":null}},"53":{"start":{"line":97,"column":6},"end":{"line":97,"column":null}},"54":{"start":{"line":98,"column":6},"end":{"line":101,"column":null}},"55":{"start":{"line":104,"column":6},"end":{"line":108,"column":null}},"56":{"start":{"line":110,"column":6},"end":{"line":110,"column":null}},"57":{"start":{"line":114,"column":38},"end":{"line":142,"column":null}},"58":{"start":{"line":115,"column":4},"end":{"line":115,"column":null}},"59":{"start":{"line":116,"column":4},"end":{"line":141,"column":null}},"60":{"start":{"line":117,"column":19},"end":{"line":117,"column":null}},"61":{"start":{"line":118,"column":18},"end":{"line":118,"column":null}},"62":{"start":{"line":119,"column":16},"end":{"line":119,"column":null}},"63":{"start":{"line":120,"column":6},"end":{"line":120,"column":null}},"64":{"start":{"line":121,"column":6},"end":{"line":121,"column":null}},"65":{"start":{"line":122,"column":6},"end":{"line":122,"column":null}},"66":{"start":{"line":123,"column":6},"end":{"line":123,"column":null}},"67":{"start":{"line":124,"column":6},"end":{"line":124,"column":null}},"68":{"start":{"line":125,"column":6},"end":{"line":125,"column":null}},"69":{"start":{"line":126,"column":6},"end":{"line":126,"column":null}},"70":{"start":{"line":126,"column":38},"end":{"line":126,"column":null}},"71":{"start":{"line":128,"column":6},"end":{"line":131,"column":null}},"72":{"start":{"line":134,"column":6},"end":{"line":138,"column":null}},"73":{"start":{"line":140,"column":6},"end":{"line":140,"column":null}},"74":{"start":{"line":144,"column":32},"end":{"line":179,"column":null}},"75":{"start":{"line":146,"column":6},"end":{"line":146,"column":null}},"76":{"start":{"line":147,"column":6},"end":{"line":177,"column":null}},"77":{"start":{"line":148,"column":21},"end":{"line":150,"column":null}},"78":{"start":{"line":152,"column":20},"end":{"line":152,"column":null}},"79":{"start":{"line":153,"column":18},"end":{"line":153,"column":null}},"80":{"start":{"line":154,"column":8},"end":{"line":154,"column":null}},"81":{"start":{"line":155,"column":8},"end":{"line":155,"column":null}},"82":{"start":{"line":156,"column":8},"end":{"line":158,"column":null}},"83":{"start":{"line":159,"column":8},"end":{"line":159,"column":null}},"84":{"start":{"line":160,"column":8},"end":{"line":160,"column":null}},"85":{"start":{"line":161,"column":8},"end":{"line":161,"column":null}},"86":{"start":{"line":162,"column":8},"end":{"line":162,"column":null}},"87":{"start":{"line":162,"column":40},"end":{"line":162,"column":null}},"88":{"start":{"line":164,"column":8},"end":{"line":167,"column":null}},"89":{"start":{"line":170,"column":8},"end":{"line":174,"column":null}},"90":{"start":{"line":176,"column":8},"end":{"line":176,"column":null}},"91":{"start":{"line":183,"column":4},"end":{"line":188,"column":35}},"92":{"start":{"line":190,"column":2},"end":{"line":235,"column":null}},"93":{"start":{"line":237,"column":2},"end":{"line":257,"column":null}},"94":{"start":{"line":259,"column":19},"end":{"line":259,"column":null}},"95":{"start":{"line":362,"column":24},"end":{"line":362,"column":null}},"96":{"start":{"line":363,"column":24},"end":{"line":363,"column":null}},"97":{"start":{"line":372,"column":22},"end":{"line":373,"column":null}},"98":{"start":{"line":402,"column":32},"end":{"line":402,"column":null}},"99":{"start":{"line":499,"column":20},"end":{"line":500,"column":null}}},"fnMap":{"0":{"name":"DocumentPage","decl":{"start":{"line":32,"column":24},"end":{"line":32,"column":null}},"loc":{"start":{"line":32,"column":24},"end":{"line":566,"column":null}}},"1":{"name":"(anonymous_3)","decl":{"start":{"line":46,"column":12},"end":{"line":46,"column":null}},"loc":{"start":{"line":46,"column":12},"end":{"line":70,"column":5}}},"2":{"name":"(anonymous_4)","decl":{"start":{"line":48,"column":5},"end":{"line":48,"column":null}},"loc":{"start":{"line":48,"column":5},"end":{"line":69,"column":null}}},"3":{"name":"(anonymous_5)","decl":{"start":{"line":72,"column":23},"end":{"line":72,"column":null}},"loc":{"start":{"line":72,"column":23},"end":{"line":92,"column":null}}},"4":{"name":"(anonymous_6)","decl":{"start":{"line":94,"column":30},"end":{"line":94,"column":null}},"loc":{"start":{"line":94,"column":30},"end":{"line":112,"column":null}}},"5":{"name":"(anonymous_7)","decl":{"start":{"line":114,"column":50},"end":{"line":114,"column":null}},"loc":{"start":{"line":114,"column":50},"end":{"line":142,"column":5}}},"6":{"name":"(anonymous_8)","decl":{"start":{"line":145,"column":4},"end":{"line":145,"column":11}},"loc":{"start":{"line":145,"column":11},"end":{"line":178,"column":null}}},"7":{"name":"(anonymous_9)","decl":{"start":{"line":360,"column":33},"end":{"line":360,"column":null}},"loc":{"start":{"line":360,"column":33},"end":{"line":364,"column":null}}},"8":{"name":"(anonymous_10)","decl":{"start":{"line":371,"column":33},"end":{"line":371,"column":34}},"loc":{"start":{"line":372,"column":22},"end":{"line":373,"column":null}}},"9":{"name":"(anonymous_11)","decl":{"start":{"line":401,"column":39},"end":{"line":401,"column":null}},"loc":{"start":{"line":402,"column":32},"end":{"line":402,"column":null}}},"10":{"name":"(anonymous_12)","decl":{"start":{"line":498,"column":41},"end":{"line":498,"column":42}},"loc":{"start":{"line":499,"column":20},"end":{"line":500,"column":null}}}},"branchMap":{"0":{"loc":{"start":{"line":47,"column":4},"end":{"line":47,"column":null}},"type":"if","locations":[{"start":{"line":47,"column":4},"end":{"line":47,"column":null}}]},"1":{"loc":{"start":{"line":63,"column":23},"end":{"line":63,"column":null}},"type":"binary-expr","locations":[{"start":{"line":63,"column":23},"end":{"line":63,"column":36}},{"start":{"line":63,"column":40},"end":{"line":63,"column":null}}]},"2":{"loc":{"start":{"line":73,"column":4},"end":{"line":73,"column":null}},"type":"if","locations":[{"start":{"line":73,"column":4},"end":{"line":73,"column":null}}]},"3":{"loc":{"start":{"line":76,"column":47},"end":{"line":76,"column":null}},"type":"binary-expr","locations":[{"start":{"line":76,"column":47},"end":{"line":76,"column":60}},{"start":{"line":76,"column":60},"end":{"line":76,"column":null}}]},"4":{"loc":{"start":{"line":87,"column":21},"end":{"line":87,"column":null}},"type":"binary-expr","locations":[{"start":{"line":87,"column":21},"end":{"line":87,"column":34}},{"start":{"line":87,"column":38},"end":{"line":87,"column":null}}]},"5":{"loc":{"start":{"line":107,"column":21},"end":{"line":107,"column":null}},"type":"binary-expr","locations":[{"start":{"line":107,"column":21},"end":{"line":107,"column":34}},{"start":{"line":107,"column":38},"end":{"line":107,"column":null}}]},"6":{"loc":{"start":{"line":122,"column":19},"end":{"line":122,"column":58}},"type":"binary-expr","locations":[{"start":{"line":122,"column":19},"end":{"line":122,"column":42}},{"start":{"line":122,"column":42},"end":{"line":122,"column":58}}]},"7":{"loc":{"start":{"line":126,"column":6},"end":{"line":126,"column":null}},"type":"if","locations":[{"start":{"line":126,"column":6},"end":{"line":126,"column":null}}]},"8":{"loc":{"start":{"line":137,"column":21},"end":{"line":137,"column":null}},"type":"binary-expr","locations":[{"start":{"line":137,"column":21},"end":{"line":137,"column":34}},{"start":{"line":137,"column":38},"end":{"line":137,"column":null}}]},"9":{"loc":{"start":{"line":157,"column":10},"end":{"line":157,"column":49}},"type":"binary-expr","locations":[{"start":{"line":157,"column":10},"end":{"line":157,"column":33}},{"start":{"line":157,"column":33},"end":{"line":157,"column":49}}]},"10":{"loc":{"start":{"line":162,"column":8},"end":{"line":162,"column":null}},"type":"if","locations":[{"start":{"line":162,"column":8},"end":{"line":162,"column":null}}]},"11":{"loc":{"start":{"line":173,"column":23},"end":{"line":173,"column":null}},"type":"binary-expr","locations":[{"start":{"line":173,"column":23},"end":{"line":173,"column":36}},{"start":{"line":173,"column":40},"end":{"line":173,"column":null}}]},"12":{"loc":{"start":{"line":183,"column":4},"end":{"line":188,"column":35}},"type":"binary-expr","locations":[{"start":{"line":183,"column":4},"end":{"line":183,"column":null}},{"start":{"line":184,"column":4},"end":{"line":184,"column":null}},{"start":{"line":185,"column":4},"end":{"line":188,"column":35}}]},"13":{"loc":{"start":{"line":186,"column":7},"end":{"line":188,"column":35}},"type":"cond-expr","locations":[{"start":{"line":187,"column":10},"end":{"line":187,"column":32}},{"start":{"line":188,"column":10},"end":{"line":188,"column":35}}]},"14":{"loc":{"start":{"line":190,"column":2},"end":{"line":235,"column":null}},"type":"if","locations":[{"start":{"line":190,"column":2},"end":{"line":235,"column":null}}]},"15":{"loc":{"start":{"line":237,"column":2},"end":{"line":257,"column":null}},"type":"if","locations":[{"start":{"line":237,"column":2},"end":{"line":257,"column":null}}]},"16":{"loc":{"start":{"line":294,"column":17},"end":{"line":294,"column":null}},"type":"cond-expr","locations":[{"start":{"line":294,"column":33},"end":{"line":294,"column":52}},{"start":{"line":294,"column":52},"end":{"line":294,"column":null}}]},"17":{"loc":{"start":{"line":297,"column":15},"end":{"line":297,"column":null}},"type":"binary-expr","locations":[{"start":{"line":297,"column":15},"end":{"line":297,"column":null}}]},"18":{"loc":{"start":{"line":347,"column":21},"end":{"line":347,"column":null}},"type":"cond-expr","locations":[{"start":{"line":347,"column":37},"end":{"line":347,"column":56}},{"start":{"line":347,"column":56},"end":{"line":347,"column":null}}]},"19":{"loc":{"start":{"line":356,"column":17},"end":{"line":356,"column":null}},"type":"binary-expr","locations":[{"start":{"line":356,"column":17},"end":{"line":356,"column":null}}]},"20":{"loc":{"start":{"line":371,"column":20},"end":{"line":373,"column":null}},"type":"cond-expr","locations":[{"start":{"line":371,"column":20},"end":{"line":373,"column":null}}]},"21":{"loc":{"start":{"line":384,"column":33},"end":{"line":385,"column":null}},"type":"binary-expr","locations":[{"start":{"line":384,"column":33},"end":{"line":385,"column":null}}]},"22":{"loc":{"start":{"line":407,"column":31},"end":{"line":407,"column":null}},"type":"cond-expr","locations":[{"start":{"line":407,"column":47},"end":{"line":407,"column":66}},{"start":{"line":407,"column":66},"end":{"line":407,"column":null}}]},"23":{"loc":{"start":{"line":410,"column":27},"end":{"line":410,"column":48}},"type":"binary-expr","locations":[{"start":{"line":410,"column":27},"end":{"line":410,"column":48}}]},"24":{"loc":{"start":{"line":417,"column":29},"end":{"line":420,"column":55}},"type":"cond-expr","locations":[{"start":{"line":418,"column":32},"end":{"line":418,"column":null}},{"start":{"line":419,"column":32},"end":{"line":420,"column":55}}]},"25":{"loc":{"start":{"line":419,"column":32},"end":{"line":420,"column":55}},"type":"binary-expr","locations":[{"start":{"line":419,"column":32},"end":{"line":419,"column":58}},{"start":{"line":420,"column":32},"end":{"line":420,"column":55}}]},"26":{"loc":{"start":{"line":443,"column":15},"end":{"line":443,"column":39}},"type":"binary-expr","locations":[{"start":{"line":443,"column":15},"end":{"line":443,"column":39}}]},"27":{"loc":{"start":{"line":456,"column":21},"end":{"line":459,"column":52}},"type":"cond-expr","locations":[{"start":{"line":457,"column":24},"end":{"line":457,"column":null}},{"start":{"line":458,"column":24},"end":{"line":459,"column":52}}]},"28":{"loc":{"start":{"line":458,"column":24},"end":{"line":459,"column":52}},"type":"binary-expr","locations":[{"start":{"line":458,"column":24},"end":{"line":458,"column":55}},{"start":{"line":459,"column":24},"end":{"line":459,"column":52}}]},"29":{"loc":{"start":{"line":477,"column":21},"end":{"line":478,"column":43}},"type":"binary-expr","locations":[{"start":{"line":477,"column":21},"end":{"line":477,"column":null}},{"start":{"line":478,"column":22},"end":{"line":478,"column":43}}]},"30":{"loc":{"start":{"line":491,"column":11},"end":{"line":491,"column":null}},"type":"binary-expr","locations":[{"start":{"line":491,"column":11},"end":{"line":491,"column":null}}]},"31":{"loc":{"start":{"line":513,"column":11},"end":{"line":513,"column":null}},"type":"binary-expr","locations":[{"start":{"line":513,"column":11},"end":{"line":513,"column":null}}]},"32":{"loc":{"start":{"line":556,"column":21},"end":{"line":556,"column":null}},"type":"cond-expr","locations":[{"start":{"line":556,"column":34},"end":{"line":556,"column":50}},{"start":{"line":556,"column":50},"end":{"line":556,"column":null}}]}},"s":{"0":6,"1":1,"2":1,"3":1,"4":1,"5":1,"6":1,"7":1,"8":1,"9":1,"10":1,"11":1,"12":1,"13":1,"14":1,"15":1,"16":19,"17":19,"18":19,"19":19,"20":19,"21":19,"22":19,"23":19,"24":19,"25":19,"26":19,"27":19,"28":6,"29":0,"30":6,"31":6,"32":6,"33":6,"34":4,"35":4,"36":4,"37":1,"38":1,"39":5,"40":19,"41":1,"42":0,"43":1,"44":1,"45":1,"46":1,"47":1,"48":0,"49":1,"50":19,"51":1,"52":1,"53":1,"54":1,"55":0,"56":1,"57":19,"58":1,"59":1,"60":1,"61":1,"62":1,"63":1,"64":1,"65":1,"66":1,"67":1,"68":1,"69":1,"70":0,"71":1,"72":0,"73":1,"74":19,"75":1,"76":1,"77":1,"78":1,"79":1,"80":1,"81":1,"82":1,"83":1,"84":1,"85":1,"86":1,"87":0,"88":1,"89":0,"90":1,"91":19,"92":19,"93":13,"94":11,"95":0,"96":0,"97":17,"98":1,"99":22},"f":{"0":19,"1":6,"2":6,"3":1,"4":1,"5":1,"6":1,"7":0,"8":17,"9":1,"10":22},"b":{"0":[0],"1":[1,0],"2":[0],"3":[1,0],"4":[0,0],"5":[0,0],"6":[1,0],"7":[0],"8":[0,0],"9":[1,0],"10":[0],"11":[0,0],"12":[19,19,11],"13":[0,11],"14":[6],"15":[2],"16":[2,9],"17":[11],"18":[2,9],"19":[11],"20":[10],"21":[17],"22":[3,14],"23":[17],"24":[0,17],"25":[17,0],"26":[11],"27":[0,11],"28":[11,0],"29":[11,0],"30":[11],"31":[11],"32":[1,9]}}
,"/Users/nilesh/Downloads/jktech/frontend/app/documents/[id]/edit/page.tsx": {"path":"/Users/nilesh/Downloads/jktech/frontend/app/documents/[id]/edit/page.tsx","statementMap":{"0":{"start":{"line":27,"column":24},"end":{"line":27,"column":41}},"1":{"start":{"line":3,"column":36},"end":{"line":3,"column":null}},"2":{"start":{"line":4,"column":17},"end":{"line":4,"column":null}},"3":{"start":{"line":5,"column":26},"end":{"line":5,"column":null}},"4":{"start":{"line":6,"column":24},"end":{"line":6,"column":null}},"5":{"start":{"line":7,"column":28},"end":{"line":7,"column":null}},"6":{"start":{"line":8,"column":19},"end":{"line":8,"column":null}},"7":{"start":{"line":9,"column":23},"end":{"line":9,"column":null}},"8":{"start":{"line":10,"column":96},"end":{"line":10,"column":null}},"9":{"start":{"line":11,"column":22},"end":{"line":11,"column":null}},"10":{"start":{"line":12,"column":25},"end":{"line":12,"column":null}},"11":{"start":{"line":13,"column":25},"end":{"line":13,"column":null}},"12":{"start":{"line":14,"column":25},"end":{"line":14,"column":null}},"13":{"start":{"line":15,"column":24},"end":{"line":15,"column":null}},"14":{"start":{"line":16,"column":32},"end":{"line":16,"column":null}},"15":{"start":{"line":17,"column":41},"end":{"line":17,"column":null}},"16":{"start":{"line":19,"column":19},"end":{"line":23,"column":null}},"17":{"start":{"line":28,"column":19},"end":{"line":28,"column":null}},"18":{"start":{"line":29,"column":17},"end":{"line":29,"column":null}},"19":{"start":{"line":30,"column":20},"end":{"line":30,"column":null}},"20":{"start":{"line":31,"column":34},"end":{"line":31,"column":null}},"21":{"start":{"line":32,"column":36},"end":{"line":32,"column":null}},"22":{"start":{"line":33,"column":34},"end":{"line":33,"column":null}},"23":{"start":{"line":35,"column":15},"end":{"line":42,"column":null}},"24":{"start":{"line":44,"column":2},"end":{"line":46,"column":null}},"25":{"start":{"line":45,"column":4},"end":{"line":45,"column":null}},"26":{"start":{"line":48,"column":24},"end":{"line":71,"column":null}},"27":{"start":{"line":49,"column":4},"end":{"line":70,"column":null}},"28":{"start":{"line":50,"column":6},"end":{"line":50,"column":null}},"29":{"start":{"line":51,"column":23},"end":{"line":51,"column":null}},"30":{"start":{"line":52,"column":6},"end":{"line":52,"column":null}},"31":{"start":{"line":55,"column":6},"end":{"line":59,"column":null}},"32":{"start":{"line":61,"column":6},"end":{"line":61,"column":null}},"33":{"start":{"line":62,"column":6},"end":{"line":66,"column":null}},"34":{"start":{"line":67,"column":6},"end":{"line":67,"column":null}},"35":{"start":{"line":69,"column":6},"end":{"line":69,"column":null}},"36":{"start":{"line":73,"column":19},"end":{"line":121,"column":null}},"37":{"start":{"line":74,"column":4},"end":{"line":82,"column":null}},"38":{"start":{"line":75,"column":6},"end":{"line":79,"column":null}},"39":{"start":{"line":80,"column":6},"end":{"line":80,"column":null}},"40":{"start":{"line":81,"column":6},"end":{"line":81,"column":null}},"41":{"start":{"line":84,"column":4},"end":{"line":120,"column":null}},"42":{"start":{"line":85,"column":6},"end":{"line":85,"column":null}},"43":{"start":{"line":88,"column":19},"end":{"line":93,"column":12}},"44":{"start":{"line":91,"column":26},"end":{"line":91,"column":null}},"45":{"start":{"line":95,"column":6},"end":{"line":102,"column":null}},"46":{"start":{"line":105,"column":6},"end":{"line":108,"column":null}},"47":{"start":{"line":110,"column":6},"end":{"line":110,"column":null}},"48":{"start":{"line":112,"column":6},"end":{"line":112,"column":null}},"49":{"start":{"line":113,"column":6},"end":{"line":117,"column":null}},"50":{"start":{"line":119,"column":6},"end":{"line":119,"column":null}},"51":{"start":{"line":123,"column":2},"end":{"line":149,"column":null}},"52":{"start":{"line":151,"column":2},"end":{"line":168,"column":null}},"53":{"start":{"line":236,"column":31},"end":{"line":236,"column":null}}},"fnMap":{"0":{"name":"EditDocumentPage","decl":{"start":{"line":27,"column":24},"end":{"line":27,"column":41}},"loc":{"start":{"line":27,"column":79},"end":{"line":260,"column":null}}},"1":{"name":"(anonymous_6)","decl":{"start":{"line":44,"column":12},"end":{"line":44,"column":null}},"loc":{"start":{"line":44,"column":12},"end":{"line":46,"column":5}}},"2":{"name":"(anonymous_7)","decl":{"start":{"line":48,"column":24},"end":{"line":48,"column":null}},"loc":{"start":{"line":48,"column":24},"end":{"line":71,"column":null}}},"3":{"name":"(anonymous_8)","decl":{"start":{"line":73,"column":19},"end":{"line":73,"column":26}},"loc":{"start":{"line":73,"column":26},"end":{"line":121,"column":null}}},"4":{"name":"(anonymous_9)","decl":{"start":{"line":91,"column":17},"end":{"line":91,"column":18}},"loc":{"start":{"line":91,"column":26},"end":{"line":91,"column":null}}},"5":{"name":"(anonymous_13)","decl":{"start":{"line":236,"column":25},"end":{"line":236,"column":31}},"loc":{"start":{"line":236,"column":31},"end":{"line":236,"column":null}}}},"branchMap":{"0":{"loc":{"start":{"line":57,"column":21},"end":{"line":57,"column":null}},"type":"binary-expr","locations":[{"start":{"line":57,"column":21},"end":{"line":57,"column":50}},{"start":{"line":57,"column":54},"end":{"line":57,"column":null}}]},"1":{"loc":{"start":{"line":65,"column":21},"end":{"line":65,"column":null}},"type":"binary-expr","locations":[{"start":{"line":65,"column":21},"end":{"line":65,"column":34}},{"start":{"line":65,"column":38},"end":{"line":65,"column":null}}]},"2":{"loc":{"start":{"line":74,"column":4},"end":{"line":82,"column":null}},"type":"if","locations":[{"start":{"line":74,"column":4},"end":{"line":82,"column":null}}]},"3":{"loc":{"start":{"line":88,"column":19},"end":{"line":93,"column":12}},"type":"cond-expr","locations":[{"start":{"line":89,"column":10},"end":{"line":92,"column":null}},{"start":{"line":93,"column":10},"end":{"line":93,"column":12}}]},"4":{"loc":{"start":{"line":116,"column":21},"end":{"line":116,"column":null}},"type":"binary-expr","locations":[{"start":{"line":116,"column":21},"end":{"line":116,"column":34}},{"start":{"line":116,"column":38},"end":{"line":116,"column":null}}]},"5":{"loc":{"start":{"line":123,"column":2},"end":{"line":149,"column":null}},"type":"if","locations":[{"start":{"line":123,"column":2},"end":{"line":149,"column":null}}]},"6":{"loc":{"start":{"line":151,"column":2},"end":{"line":168,"column":null}},"type":"if","locations":[{"start":{"line":151,"column":2},"end":{"line":168,"column":null}}]},"7":{"loc":{"start":{"line":243,"column":18},"end":{"line":248,"column":null}},"type":"cond-expr","locations":[{"start":{"line":243,"column":18},"end":{"line":248,"column":null}}]}},"s":{"0":8,"1":1,"2":1,"3":1,"4":1,"5":1,"6":1,"7":1,"8":1,"9":1,"10":1,"11":1,"12":1,"13":1,"14":1,"15":1,"16":1,"17":31,"18":31,"19":31,"20":31,"21":31,"22":31,"23":31,"24":31,"25":8,"26":31,"27":8,"28":8,"29":8,"30":6,"31":6,"32":2,"33":2,"34":2,"35":7,"36":31,"37":3,"38":1,"39":1,"40":1,"41":2,"42":2,"43":2,"44":6,"45":2,"46":1,"47":1,"48":1,"49":1,"50":2,"51":31,"52":15,"53":0},"f":{"0":31,"1":8,"2":8,"3":3,"4":6,"5":0},"b":{"0":[5,0],"1":[2,0],"2":[1],"3":[2,0],"4":[1,0],"5":[16],"6":[2],"7":[0]}}
,"/Users/nilesh/Downloads/jktech/frontend/app/documents/[id]/permissions/page.tsx": {"path":"/Users/nilesh/Downloads/jktech/frontend/app/documents/[id]/permissions/page.tsx","statementMap":{"0":{"start":{"line":28,"column":24},"end":{"line":28,"column":48}},"1":{"start":{"line":3,"column":36},"end":{"line":3,"column":null}},"2":{"start":{"line":4,"column":17},"end":{"line":4,"column":null}},"3":{"start":{"line":5,"column":26},"end":{"line":5,"column":null}},"4":{"start":{"line":6,"column":23},"end":{"line":6,"column":null}},"5":{"start":{"line":13,"column":7},"end":{"line":13,"column":null}},"6":{"start":{"line":20,"column":7},"end":{"line":20,"column":null}},"7":{"start":{"line":21,"column":25},"end":{"line":21,"column":null}},"8":{"start":{"line":22,"column":25},"end":{"line":22,"column":null}},"9":{"start":{"line":23,"column":24},"end":{"line":23,"column":null}},"10":{"start":{"line":24,"column":32},"end":{"line":24,"column":null}},"11":{"start":{"line":25,"column":28},"end":{"line":25,"column":null}},"12":{"start":{"line":26,"column":59},"end":{"line":26,"column":null}},"13":{"start":{"line":33,"column":19},"end":{"line":33,"column":null}},"14":{"start":{"line":34,"column":17},"end":{"line":34,"column":null}},"15":{"start":{"line":35,"column":20},"end":{"line":35,"column":null}},"16":{"start":{"line":36,"column":34},"end":{"line":36,"column":null}},"17":{"start":{"line":37,"column":40},"end":{"line":37,"column":null}},"18":{"start":{"line":38,"column":34},"end":{"line":38,"column":null}},"19":{"start":{"line":39,"column":36},"end":{"line":39,"column":null}},"20":{"start":{"line":40,"column":54},"end":{"line":40,"column":null}},"21":{"start":{"line":41,"column":42},"end":{"line":41,"column":null}},"22":{"start":{"line":42,"column":54},"end":{"line":42,"column":null}},"23":{"start":{"line":44,"column":2},"end":{"line":48,"column":null}},"24":{"start":{"line":45,"column":4},"end":{"line":45,"column":null}},"25":{"start":{"line":46,"column":4},"end":{"line":46,"column":null}},"26":{"start":{"line":47,"column":4},"end":{"line":47,"column":null}},"27":{"start":{"line":50,"column":24},"end":{"line":63,"column":null}},"28":{"start":{"line":51,"column":4},"end":{"line":62,"column":null}},"29":{"start":{"line":52,"column":23},"end":{"line":52,"column":null}},"30":{"start":{"line":53,"column":6},"end":{"line":53,"column":null}},"31":{"start":{"line":55,"column":6},"end":{"line":55,"column":null}},"32":{"start":{"line":56,"column":6},"end":{"line":60,"column":null}},"33":{"start":{"line":61,"column":6},"end":{"line":61,"column":null}},"34":{"start":{"line":65,"column":27},"end":{"line":81,"column":null}},"35":{"start":{"line":66,"column":4},"end":{"line":80,"column":null}},"36":{"start":{"line":67,"column":26},"end":{"line":68,"column":null}},"37":{"start":{"line":70,"column":6},"end":{"line":70,"column":null}},"38":{"start":{"line":72,"column":6},"end":{"line":72,"column":null}},"39":{"start":{"line":73,"column":6},"end":{"line":77,"column":null}},"40":{"start":{"line":79,"column":6},"end":{"line":79,"column":null}},"41":{"start":{"line":83,"column":21},"end":{"line":90,"column":null}},"42":{"start":{"line":84,"column":4},"end":{"line":89,"column":null}},"43":{"start":{"line":85,"column":23},"end":{"line":85,"column":null}},"44":{"start":{"line":86,"column":6},"end":{"line":86,"column":null}},"45":{"start":{"line":88,"column":6},"end":{"line":88,"column":null}},"46":{"start":{"line":92,"column":30},"end":{"line":135,"column":null}},"47":{"start":{"line":93,"column":4},"end":{"line":100,"column":null}},"48":{"start":{"line":94,"column":6},"end":{"line":98,"column":null}},"49":{"start":{"line":99,"column":6},"end":{"line":99,"column":null}},"50":{"start":{"line":102,"column":4},"end":{"line":134,"column":null}},"51":{"start":{"line":103,"column":6},"end":{"line":103,"column":null}},"52":{"start":{"line":105,"column":6},"end":{"line":111,"column":null}},"53":{"start":{"line":114,"column":6},"end":{"line":117,"column":null}},"54":{"start":{"line":120,"column":6},"end":{"line":120,"column":null}},"55":{"start":{"line":121,"column":6},"end":{"line":121,"column":null}},"56":{"start":{"line":124,"column":6},"end":{"line":124,"column":null}},"57":{"start":{"line":126,"column":6},"end":{"line":126,"column":null}},"58":{"start":{"line":127,"column":6},"end":{"line":131,"column":null}},"59":{"start":{"line":133,"column":6},"end":{"line":133,"column":null}},"60":{"start":{"line":137,"column":33},"end":{"line":160,"column":null}},"61":{"start":{"line":138,"column":4},"end":{"line":159,"column":null}},"62":{"start":{"line":139,"column":6},"end":{"line":142,"column":null}},"63":{"start":{"line":145,"column":6},"end":{"line":148,"column":null}},"64":{"start":{"line":151,"column":6},"end":{"line":151,"column":null}},"65":{"start":{"line":153,"column":6},"end":{"line":153,"column":null}},"66":{"start":{"line":154,"column":6},"end":{"line":158,"column":null}},"67":{"start":{"line":163,"column":4},"end":{"line":168,"column":31}},"68":{"start":{"line":170,"column":2},"end":{"line":204,"column":null}},"69":{"start":{"line":206,"column":2},"end":{"line":224,"column":null}},"70":{"start":{"line":226,"column":2},"end":{"line":243,"column":null}},"71":{"start":{"line":246,"column":25},"end":{"line":260,"column":null}},"72":{"start":{"line":248,"column":6},"end":{"line":251,"column":31}},"73":{"start":{"line":253,"column":33},"end":{"line":257,"column":null}},"74":{"start":{"line":255,"column":8},"end":{"line":255,"column":62}},"75":{"start":{"line":256,"column":6},"end":{"line":256,"column":null}},"76":{"start":{"line":259,"column":4},"end":{"line":259,"column":null}},"77":{"start":{"line":298,"column":24},"end":{"line":298,"column":51}},"78":{"start":{"line":373,"column":24},"end":{"line":375,"column":45}},"79":{"start":{"line":377,"column":22},"end":{"line":378,"column":50}},"80":{"start":{"line":407,"column":34},"end":{"line":407,"column":null}}},"fnMap":{"0":{"name":"DocumentPermissionsPage","decl":{"start":{"line":28,"column":24},"end":{"line":28,"column":48}},"loc":{"start":{"line":32,"column":1},"end":{"line":435,"column":null}}},"1":{"name":"(anonymous_3)","decl":{"start":{"line":44,"column":12},"end":{"line":44,"column":null}},"loc":{"start":{"line":44,"column":12},"end":{"line":48,"column":5}}},"2":{"name":"(anonymous_4)","decl":{"start":{"line":50,"column":24},"end":{"line":50,"column":null}},"loc":{"start":{"line":50,"column":24},"end":{"line":63,"column":null}}},"3":{"name":"(anonymous_5)","decl":{"start":{"line":65,"column":27},"end":{"line":65,"column":null}},"loc":{"start":{"line":65,"column":27},"end":{"line":81,"column":null}}},"4":{"name":"(anonymous_6)","decl":{"start":{"line":83,"column":21},"end":{"line":83,"column":null}},"loc":{"start":{"line":83,"column":21},"end":{"line":90,"column":null}}},"5":{"name":"(anonymous_7)","decl":{"start":{"line":92,"column":30},"end":{"line":92,"column":null}},"loc":{"start":{"line":92,"column":30},"end":{"line":135,"column":null}}},"6":{"name":"(anonymous_8)","decl":{"start":{"line":137,"column":33},"end":{"line":137,"column":40}},"loc":{"start":{"line":137,"column":40},"end":{"line":160,"column":null}}},"7":{"name":"(anonymous_9)","decl":{"start":{"line":246,"column":41},"end":{"line":246,"column":42}},"loc":{"start":{"line":246,"column":42},"end":{"line":260,"column":null}}},"8":{"name":"(anonymous_10)","decl":{"start":{"line":253,"column":50},"end":{"line":253,"column":51}},"loc":{"start":{"line":253,"column":51},"end":{"line":257,"column":null}}},"9":{"name":"(anonymous_11)","decl":{"start":{"line":297,"column":42},"end":{"line":297,"column":43}},"loc":{"start":{"line":298,"column":24},"end":{"line":298,"column":51}}},"10":{"name":"(anonymous_12)","decl":{"start":{"line":371,"column":36},"end":{"line":371,"column":37}},"loc":{"start":{"line":371,"column":37},"end":{"line":417,"column":null}}},"11":{"name":"(anonymous_13)","decl":{"start":{"line":406,"column":41},"end":{"line":406,"column":null}},"loc":{"start":{"line":407,"column":34},"end":{"line":407,"column":null}}}},"branchMap":{"0":{"loc":{"start":{"line":59,"column":21},"end":{"line":59,"column":null}},"type":"binary-expr","locations":[{"start":{"line":59,"column":21},"end":{"line":59,"column":34}},{"start":{"line":59,"column":38},"end":{"line":59,"column":null}}]},"1":{"loc":{"start":{"line":76,"column":21},"end":{"line":76,"column":null}},"type":"binary-expr","locations":[{"start":{"line":76,"column":21},"end":{"line":76,"column":34}},{"start":{"line":76,"column":38},"end":{"line":76,"column":null}}]},"2":{"loc":{"start":{"line":93,"column":4},"end":{"line":100,"column":null}},"type":"if","locations":[{"start":{"line":93,"column":4},"end":{"line":100,"column":null}}]},"3":{"loc":{"start":{"line":93,"column":8},"end":{"line":93,"column":46}},"type":"binary-expr","locations":[{"start":{"line":93,"column":8},"end":{"line":93,"column":25}},{"start":{"line":93,"column":25},"end":{"line":93,"column":46}}]},"4":{"loc":{"start":{"line":111,"column":8},"end":{"line":111,"column":null}},"type":"binary-expr","locations":[{"start":{"line":111,"column":8},"end":{"line":111,"column":21}},{"start":{"line":111,"column":21},"end":{"line":111,"column":null}}]},"5":{"loc":{"start":{"line":130,"column":21},"end":{"line":130,"column":null}},"type":"binary-expr","locations":[{"start":{"line":130,"column":21},"end":{"line":130,"column":34}},{"start":{"line":130,"column":38},"end":{"line":130,"column":null}}]},"6":{"loc":{"start":{"line":142,"column":8},"end":{"line":142,"column":null}},"type":"binary-expr","locations":[{"start":{"line":142,"column":8},"end":{"line":142,"column":21}},{"start":{"line":142,"column":21},"end":{"line":142,"column":null}}]},"7":{"loc":{"start":{"line":157,"column":21},"end":{"line":157,"column":null}},"type":"binary-expr","locations":[{"start":{"line":157,"column":21},"end":{"line":157,"column":34}},{"start":{"line":157,"column":38},"end":{"line":157,"column":null}}]},"8":{"loc":{"start":{"line":163,"column":4},"end":{"line":168,"column":31}},"type":"binary-expr","locations":[{"start":{"line":163,"column":4},"end":{"line":163,"column":null}},{"start":{"line":164,"column":4},"end":{"line":164,"column":null}},{"start":{"line":165,"column":4},"end":{"line":168,"column":31}}]},"9":{"loc":{"start":{"line":166,"column":7},"end":{"line":168,"column":31}},"type":"cond-expr","locations":[{"start":{"line":167,"column":10},"end":{"line":167,"column":28}},{"start":{"line":168,"column":10},"end":{"line":168,"column":31}}]},"10":{"loc":{"start":{"line":170,"column":2},"end":{"line":204,"column":null}},"type":"if","locations":[{"start":{"line":170,"column":2},"end":{"line":204,"column":null}}]},"11":{"loc":{"start":{"line":206,"column":2},"end":{"line":224,"column":null}},"type":"if","locations":[{"start":{"line":206,"column":2},"end":{"line":224,"column":null}}]},"12":{"loc":{"start":{"line":226,"column":2},"end":{"line":243,"column":null}},"type":"if","locations":[{"start":{"line":226,"column":2},"end":{"line":243,"column":null}}]},"13":{"loc":{"start":{"line":249,"column":7},"end":{"line":251,"column":31}},"type":"cond-expr","locations":[{"start":{"line":250,"column":10},"end":{"line":250,"column":28}},{"start":{"line":251,"column":10},"end":{"line":251,"column":31}}]},"14":{"loc":{"start":{"line":255,"column":8},"end":{"line":255,"column":62}},"type":"cond-expr","locations":[{"start":{"line":255,"column":39},"end":{"line":255,"column":47}},{"start":{"line":255,"column":50},"end":{"line":255,"column":62}}]},"15":{"loc":{"start":{"line":259,"column":11},"end":{"line":259,"column":null}},"type":"binary-expr","locations":[{"start":{"line":259,"column":11},"end":{"line":259,"column":31}},{"start":{"line":259,"column":31},"end":{"line":259,"column":null}}]},"16":{"loc":{"start":{"line":299,"column":27},"end":{"line":299,"column":54}},"type":"binary-expr","locations":[{"start":{"line":299,"column":27},"end":{"line":299,"column":40}},{"start":{"line":299,"column":44},"end":{"line":299,"column":54}}]},"17":{"loc":{"start":{"line":327,"column":20},"end":{"line":329,"column":21}},"type":"cond-expr","locations":[{"start":{"line":327,"column":20},"end":{"line":329,"column":21}}]},"18":{"loc":{"start":{"line":350,"column":27},"end":{"line":353,"column":54}},"type":"cond-expr","locations":[{"start":{"line":351,"column":30},"end":{"line":351,"column":null}},{"start":{"line":352,"column":30},"end":{"line":353,"column":54}}]},"19":{"loc":{"start":{"line":352,"column":30},"end":{"line":353,"column":54}},"type":"binary-expr","locations":[{"start":{"line":352,"column":30},"end":{"line":352,"column":57}},{"start":{"line":353,"column":30},"end":{"line":353,"column":54}}]},"20":{"loc":{"start":{"line":371,"column":20},"end":{"line":417,"column":null}},"type":"cond-expr","locations":[{"start":{"line":371,"column":20},"end":{"line":417,"column":null}}]},"21":{"loc":{"start":{"line":373,"column":24},"end":{"line":375,"column":45}},"type":"cond-expr","locations":[{"start":{"line":374,"column":28},"end":{"line":374,"column":null}},{"start":{"line":375,"column":28},"end":{"line":375,"column":45}}]},"22":{"loc":{"start":{"line":382,"column":33},"end":{"line":383,"column":54}},"type":"binary-expr","locations":[{"start":{"line":382,"column":33},"end":{"line":382,"column":56}},{"start":{"line":383,"column":34},"end":{"line":383,"column":54}}]},"23":{"loc":{"start":{"line":389,"column":34},"end":{"line":393,"column":null}},"type":"cond-expr","locations":[{"start":{"line":390,"column":38},"end":{"line":390,"column":null}},{"start":{"line":391,"column":38},"end":{"line":393,"column":null}}]},"24":{"loc":{"start":{"line":391,"column":38},"end":{"line":393,"column":null}},"type":"cond-expr","locations":[{"start":{"line":392,"column":38},"end":{"line":392,"column":null}},{"start":{"line":393,"column":38},"end":{"line":393,"column":null}}]}},"s":{"0":13,"1":1,"2":1,"3":1,"4":1,"5":1,"6":1,"7":1,"8":1,"9":1,"10":1,"11":1,"12":1,"13":32,"14":32,"15":32,"16":32,"17":32,"18":32,"19":32,"20":32,"21":32,"22":32,"23":32,"24":13,"25":13,"26":13,"27":32,"28":13,"29":13,"30":11,"31":1,"32":1,"33":1,"34":32,"35":15,"36":15,"37":14,"38":1,"39":1,"40":15,"41":32,"42":13,"43":13,"44":12,"45":3,"46":32,"47":3,"48":1,"49":1,"50":2,"51":2,"52":2,"53":1,"54":1,"55":1,"56":1,"57":1,"58":1,"59":2,"60":32,"61":2,"62":2,"63":1,"64":1,"65":1,"66":1,"67":32,"68":32,"69":19,"70":17,"71":16,"72":30,"73":30,"74":8,"75":8,"76":30,"77":11,"78":4,"79":4,"80":2},"f":{"0":32,"1":13,"2":13,"3":15,"4":13,"5":3,"6":2,"7":30,"8":8,"9":11,"10":4,"11":2},"b":{"0":[1,0],"1":[1,0],"2":[1],"3":[3,2],"4":[2,0],"5":[1,0],"6":[2,0],"7":[1,0],"8":[32,32,17],"9":[0,17],"10":[13],"11":[2],"12":[1],"13":[0,30],"14":[0,8],"15":[30,15],"16":[11,0],"17":[2],"18":[0,16],"19":[16,0],"20":[4],"21":[0,4],"22":[4,0],"23":[0,4],"24":[4,0]}}
,"/Users/nilesh/Downloads/jktech/frontend/app/profile/page.tsx": {"path":"/Users/nilesh/Downloads/jktech/frontend/app/profile/page.tsx","statementMap":{"0":{"start":{"line":35,"column":24},"end":{"line":35,"column":null}},"1":{"start":{"line":3,"column":25},"end":{"line":3,"column":null}},"2":{"start":{"line":4,"column":26},"end":{"line":4,"column":null}},"3":{"start":{"line":5,"column":24},"end":{"line":5,"column":null}},"4":{"start":{"line":6,"column":28},"end":{"line":6,"column":null}},"5":{"start":{"line":7,"column":19},"end":{"line":7,"column":null}},"6":{"start":{"line":8,"column":23},"end":{"line":8,"column":null}},"7":{"start":{"line":9,"column":96},"end":{"line":9,"column":null}},"8":{"start":{"line":10,"column":22},"end":{"line":10,"column":null}},"9":{"start":{"line":11,"column":26},"end":{"line":11,"column":null}},"10":{"start":{"line":12,"column":25},"end":{"line":12,"column":null}},"11":{"start":{"line":13,"column":24},"end":{"line":13,"column":null}},"12":{"start":{"line":14,"column":24},"end":{"line":14,"column":null}},"13":{"start":{"line":16,"column":26},"end":{"line":19,"column":null}},"14":{"start":{"line":21,"column":27},"end":{"line":30,"column":null}},"15":{"start":{"line":27,"column":20},"end":{"line":27,"column":61}},"16":{"start":{"line":36,"column":34},"end":{"line":36,"column":null}},"17":{"start":{"line":37,"column":17},"end":{"line":37,"column":null}},"18":{"start":{"line":38,"column":20},"end":{"line":38,"column":null}},"19":{"start":{"line":39,"column":50},"end":{"line":39,"column":null}},"20":{"start":{"line":40,"column":52},"end":{"line":40,"column":null}},"21":{"start":{"line":42,"column":22},"end":{"line":48,"column":null}},"22":{"start":{"line":50,"column":23},"end":{"line":57,"column":null}},"23":{"start":{"line":59,"column":26},"end":{"line":73,"column":null}},"24":{"start":{"line":60,"column":4},"end":{"line":72,"column":null}},"25":{"start":{"line":61,"column":6},"end":{"line":61,"column":null}},"26":{"start":{"line":62,"column":6},"end":{"line":62,"column":null}},"27":{"start":{"line":63,"column":6},"end":{"line":66,"column":null}},"28":{"start":{"line":68,"column":6},"end":{"line":68,"column":null}},"29":{"start":{"line":71,"column":6},"end":{"line":71,"column":null}},"30":{"start":{"line":75,"column":27},"end":{"line":95,"column":null}},"31":{"start":{"line":76,"column":4},"end":{"line":94,"column":null}},"32":{"start":{"line":77,"column":6},"end":{"line":77,"column":null}},"33":{"start":{"line":79,"column":6},"end":{"line":79,"column":null}},"34":{"start":{"line":80,"column":6},"end":{"line":83,"column":null}},"35":{"start":{"line":84,"column":6},"end":{"line":88,"column":null}},"36":{"start":{"line":90,"column":6},"end":{"line":90,"column":null}},"37":{"start":{"line":93,"column":6},"end":{"line":93,"column":null}},"38":{"start":{"line":97,"column":2},"end":{"line":105,"column":null}}},"fnMap":{"0":{"name":"(anonymous_4)","decl":{"start":{"line":27,"column":10},"end":{"line":27,"column":11}},"loc":{"start":{"line":27,"column":20},"end":{"line":27,"column":61}}},"1":{"name":"ProfilePage","decl":{"start":{"line":35,"column":24},"end":{"line":35,"column":null}},"loc":{"start":{"line":35,"column":24},"end":{"line":239,"column":null}}},"2":{"name":"(anonymous_6)","decl":{"start":{"line":59,"column":26},"end":{"line":59,"column":33}},"loc":{"start":{"line":59,"column":33},"end":{"line":73,"column":null}}},"3":{"name":"(anonymous_7)","decl":{"start":{"line":75,"column":27},"end":{"line":75,"column":34}},"loc":{"start":{"line":75,"column":34},"end":{"line":95,"column":null}}}},"branchMap":{"0":{"loc":{"start":{"line":45,"column":17},"end":{"line":45,"column":null}},"type":"binary-expr","locations":[{"start":{"line":45,"column":17},"end":{"line":45,"column":36}},{"start":{"line":45,"column":36},"end":{"line":45,"column":null}}]},"1":{"loc":{"start":{"line":46,"column":16},"end":{"line":46,"column":null}},"type":"binary-expr","locations":[{"start":{"line":46,"column":16},"end":{"line":46,"column":34}},{"start":{"line":46,"column":34},"end":{"line":46,"column":null}}]},"2":{"loc":{"start":{"line":97,"column":2},"end":{"line":105,"column":null}},"type":"if","locations":[{"start":{"line":97,"column":2},"end":{"line":105,"column":null}}]},"3":{"loc":{"start":{"line":150,"column":17},"end":{"line":156,"column":null}},"type":"cond-expr","locations":[{"start":{"line":151,"column":18},"end":{"line":156,"column":null}},{"start":{"line":156,"column":18},"end":{"line":156,"column":null}}]},"4":{"loc":{"start":{"line":224,"column":17},"end":{"line":230,"column":null}},"type":"cond-expr","locations":[{"start":{"line":225,"column":18},"end":{"line":230,"column":null}},{"start":{"line":230,"column":18},"end":{"line":230,"column":null}}]}},"s":{"0":6,"1":1,"2":1,"3":1,"4":1,"5":1,"6":1,"7":1,"8":1,"9":1,"10":1,"11":1,"12":1,"13":1,"14":1,"15":28,"16":34,"17":34,"18":34,"19":34,"20":34,"21":34,"22":34,"23":34,"24":1,"25":1,"26":1,"27":1,"28":0,"29":1,"30":34,"31":1,"32":1,"33":1,"34":1,"35":1,"36":0,"37":1,"38":34},"f":{"0":28,"1":34,"2":1,"3":1},"b":{"0":[34,5],"1":[34,5],"2":[2],"3":[0,32],"4":[0,32]}}
,"/Users/nilesh/Downloads/jktech/frontend/app/qa/page.tsx": {"path":"/Users/nilesh/Downloads/jktech/frontend/app/qa/page.tsx","statementMap":{"0":{"start":{"line":19,"column":24},"end":{"line":19,"column":null}},"1":{"start":{"line":5,"column":44},"end":{"line":5,"column":null}},"2":{"start":{"line":6,"column":26},"end":{"line":6,"column":null}},"3":{"start":{"line":7,"column":24},"end":{"line":7,"column":null}},"4":{"start":{"line":8,"column":46},"end":{"line":8,"column":null}},"5":{"start":{"line":9,"column":23},"end":{"line":9,"column":null}},"6":{"start":{"line":10,"column":22},"end":{"line":10,"column":null}},"7":{"start":{"line":11,"column":57},"end":{"line":11,"column":null}},"8":{"start":{"line":13,"column":25},"end":{"line":13,"column":null}},"9":{"start":{"line":14,"column":25},"end":{"line":14,"column":null}},"10":{"start":{"line":15,"column":28},"end":{"line":15,"column":null}},"11":{"start":{"line":16,"column":28},"end":{"line":16,"column":null}},"12":{"start":{"line":17,"column":38},"end":{"line":17,"column":null}},"13":{"start":{"line":20,"column":45},"end":{"line":20,"column":null}},"14":{"start":{"line":21,"column":17},"end":{"line":21,"column":null}},"15":{"start":{"line":22,"column":20},"end":{"line":22,"column":null}},"16":{"start":{"line":23,"column":36},"end":{"line":23,"column":null}},"17":{"start":{"line":24,"column":34},"end":{"line":24,"column":null}},"18":{"start":{"line":25,"column":36},"end":{"line":25,"column":null}},"19":{"start":{"line":26,"column":34},"end":{"line":28,"column":null}},"20":{"start":{"line":29,"column":32},"end":{"line":29,"column":null}},"21":{"start":{"line":30,"column":40},"end":{"line":30,"column":null}},"22":{"start":{"line":31,"column":52},"end":{"line":36,"column":null}},"23":{"start":{"line":37,"column":50},"end":{"line":37,"column":null}},"24":{"start":{"line":38,"column":25},"end":{"line":38,"column":null}},"25":{"start":{"line":40,"column":2},"end":{"line":44,"column":null}},"26":{"start":{"line":41,"column":4},"end":{"line":43,"column":null}},"27":{"start":{"line":42,"column":6},"end":{"line":42,"column":null}},"28":{"start":{"line":46,"column":2},"end":{"line":50,"column":null}},"29":{"start":{"line":47,"column":4},"end":{"line":49,"column":null}},"30":{"start":{"line":48,"column":6},"end":{"line":48,"column":null}},"31":{"start":{"line":52,"column":2},"end":{"line":54,"column":null}},"32":{"start":{"line":53,"column":4},"end":{"line":53,"column":null}},"33":{"start":{"line":56,"column":25},"end":{"line":58,"column":null}},"34":{"start":{"line":57,"column":4},"end":{"line":57,"column":null}},"35":{"start":{"line":60,"column":23},"end":{"line":75,"column":null}},"36":{"start":{"line":61,"column":4},"end":{"line":74,"column":null}},"37":{"start":{"line":62,"column":6},"end":{"line":62,"column":null}},"38":{"start":{"line":63,"column":38},"end":{"line":63,"column":null}},"39":{"start":{"line":64,"column":6},"end":{"line":64,"column":null}},"40":{"start":{"l
[...]
"end":{"line":96,"column":55}}},"7":{"name":"(anonymous_9)","decl":{"start":{"line":101,"column":2},"end":{"line":101,"column":8}},"loc":{"start":{"line":106,"column":3},"end":{"line":118,"column":null}}},"8":{"name":"(anonymous_10)","decl":{"start":{"line":121,"column":2},"end":{"line":121,"column":8}},"loc":{"start":{"line":121,"column":38},"end":{"line":133,"column":null}}},"9":{"name":"(anonymous_11)","decl":{"start":{"line":136,"column":2},"end":{"line":136,"column":8}},"loc":{"start":{"line":141,"column":5},"end":{"line":154,"column":null}}},"10":{"name":"(anonymous_12)","decl":{"start":{"line":157,"column":2},"end":{"line":157,"column":8}},"loc":{"start":{"line":157,"column":53},"end":{"line":170,"column":null}}},"11":{"name":"(anonymous_13)","decl":{"start":{"line":173,"column":2},"end":{"line":173,"column":8}},"loc":{"start":{"line":173,"column":51},"end":{"line":185,"column":null}}}},"branchMap":{"0":{"loc":{"start":{"line":4,"column":16},"end":{"line":4,"column":null}},"type":"binary-expr","locations":[{"start":{"line":4,"column":16},"end":{"line":4,"column":47}},{"start":{"line":4,"column":51},"end":{"line":4,"column":null}}]},"1":{"loc":{"start":{"line":8,"column":2},"end":{"line":10,"column":null}},"type":"if","locations":[{"start":{"line":8,"column":2},"end":{"line":10,"column":null}}]},"2":{"loc":{"start":{"line":26,"column":4},"end":{"line":28,"column":null}},"type":"if","locations":[{"start":{"line":26,"column":4},"end":{"line":28,"column":null}}]},"3":{"loc":{"start":{"line":96,"column":9},"end":{"line":96,"column":null}},"type":"binary-expr","locations":[{"start":{"line":96,"column":9},"end":{"line":96,"column":55}},{"start":{"line":96,"column":55},"end":{"line":96,"column":null}}]},"4":{"loc":{"start":{"line":111,"column":6},"end":{"line":115,"column":null}},"type":"if","locations":[{"start":{"line":111,"column":6},"end":{"line":115,"column":null}}]},"5":{"loc":{"start":{"line":113,"column":10},"end":{"line":113,"column":null}},"type":"binary-expr","locations":[{"start":{"line":113,"column":10},"end":{"line":113,"column":37}},{"start":{"line":113,"column":41},"end":{"line":113,"column":null}}]},"6":{"loc":{"start":{"line":126,"column":6},"end":{"line":130,"column":null}},"type":"if","locations":[{"start":{"line":126,"column":6},"end":{"line":130,"column":null}}]},"7":{"loc":{"start":{"line":128,"column":10},"end":{"line":128,"column":null}},"type":"binary-expr","locations":[{"start":{"line":128,"column":10},"end":{"line":128,"column":37}},{"start":{"line":128,"column":41},"end":{"line":128,"column":null}}]},"8":{"loc":{"start":{"line":147,"column":6},"end":{"line":151,"column":null}},"type":"if","locations":[{"start":{"line":147,"column":6},"end":{"line":151,"column":null}}]},"9":{"loc":{"start":{"line":149,"column":10},"end":{"line":149,"column":null}},"type":"binary-expr","locations":[{"start":{"line":149,"column":10},"end":{"line":149,"column":37}},{"start":{"line":149,"column":41},"end":{"line":149,"column":null}}]},"10":{"loc":{"start":{"line":162,"column":6},"end":{"line":167,"column":null}},"type":"if","locations":[{"start":{"line":162,"column":6},"end":{"line":167,"column":null}}]},"11":{"loc":{"start":{"line":164,"column":10},"end":{"line":165,"column":null}},"type":"binary-expr","locations":[{"start":{"line":164,"column":10},"end":{"line":164,"column":37}},{"start":{"line":165,"column":12},"end":{"line":165,"column":null}}]},"12":{"loc":{"start":{"line":178,"column":6},"end":{"line":182,"column":null}},"type":"if","locations":[{"start":{"line":178,"column":6},"end":{"line":182,"column":null}}]},"13":{"loc":{"start":{"line":180,"column":10},"end":{"line":180,"column":null}},"type":"binary-expr","locations":[{"start":{"line":180,"column":10},"end":{"line":180,"column":37}},{"start":{"line":180,"column":41},"end":{"line":180,"column":null}}]}},"s":{"0":0,"1":0,"2":0,"3":0,"4":0,"5":0,"6":0,"7":0,"8":0,"9":0,"10":0,"11":0,"12":0,"13":0,"14":0,"15":0,"16":0,"17":0,"18":0,"19":0,"20":0,"21":0,"22":0,"23":0,"24":0,"25":0,"26":0,"27":0,"28":0,"29":0,"30":0,"31":0,"32":0,"33":0,"34":0,"35":0,"36":0,"37":0,"38":0,"39":0,"40":0,"41":0,"42":0,"43":0,"44":0,"45":0,"46":0,"47":0,"48":0,"49":0,"50":0,"51":0,"52":0},"f":{"0":0,"1":0,"2":0,"3":0,"4":0,"5":0,"6":0,"7":0,"8":0,"9":0,"10":0,"11":0},"b":{"0":[0,0],"1":[0],"2":[0],"3":[0,0],"4":[0],"5":[0,0],"6":[0],"7":[0,0],"8":[0],"9":[0,0],"10":[0],"11":[0,0],"12":[0],"13":[0,0]}}
,"/Users/nilesh/Downloads/jktech/frontend/services/qa-service.ts": {"path":"/Users/nilesh/Downloads/jktech/frontend/services/qa-service.ts","statementMap":{"0":{"start":{"line":55,"column":13},"end":{"line":55,"column":25}},"1":{"start":{"line":1,"column":18},"end":{"line":1,"column":null}},"2":{"start":{"line":2,"column":29},"end":{"line":2,"column":null}},"3":{"start":{"line":5,"column":0},"end":{"line":7,"column":null}},"4":{"start":{"line":11,"column":12},"end":{"line":11,"column":17}},"5":{"start":{"line":14,"column":0},"end":{"line":14,"column":null}},"6":{"start":{"line":55,"column":25},"end":{"line":125,"column":null}},"7":{"start":{"line":58,"column":4},"end":{"line":66,"column":null}},"8":{"start":{"line":59,"column":23},"end":{"line":59,"column":null}},"9":{"start":{"line":60,"column":6},"end":{"line":60,"column":null}},"10":{"start":{"line":62,"column":6},"end":{"line":64,"column":null}},"11":{"start":{"line":63,"column":8},"end":{"line":63,"column":null}},"12":{"start":{"line":65,"column":6},"end":{"line":65,"column":null}},"13":{"start":{"line":71,"column":4},"end":{"line":81,"column":null}},"14":{"start":{"line":72,"column":23},"end":{"line":74,"column":null}},"15":{"start":{"line":75,"column":6},"end":{"line":75,"column":null}},"16":{"start":{"line":77,"column":6},"end":{"line":79,"column":null}},"17":{"start":{"line":78,"column":8},"end":{"line":78,"column":null}},"18":{"start":{"line":80,"column":6},"end":{"line":80,"column":null}},"19":{"start":{"line":86,"column":4},"end":{"line":95,"column":null}},"20":{"start":{"line":87,"column":6},"end":{"line":87,"column":null}},"21":{"start":{"line":89,"column":6},"end":{"line":93,"column":null}},"22":{"start":{"line":90,"column":8},"end":{"line":91,"column":null}},"23":{"start":{"line":94,"column":6},"end":{"line":94,"column":null}},"24":{"start":{"line":100,"column":4},"end":{"line":109,"column":null}},"25":{"start":{"line":101,"column":6},"end":{"line":101,"column":null}},"26":{"start":{"line":103,"column":6},"end":{"line":107,"column":null}},"27":{"start":{"line":104,"column":8},"end":{"line":105,"column":null}},"28":{"start":{"line":108,"column":6},"end":{"line":108,"column":null}},"29":{"start":{"line":114,"column":4},"end":{"line":123,"column":null}},"30":{"start":{"line":115,"column":6},"end":{"line":115,"column":null}},"31":{"start":{"line":117,"column":6},"end":{"line":121,"column":null}},"32":{"start":{"line":118,"column":8},"end":{"line":119,"column":null}},"33":{"start":{"line":122,"column":6},"end":{"line":122,"column":null}}},"fnMap":{"0":{"name":"(anonymous_2)","decl":{"start":{"line":57,"column":2},"end":{"line":57,"column":8}},"loc":{"start":{"line":57,"column":36},"end":{"line":67,"column":null}}},"1":{"name":"(anonymous_3)","decl":{"start":{"line":70,"column":2},"end":{"line":70,"column":8}},"loc":{"start":{"line":70,"column":39},"end":{"line":82,"column":null}}},"2":{"name":"(anonymous_4)","decl":{"start":{"line":85,"column":2},"end":{"line":85,"column":8}},"loc":{"start":{"line":85,"column":36},"end":{"line":96,"column":null}}},"3":{"name":"(anonymous_5)","decl":{"start":{"line":99,"column":2},"end":{"line":99,"column":8}},"loc":{"start":{"line":99,"column":8},"end":{"line":110,"column":null}}},"4":{"name":"(anonymous_6)","decl":{"start":{"line":113,"column":2},"end":{"line":113,"column":8}},"loc":{"start":{"line":113,"column":40},"end":{"line":124,"column":null}}}},"branchMap":{"0":{"loc":{"start":{"line":62,"column":6},"end":{"line":64,"column":null}},"type":"if","locations":[{"start":{"line":62,"column":6},"end":{"line":64,"column":null}}]},"1":{"loc":{"start":{"line":63,"column":24},"end":{"line":63,"column":null}},"type":"binary-expr","locations":[{"start":{"line":63,"column":24},"end":{"line":63,"column":51}},{"start":{"line":63,"column":55},"end":{"line":63,"column":null}}]},"2":{"loc":{"start":{"line":70,"column":19},"end":{"line":70,"column":27}},"type":"default-arg","locations":[{"start":{"line":70,"column":26},"end":{"line":70,"column":27}}]},"3":{"loc":{"start":{"line":70,"column":29},"end":{"line":70,"column":39}},"type":"default-arg","locations":[{"start":{"line":70,"column":37},"end":{"line":70,"column":39}}]},"4":{"loc":{"start":{"line":77,"column":6},"end":{"line":79,"column":null}},"type":"if","locations":[{"start":{"line":77,"column":6},"end":{"line":79,"column":null}}]},"5":{"loc":{"start":{"line":78,"column":24},"end":{"line":78,"column":null}},"type":"binary-expr","locations":[{"start":{"line":78,"column":24},"end":{"line":78,"column":51}},{"start":{"line":78,"column":55},"end":{"line":78,"column":null}}]},"6":{"loc":{"start":{"line":89,"column":6},"end":{"line":93,"column":null}},"type":"if","locations":[{"start":{"line":89,"column":6},"end":{"line":93,"column":null}}]},"7":{"loc":{"start":{"line":91,"column":10},"end":{"line":91,"column":null}},"type":"binary-expr","locations":[{"start":{"line":91,"column":10},"end":{"line":91,"column":37}},{"start":{"line":91,"column":41},"end":{"line":91,"column":null}}]},"8":{"loc":{"start":{"line":103,"column":6},"end":{"line":107,"column":null}},"type":"if","locations":[{"start":{"line":103,"column":6},"end":{"line":107,"column":null}}]},"9":{"loc":{"start":{"line":105,"column":10},"end":{"line":105,"column":null}},"type":"binary-expr","locations":[{"start":{"line":105,"column":10},"end":{"line":105,"column":37}},{"start":{"line":105,"column":41},"end":{"line":105,"column":null}}]},"10":{"loc":{"start":{"line":117,"column":6},"end":{"line":121,"column":null}},"type":"if","locations":[{"start":{"line":117,"column":6},"end":{"line":121,"column":null}}]},"11":{"loc":{"start":{"line":119,"column":10},"end":{"line":119,"column":null}},"type":"binary-expr","locations":[{"start":{"line":119,"column":10},"end":{"line":119,"column":37}},{"start":{"line":119,"column":41},"end":{"line":119,"column":null}}]}},"s":{"0":0,"1":0,"2":0,"3":0,"4":0,"5":0,"6":0,"7":0,"8":0,"9":0,"10":0,"11":0,"12":0,"13":0,"14":0,"15":0,"16":0,"17":0,"18":0,"19":0,"20":0,"21":0,"22":0,"23":0,"24":0,"25":0,"26":0,"27":0,"28":0,"29":0,"30":0,"31":0,"32":0,"33":0},"f":{"0":0,"1":0,"2":0,"3":0,"4":0},"b":{"0":[0],"1":[0,0],"2":[0],"3":[0],"4":[0],"5":[0,0],"6":[0],"7":[0,0],"8":[0],"9":[0,0],"10":[0],"11":[0,0]}}
,"/Users/nilesh/Downloads/jktech/frontend/services/user-service.ts": {"path":"/Users/nilesh/Downloads/jktech/frontend/services/user-service.ts","statementMap":{"0":{"start":{"line":88,"column":13},"end":{"line":88,"column":27}},"1":{"start":{"line":1,"column":18},"end":{"line":1,"column":null}},"2":{"start":{"line":3,"column":16},"end":{"line":3,"column":null}},"3":{"start":{"line":6,"column":17},"end":{"line":11,"column":null}},"4":{"start":{"line":7,"column":2},"end":{"line":9,"column":null}},"5":{"start":{"line":8,"column":4},"end":{"line":8,"column":null}},"6":{"start":{"line":10,"column":2},"end":{"line":10,"column":null}},"7":{"start":{"line":14,"column":12},"end":{"line":19,"column":null}},"8":{"start":{"line":22,"column":0},"end":{"line":30,"column":null}},"9":{"start":{"line":24,"column":18},"end":{"line":24,"column":null}},"10":{"start":{"line":25,"column":4},"end":{"line":27,"column":null}},"11":{"start":{"line":26,"column":6},"end":{"line":26,"column":null}},"12":{"start":{"line":28,"column":4},"end":{"line":28,"column":null}},"13":{"start":{"line":30,"column":13},"end":{"line":30,"column":null}},"14":{"start":{"line":34,"column":14},"end":{"line":34,"column":null}},"15":{"start":{"line":34,"column":30},"end":{"line":34,"column":null}},"16":{"start":{"line":34,"column":55},"end":{"line":34,"column":null}},"17":{"start":{"line":37,"column":18},"end":{"line":71,"column":null}},"18":{"start":{"line":74,"column":0},"end":{"line":86,"column":null}},"19":{"start":{"line":74,"column":13},"end":{"line":74,"column":16}},"20":{"start":{"line":75,"column":2},"end":{"line":85,"column":null}},"21":{"start":{"line":88,"column":27},"end":{"line":173,"column":null}},"22":{"start":{"line":96,"column":4},"end":{"line":104,"column":null}},"23":{"start":{"line":97,"column":23},"end":{"line":97,"column":null}},"24":{"start":{"line":98,"column":6},"end":{"line":98,"column":null}},"25":{"start":{"line":100,"column":6},"end":{"line":102,"column":null}},"26":{"start":{"line":101,"column":8},"end":{"line":101,"column":null}},"27":{"start":{"line":103,"column":6},"end":{"line":103,"column":null}},"28":{"start":{"line":109,"column":4},"end":{"line":117,"column":null}},"29":{"start":{"line":110,"column":23},"end":{"line":110,"column":null}},"30":{"start":{"line":111,"column":6},"end":{"line":111,"column":null}},"31":{"start":{"line":113,"column":6},"end":{"line":115,"column":null}},"32":{"start":{"line":114,"column":8},"end":{"line":114,"column":null}},"33":{"start":{"line":116,"column":6},"end":{"line":116,"column":null}},"34":{"start":{"line":128,"column":4},"end":{"line":136,"column":null}},"35":{"start":{"line":129,"column":23},"end":{"line":129,"column":null}},"36":{"start":{"line":130,"column":6},"end":{"line":130,"column":null}},"37":{"start":{"line":132,"column":6},"end":{"line":134,"column":null}},"38":{"start":{"line":133,"column":8},"end":{"line":133,"column":null}},"39":{"start":{"line":135,"column":6},"end":{"line":135,"column":null}},"40":{"start":{"line":150,"column":4},"end":{"line":158,"column":null}},"41":{"start":{"line":151,"column":23},"end":{"line":151,"column":null}},"42":{"start":{"line":152,"column":6},"end":{"line":152,"column":null}},"43":{"start":{"line":154,"column":6},"end":{"line":156,"column":null}},"44":{"start":{"line":155,"column":8},"end":{"line":155,"column":null}},"45":{"start":{"line":157,"column":6},"end":{"line":157,"column":null}},"46":{"start":{"line":163,"column":4},"end":{"line":171,"column":null}},"47":{"start":{"line":164,"column":23},"end":{"line":164,"column":null}},"48":{"start":{"line":165,"column":6},"end":{"line":165,"column":null}},"49":{"start":{"line":167,"column":6},"end":{"line":169,"column":null}},"50":{"start":{"line":168,"column":8},"end":{"line":168,"column":null}},"51":{"start":{"line":170,"column":6},"end":{"line":170,"column":null}}},"fnMap":{"0":{"name":"(anonymous_2)","decl":{"start":{"line":6,"column":17},"end":{"line":6,"column":null}},"loc":{"start":{"line":6,"column":17},"end":{"line":11,"column":null}}},"1":{"name":"(anonymous_3)","decl":{"start":{"line":23,"column":2},"end":{"line":23,"column":3}},"loc":{"start":{"line":23,"column":3},"end":{"line":29,"column":null}}},"2":{"name":"(anonymous_4)","decl":{"start":{"line":30,"column":2},"end":{"line":30,"column":3}},"loc":{"start":{"line":30,"column":13},"end":{"line":30,"column":null}}},"3":{"name":"(anonymous_5)","decl":{"start":{"line":34,"column":14},"end":{"line":34,"column":15}},"loc":{"start":{"line":34,"column":30},"end":{"line":34,"column":null}}},"4":{"name":"(anonymous_6)","decl":{"start":{"line":34,"column":42},"end":{"line":34,"column":43}},"loc":{"start":{"line":34,"column":55},"end":{"line":34,"column":null}}},"5":{"name":"(anonymous_7)","decl":{"start":{"line":90,"column":2},"end":{"line":90,"column":8}},"loc":{"start":{"line":95,"column":3},"end":{"line":105,"column":null}}},"6":{"name":"(anonymous_8)","decl":{"start":{"line":108,"column":2},"end":{"line":108,"column":8}},"loc":{"start":{"line":108,"column":30},"end":{"line":118,"column":null}}},"7":{"name":"(anonymous_9)","decl":{"start":{"line":121,"column":2},"end":{"line":121,"column":8}},"loc":{"start":{"line":127,"column":3},"end":{"line":137,"column":null}}},"8":{"name":"(anonymous_10)","decl":{"start":{"line":140,"column":2},"end":{"line":140,"column":8}},"loc":{"start":{"line":148,"column":5},"end":{"line":159,"column":null}}},"9":{"name":"(anonymous_11)","decl":{"start":{"line":162,"column":2},"end":{"line":162,"column":8}},"loc":{"start":{"line":162,"column":29},"end":{"line":172,"column":null}}}},"branchMap":{"0":{"loc":{"start":{"line":3,"column":16},"end":{"line":3,"column":null}},"type":"binary-expr","locations":[{"start":{"line":3,"column":16},"end":{"line":3,"column":47}},{"start":{"line":3,"column":51},"end":{"line":3,"column":null}}]},"1":{"loc":{"start":{"line":7,"column":2},"end":{"line":9,"column":null}},"type":"if","locations":[{"start":{"line":7,"column":2},"end":{"line":9,"column":null}}]},"2":{"loc":{"start":{"line":25,"column":4},"end":{"line":27,"column":null}},"type":"if","locations":[{"start":{"line":25,"column":4},"end":{"line":27,"column":null}}]},"3":{"loc":{"start":{"line":80,"column":10},"end":{"line":80,"column":null}},"type":"cond-expr","locations":[{"start":{"line":80,"column":24},"end":{"line":80,"column":34}},{"start":{"line":80,"column":34},"end":{"line":80,"column":null}}]},"4":{"loc":{"start":{"line":80,"column":34},"end":{"line":80,"column":null}},"type":"cond-expr","locations":[{"start":{"line":80,"column":48},"end":{"line":80,"column":59}},{"start":{"line":80,"column":59},"end":{"line":80,"column":null}}]},"5":{"loc":{"start":{"line":100,"column":6},"end":{"line":102,"column":null}},"type":"if","locations":[{"start":{"line":100,"column":6},"end":{"line":102,"column":null}}]},"6":{"loc":{"start":{"line":101,"column":24},"end":{"line":101,"column":null}},"type":"binary-expr","locations":[{"start":{"line":101,"column":24},"end":{"line":101,"column":51}},{"start":{"line":101,"column":55},"end":{"line":101,"column":null}}]},"7":{"loc":{"start":{"line":113,"column":6},"end":{"line":115,"column":null}},"type":"if","locations":[{"start":{"line":113,"column":6},"end":{"line":115,"column":null}}]},"8":{"loc":{"start":{"line":114,"column":24},"end":{"line":114,"column":null}},"type":"binary-expr","locations":[{"start":{"line":114,"column":24},"end":{"line":114,"column":51}},{"start":{"line":114,"column":55},"end":{"line":114,"column":null}}]},"9":{"loc":{"start":{"line":132,"column":6},"end":{"line":134,"column":null}},"type":"if","locations":[{"start":{"line":132,"column":6},"end":{"line":134,"column":null}}]},"10":{"loc":{"start":{"line":133,"column":24},"end":{"line":133,"column":null}},"type":"binary-expr","locations":[{"start":{"line":133,"column":24},"end":{"line":133,"column":51}},{"start":{"line":133,"column":55},"end":{"line":133,"column":null}}]},"11":{"loc":{"start":{"line":154,"column":6},"end":{"line":156,"column":null}},"type":"if","locations":[{"start":{"line":154,"column":6},"end":{"line":156,"column":null}}]},"12":{"loc":{"start":{"line":155,"column":24},"end":{"line":155,"column":null}},"type":"binary-expr","locations":[{"start":{"line":155,"column":24},"end":{"line":155,"column":51}},{"start":{"line":155,"column":55},"end":{"line":155,"column":null}}]},"13":{"loc":{"start":{"line":167,"column":6},"end":{"line":169,"column":null}},"type":"if","locations":[{"start":{"line":167,"column":6},"end":{"line":169,"column":null}}]},"14":{"loc":{"start":{"line":168,"column":24},"end":{"line":168,"column":null}},"type":"binary-expr","locations":[{"start":{"line":168,"column":24},"end":{"line":168,"column":51}},{"start":{"line":168,"column":55},"end":{"line":168,"column":null}}]}},"s":{"0":12,"1":3,"2":3,"3":3,"4":0,"5":0,"6":0,"7":3,"8":3,"9":0,"10":0,"11":0,"12":0,"13":0,"14":3,"15":0,"16":0,"17":3,"18":3,"19":3,"20":51,"21":3,"22":2,"23":2,"24":1,"25":1,"26":1,"27":0,"28":2,"29":2,"30":1,"31":1,"32":1,"33":0,"34":2,"35":2,"36":1,"37":1,"38":1,"39":0,"40":2,"41":2,"42":1,"43":1,"44":1,"45":0,"46":2,"47":2,"48":1,"49":1,"50":1,"51":0},"f":{"0":0,"1":0,"2":0,"3":0,"4":0,"5":2,"6":2,"7":2,"8":2,"9":2},"b":{"0":[3,0],"1":[0],"2":[0],"3":[15,36],"4":[18,18],"5":[1],"6":[1,0],"7":[1],"8":[1,0],"9":[1],"10":[1,0],"11":[1],"12":[1,0],"13":[1],"14":[1,0]}}
}
