TN:
SF:app/error.tsx
FN:8,Error
FN:15,(anonymous_3)
FNF:2
FNH:0
FNDA:0,Error
FNDA:0,(anonymous_3)
DA:3,0
DA:4,0
DA:5,0
DA:6,0
DA:8,0
DA:15,0
DA:17,0
LF:7
LH:0
BRF:0
BRH:0
end_of_record
TN:
SF:app/layout.tsx
FN:15,RootLayout
FNF:1
FNH:1
FNDA:3,RootLayout
DA:2,1
DA:3,1
DA:4,1
DA:5,1
DA:6,1
DA:7,1
DA:9,1
DA:15,4
LF:8
LH:8
BRF:0
BRH:0
end_of_record
TN:
SF:app/loading.tsx
FN:3,Loading
FNF:1
FNH:1
FNDA:4,Loading
DA:1,1
DA:3,4
LF:2
LH:2
BRF:0
BRH:0
end_of_record
TN:
SF:app/not-found.tsx
FN:5,NotFound
FNF:1
FNH:0
FNDA:0,NotFound
DA:1,1
DA:2,1
DA:3,1
DA:5,0
LF:4
LH:3
BRF:0
BRH:0
end_of_record
TN:
SF:app/page.tsx
FN:5,Home
FNF:1
FNH:1
FNDA:5,Home
DA:1,1
DA:2,1
DA:3,1
DA:5,5
LF:4
LH:4
BRF:0
BRH:0
end_of_record
TN:
SF:app/about/page.tsx
FN:6,AboutPage
FNF:1
FNH:1
FNDA:4,AboutPage
DA:1,1
DA:2,1
DA:3,1
DA:4,1
DA:6,4
LF:5
LH:5
BRF:0
BRH:0
end_of_record
TN:
SF:app/admin/loading.tsx
FN:1,Loading
FNF:1
FNH:0
FNDA:0,Loading
DA:1,0
DA:2,0
LF:2
LH:0
BRF:0
BRH:0
end_of_record
TN:
SF:app/admin/page.tsx
FN:20,AdminPage
FN:36,(anonymous_3)
FN:51,(anonymous_4)
FN:75,(anonymous_5)
FN:110,(anonymous_6)
FNF:5
FNH:0
FNDA:0,AdminPage
FNDA:0,(anonymous_3)
FNDA:0,(anonymous_4)
FNDA:0,(anonymous_5)
FNDA:0,(anonymous_6)
DA:3,0
DA:4,0
DA:5,0
DA:6,0
DA:7,0
DA:8,0
DA:9,0
DA:10,0
DA:11,0
DA:12,0
DA:13,0
DA:14,0
DA:15,0
DA:16,0
DA:17,0
DA:18,0
DA:20,0
DA:21,0
DA:22,0
DA:23,0
DA:24,0
DA:26,0
DA:27,0
DA:34,0
DA:36,0
DA:38,0
DA:39,0
DA:44,0
DA:45,0
DA:48,0
DA:51,0
DA:52,0
DA:53,0
DA:57,0
DA:63,0
DA:69,0
DA:71,0
DA:75,0
DA:76,0
DA:77,0
DA:78,0
DA:81,0
DA:111,0
LF:43
LH:0
BRDA:34,0,0,0
BRDA:34,0,1,0
BRDA:38,1,0,0
BRDA:38,2,0,0
BRDA:38,2,1,0
BRDA:81,3,0,0
BRDA:81,4,0,0
BRDA:81,4,1,0
BRDA:109,5,0,0
BRF:9
BRH:0
end_of_record
TN:
SF:app/auth/login/page.tsx
FN:23,LoginPage
FN:37,(anonymous_6)
FNF:2
FNH:2
FNDA:6,LoginPage
FNDA:2,(anonymous_6)
DA:3,1
DA:4,1
DA:5,1
DA:6,1
DA:7,1
DA:8,1
DA:9,1
DA:10,1
DA:11,1
DA:12,1
DA:13,1
DA:14,1
DA:16,1
DA:23,3
DA:24,6
DA:25,6
DA:26,6
DA:27,6
DA:29,6
DA:37,6
DA:38,2
DA:39,2
DA:40,2
DA:43,0
DA:46,1
LF:25
LH:24
BRDA:101,0,0,2
BRDA:101,0,1,4
BRF:2
BRH:2
end_of_record
TN:
SF:app/auth/register/page.tsx
FN:24,(anonymous_5)
FN:31,RegisterPage
FN:48,(anonymous_7)
FNF:3
FNH:3
FNDA:3,(anonymous_5)
FNDA:31,RegisterPage
FNDA:1,(anonymous_7)
DA:3,1
DA:4,1
DA:5,1
DA:6,1
DA:7,1
DA:8,1
DA:9,1
DA:10,1
DA:11,1
DA:12,1
DA:13,1
DA:14,1
DA:16,1
DA:24,3
DA:31,4
DA:32,31
DA:33,31
DA:34,31
DA:35,31
DA:37,31
DA:48,31
DA:49,1
DA:50,1
DA:51,1
DA:52,1
DA:55,0
DA:58,1
LF:27
LH:26
BRDA:163,0,0,0
BRDA:163,0,1,31
BRF:2
BRH:1
end_of_record
TN:
SF:app/documents/loading.tsx
FN:1,Loading
FNF:1
FNH:0
FNDA:0,Loading
DA:1,0
DA:2,0
LF:2
LH:0
BRF:0
BRH:0
end_of_record
TN:
SF:app/documents/page.tsx
FN:23,DocumentsPage
FN:48,(anonymous_3)
FN:58,(anonymous_4)
FN:74,(anonymous_5)
FN:89,(anonymous_6)
FN:104,(anonymous_7)
FN:110,(anonymous_8)
FN:122,(anonymous_9)
FN:123,(anonymous_10)
FN:138,(anonymous_11)
FN:165,(anonymous_12)
FN:166,(anonymous_13)
FN:175,(anonymous_14)
FN:195,(anonymous_15)
FN:203,(anonymous_16)
FN:216,(anonymous_17)
FN:231,(anonymous_18)
FNF:17
FNH:0
FNDA:0,DocumentsPage
FNDA:0,(anonymous_3)
FNDA:0,(anonymous_4)
FNDA:0,(anonymous_5)
FNDA:0,(anonymous_6)
FNDA:0,(anonymous_7)
FNDA:0,(anonymous_8)
FNDA:0,(anonymous_9)
FNDA:0,(anonymous_10)
FNDA:0,(anonymous_11)
FNDA:0,(anonymous_12)
FNDA:0,(anonymous_13)
FNDA:0,(anonymous_14)
FNDA:0,(anonymous_15)
FNDA:0,(anonymous_16)
FNDA:0,(anonymous_17)
FNDA:0,(anonymous_18)
DA:3,0
DA:4,0
DA:5,0
DA:6,0
DA:13,0
DA:14,0
DA:15,0
DA:16,0
DA:17,0
DA:18,0
DA:19,0
DA:20,0
DA:21,0
DA:23,0
DA:24,0
DA:25,0
DA:26,0
DA:27,0
DA:29,0
DA:30,0
DA:36,0
DA:37,0
DA:40,0
DA:41,0
DA:44,0
DA:45,0
DA:46,0
DA:48,0
DA:50,0
DA:51,0
DA:52,0
DA:55,0
DA:58,0
DA:59,0
DA:60,0
DA:62,0
DA:70,0
DA:71,0
DA:74,0
DA:75,0
DA:76,0
DA:78,0
DA:79,0
DA:85,0
DA:89,0
DA:90,0
DA:91,0
DA:93,0
DA:94,0
DA:97,0
DA:98,0
DA:101,0
DA:104,0
DA:105,0
DA:106,0
DA:107,0
DA:110,0
DA:111,0
DA:112,0
DA:113,0
DA:115,0
DA:116,0
DA:117,0
DA:118,0
DA:122,0
DA:123,0
DA:124,0
DA:126,0
DA:128,0
DA:129,0
DA:131,0
DA:134,0
DA:135,0
DA:138,0
DA:139,0
DA:140,0
DA:141,0
DA:165,0
DA:166,0
DA:176,0
DA:196,0
DA:203,0
DA:217,0
DA:232,0
LF:84
LH:0
BRDA:38,0,0,0
BRDA:38,0,1,0
BRDA:44,1,0,0
BRDA:44,1,1,0
BRDA:45,2,0,0
BRDA:45,2,1,0
BRDA:46,3,0,0
BRDA:46,3,1,0
BRDA:51,4,0,0
BRDA:82,5,0,0
BRDA:82,5,1,0
BRDA:93,6,0,0
BRDA:97,7,0,0
BRDA:111,8,0,0
BRDA:128,9,0,0
BRDA:128,9,1,0
BRDA:166,10,0,0
BRDA:166,10,1,0
BRDA:186,11,0,0
BRDA:186,11,1,0
BRDA:193,12,0,0
BRDA:215,13,0,0
BRDA:229,14,0,0
BRDA:240,15,0,0
BRDA:257,16,0,0
BRDA:257,16,1,0
BRDA:257,17,0,0
BRDA:257,17,1,0
BRDA:261,18,0,0
BRDA:261,18,1,0
BRDA:261,19,0,0
BRDA:261,19,1,0
BRF:32
BRH:0
end_of_record
TN:
SF:app/documents/[id]/loading.tsx
FN:1,Loading
FNF:1
FNH:0
FNDA:0,Loading
DA:1,0
DA:2,0
LF:2
LH:0
BRF:0
BRH:0
end_of_record
TN:
SF:app/documents/[id]/page.tsx
FN:32,DocumentPage
FN:46,(anonymous_3)
FN:48,(anonymous_4)
FN:72,(anonymous_5)
FN:94,(anonymous_6)
FN:114,(anonymous_7)
FN:145,(anonymous_8)
FN:360,(anonymous_9)
FN:371,(anonymous_10)
FN:401,(anonymous_11)
FN:498,(anonymous_12)
FNF:11
FNH:0
FNDA:0,DocumentPage
FNDA:0,(anonymous_3)
FNDA:0,(anonymous_4)
FNDA:0,(anonymous_5)
FNDA:0,(anonymous_6)
FNDA:0,(anonymous_7)
FNDA:0,(anonymous_8)
FNDA:0,(anonymous_9)
FNDA:0,(anonymous_10)
FNDA:0,(anonymous_11)
FNDA:0,(anonymous_12)
DA:3,0
DA:4,0
DA:5,0
DA:6,0
DA:7,0
DA:8,0
DA:9,0
DA:10,0
DA:11,0
DA:12,0
DA:13,0
DA:14,0
DA:15,0
DA:16,0
DA:30,0
DA:32,0
DA:33,0
DA:34,0
DA:35,0
DA:36,0
DA:38,0
DA:39,0
DA:40,0
DA:41,0
DA:42,0
DA:43,0
DA:44,0
DA:46,0
DA:47,0
DA:48,0
DA:49,0
DA:50,0
DA:51,0
DA:55,0
DA:56,0
DA:57,0
DA:60,0
DA:65,0
DA:67,0
DA:72,0
DA:73,0
DA:74,0
DA:75,0
DA:76,0
DA:77,0
DA:81,0
DA:84,0
DA:90,0
DA:94,0
DA:95,0
DA:96,0
DA:97,0
DA:98,0
DA:104,0
DA:110,0
DA:114,0
DA:115,0
DA:116,0
DA:117,0
DA:118,0
DA:119,0
DA:120,0
DA:121,0
DA:122,0
DA:123,0
DA:124,0
DA:125,0
DA:126,0
DA:128,0
DA:134,0
DA:140,0
DA:144,0
DA:146,0
DA:147,0
DA:148,0
DA:152,0
DA:153,0
DA:154,0
DA:155,0
DA:156,0
DA:159,0
DA:160,0
DA:161,0
DA:162,0
DA:164,0
DA:170,0
DA:176,0
DA:183,0
DA:190,0
DA:237,0
DA:259,0
DA:362,0
DA:363,0
DA:372,0
DA:402,0
DA:499,0
LF:96
LH:0
BRDA:47,0,0,0
BRDA:63,1,0,0
BRDA:63,1,1,0
BRDA:73,2,0,0
BRDA:76,3,0,0
BRDA:76,3,1,0
BRDA:87,4,0,0
BRDA:87,4,1,0
BRDA:107,5,0,0
BRDA:107,5,1,0
BRDA:122,6,0,0
BRDA:122,6,1,0
BRDA:126,7,0,0
BRDA:137,8,0,0
BRDA:137,8,1,0
BRDA:157,9,0,0
BRDA:157,9,1,0
BRDA:162,10,0,0
BRDA:173,11,0,0
BRDA:173,11,1,0
BRDA:183,12,0,0
BRDA:183,12,1,0
BRDA:183,12,2,0
BRDA:186,13,0,0
BRDA:186,13,1,0
BRDA:190,14,0,0
BRDA:237,15,0,0
BRDA:294,16,0,0
BRDA:294,16,1,0
BRDA:297,17,0,0
BRDA:347,18,0,0
BRDA:347,18,1,0
BRDA:356,19,0,0
BRDA:371,20,0,0
BRDA:384,21,0,0
BRDA:407,22,0,0
BRDA:407,22,1,0
BRDA:410,23,0,0
BRDA:417,24,0,0
BRDA:417,24,1,0
BRDA:419,25,0,0
BRDA:419,25,1,0
BRDA:443,26,0,0
BRDA:456,27,0,0
BRDA:456,27,1,0
BRDA:458,28,0,0
BRDA:458,28,1,0
BRDA:477,29,0,0
BRDA:477,29,1,0
BRDA:491,30,0,0
BRDA:513,31,0,0
BRDA:556,32,0,0
BRDA:556,32,1,0
BRF:53
BRH:0
end_of_record
TN:
SF:app/documents/[id]/edit/page.tsx
FN:27,EditDocumentPage
FN:44,(anonymous_6)
FN:48,(anonymous_7)
FN:73,(anonymous_8)
FN:91,(anonymous_9)
FN:236,(anonymous_13)
FNF:6
FNH:0
FNDA:0,EditDocumentPage
FNDA:0,(anonymous_6)
FNDA:0,(anonymous_7)
FNDA:0,(anonymous_8)
FNDA:0,(anonymous_9)
FNDA:0,(anonymous_13)
DA:3,0
DA:4,0
DA:5,0
DA:6,0
DA:7,0
DA:8,0
DA:9,0
DA:10,0
DA:11,0
DA:12,0
DA:13,0
DA:14,0
DA:15,0
DA:16,0
DA:17,0
DA:19,0
DA:27,0
DA:28,0
DA:29,0
DA:30,0
DA:31,0
DA:32,0
DA:33,0
DA:35,0
DA:44,0
DA:45,0
DA:48,0
DA:49,0
DA:50,0
DA:51,0
DA:52,0
DA:55,0
DA:61,0
DA:62,0
DA:67,0
DA:69,0
DA:73,0
DA:74,0
DA:75,0
DA:80,0
DA:81,0
DA:84,0
DA:85,0
DA:88,0
DA:91,0
DA:95,0
DA:105,0
DA:110,0
DA:112,0
DA:113,0
DA:119,0
DA:123,0
DA:151,0
DA:236,0
LF:54
LH:0
BRDA:57,0,0,0
BRDA:57,0,1,0
BRDA:65,1,0,0
BRDA:65,1,1,0
BRDA:74,2,0,0
BRDA:88,3,0,0
BRDA:88,3,1,0
BRDA:116,4,0,0
BRDA:116,4,1,0
BRDA:123,5,0,0
BRDA:151,6,0,0
BRDA:243,7,0,0
BRF:12
BRH:0
end_of_record
TN:
SF:app/documents/[id]/permissions/page.tsx
FN:28,DocumentPermissionsPage
FN:44,(anonymous_3)
FN:50,(anonymous_4)
FN:65,(anonymous_5)
FN:83,(anonymous_6)
FN:92,(anonymous_7)
FN:137,(anonymous_8)
FN:246,(anonymous_9)
FN:253,(anonymous_10)
FN:297,(anonymous_11)
FN:371,(anonymous_12)
FN:406,(anonymous_13)
FNF:12
FNH:0
FNDA:0,DocumentPermissionsPage
FNDA:0,(anonymous_3)
FNDA:0,(anonymous_4)
FNDA:0,(anonymous_5)
FNDA:0,(anonymous_6)
FNDA:0,(anonymous_7)
FNDA:0,(anonymous_8)
FNDA:0,(anonymous_9)
FNDA:0,(anonymous_10)
FNDA:0,(anonymous_11)
FNDA:0,(anonymous_12)
FNDA:0,(anonymous_13)
DA:3,0
DA:4,0
DA:5,0
DA:6,0
DA:13,0
DA:20,0
DA:21,0
DA:22,0
DA:23,0
DA:24,0
DA:25,0
DA:26,0
DA:28,0
DA:33,0
DA:34,0
DA:35,0
DA:36,0
DA:37,0
DA:38,0
DA:39,0
DA:40,0
DA:41,0
DA:42,0
DA:44,0
DA:45,0
DA:46,0
DA:47,0
DA:50,0
DA:51,0
DA:52,0
DA:53,0
DA:55,0
DA:56,0
DA:61,0
DA:65,0
DA:66,0
DA:67,0
DA:70,0
DA:72,0
DA:73,0
DA:79,0
DA:83,0
DA:84,0
DA:85,0
DA:86,0
DA:88,0
DA:92,0
DA:93,0
DA:94,0
DA:99,0
DA:102,0
DA:103,0
DA:105,0
DA:114,0
DA:120,0
DA:121,0
DA:124,0
DA:126,0
DA:127,0
DA:133,0
DA:137,0
DA:138,0
DA:139,0
DA:145,0
DA:151,0
DA:153,0
DA:154,0
DA:163,0
DA:170,0
DA:206,0
DA:226,0
DA:246,0
DA:248,0
DA:253,0
DA:255,0
DA:256,0
DA:259,0
DA:298,0
DA:373,0
DA:377,0
DA:407,0
LF:81
LH:0
BRDA:59,0,0,0
BRDA:59,0,1,0
BRDA:76,1,0,0
BRDA:76,1,1,0
BRDA:93,2,0,0
BRDA:93,3,0,0
BRDA:93,3,1,0
BRDA:111,4,0,0
BRDA:111,4,1,0
BRDA:130,5,0,0
BRDA:130,5,1,0
BRDA:142,6,0,0
BRDA:142,6,1,0
BRDA:157,7,0,0
BRDA:157,7,1,0
BRDA:163,8,0,0
BRDA:163,8,1,0
BRDA:163,8,2,0
BRDA:166,9,0,0
BRDA:166,9,1,0
BRDA:170,10,0,0
BRDA:206,11,0,0
BRDA:226,12,0,0
BRDA:249,13,0,0
BRDA:249,13,1,0
BRDA:255,14,0,0
BRDA:255,14,1,0
BRDA:259,15,0,0
BRDA:259,15,1,0
BRDA:299,16,0,0
BRDA:299,16,1,0
BRDA:327,17,0,0
BRDA:350,18,0,0
BRDA:350,18,1,0
BRDA:352,19,0,0
BRDA:352,19,1,0
BRDA:371,20,0,0
BRDA:373,21,0,0
BRDA:373,21,1,0
BRDA:382,22,0,0
BRDA:382,22,1,0
BRDA:389,23,0,0
BRDA:389,23,1,0
BRDA:391,24,0,0
BRDA:391,24,1,0
BRF:45
BRH:0
end_of_record
TN:
SF:app/profile/page.tsx
FN:27,(anonymous_4)
FN:35,ProfilePage
FN:59,(anonymous_6)
FN:75,(anonymous_7)
FNF:4
FNH:4
FNDA:28,(anonymous_4)
FNDA:34,ProfilePage
FNDA:1,(anonymous_6)
FNDA:1,(anonymous_7)
DA:3,1
DA:4,1
DA:5,1
DA:6,1
DA:7,1
DA:8,1
DA:9,1
DA:10,1
DA:11,1
DA:12,1
DA:13,1
DA:14,1
DA:16,1
DA:21,1
DA:27,28
DA:35,6
DA:36,34
DA:37,34
DA:38,34
DA:39,34
DA:40,34
DA:42,34
DA:50,34
DA:59,34
DA:60,1
DA:61,1
DA:62,1
DA:63,1
DA:68,0
DA:71,1
DA:75,34
DA:76,1
DA:77,1
DA:79,1
DA:80,1
DA:84,1
DA:90,0
DA:93,1
DA:97,34
LF:39
LH:37
BRDA:45,0,0,34
BRDA:45,0,1,5
BRDA:46,1,0,34
BRDA:46,1,1,5
BRDA:97,2,0,2
BRDA:150,3,0,0
BRDA:150,3,1,32
BRDA:224,4,0,0
BRDA:224,4,1,32
BRF:9
BRH:7
end_of_record
TN:
SF:app/qa/page.tsx
FN:19,QAPage
FN:40,(anonymous_2)
FN:46,(anonymous_3)
FN:52,(anonymous_4)
FN:56,(anonymous_5)
FN:60,(anonymous_6)
FN:77,(anonymous_7)
FN:83,(anonymous_8)
FN:88,(anonymous_9)
FN:98,(anonymous_10)
FN:114,(anonymous_11)
FN:131,(anonymous_12)
FN:152,(anonymous_13)
FN:216,(anonymous_14)
FN:244,(anonymous_15)
FN:266,(anonymous_16)
FN:286,(anonymous_17)
FN:290,(anonymous_18)
FN:291,(anonymous_19)
FNF:19
FNH:0
FNDA:0,QAPage
FNDA:0,(anonymous_2)
FNDA:0,(anonymous_3)
FNDA:0,(anonymous_4)
FNDA:0,(anonymous_5)
FNDA:0,(anonymous_6)
FNDA:0,(anonymous_7)
FNDA:0,(anonymous_8)
FNDA:0,(anonymous_9)
FNDA:0,(anonymous_10)
FNDA:0,(anonymous_11)
FNDA:0,(anonymous_12)
FNDA:0,(anonymous_13)
FNDA:0,(anonymous_14)
FNDA:0,(anonymous_15)
FNDA:0,(anonymous_16)
FNDA:0,(anonymous_17)
FNDA:0,(anonymous_18)
FNDA:0,(anonymous_19)
DA:5,0
DA:6,0
DA:7,0
DA:8,0
DA:9,0
DA:10,0
DA:11,0
DA:13,0
DA:14,0
DA:15,0
DA:16,0
DA:17,0
DA:19,0
DA:20,0
DA:21,0
DA:22,0
DA:23,0
DA:24,0
DA:25,0
DA:26,0
DA:29,0
DA:30,0
DA:31,0
DA:37,0
DA:38,0
DA:40,0
DA:41,0
DA:42,0
DA:46,0
DA:47,0
DA:48,0
DA:52,0
DA:53,0
DA:56,0
DA:57,0
DA:60,0
DA:61,0
DA:62,0
DA:63,0
DA:64,0
DA:65,0
DA:67,0
DA:73,0
DA:77,0
DA:78,0
DA:79,0
DA:81,0
DA:82,0
DA:83,0
DA:85,0
DA:86,0
DA:87,0
DA:88,0
DA:93,0
DA:98,0
DA:110,0
DA:114,0
DA:115,0
DA:116,0
DA:117,0
DA:121,0
DA:123,0
DA:131,0
DA:132,0
DA:133,0
DA:136,0
DA:137,0
DA:138,0
DA:142,0
DA:144,0
DA:152,0
DA:153,0
DA:164,0
DA:167,0
DA:217,0
DA:244,0
DA:267,0
DA:287,0
DA:290,0
DA:291,0
LF:80
LH:0
BRDA:41,0,0,0
BRDA:41,1,0,0
BRDA:41,1,1,0
BRDA:47,2,0,0
BRDA:70,3,0,0
BRDA:70,3,1,0
BRDA:79,4,0,0
BRDA:96,5,0,0
BRDA:96,5,1,0
BRDA:126,6,0,0
BRDA:126,6,1,0
BRDA:132,7,0,0
BRDA:147,8,0,0
BRDA:147,8,1,0
BRDA:167,9,0,0
BRDA:190,10,0,0
BRDA:202,11,0,0
BRDA:223,12,0,0
BRDA:251,13,0,0
BRDA:251,13,1,0
BRDA:265,14,0,0
BRDA:274,15,0,0
BRF:22
BRH:0
end_of_record
TN:
SF:components/footer.tsx
FN:4,Footer
FNF:1
FNH:1
FNDA:8,Footer
DA:1,2
DA:2,2
DA:4,8
LF:3
LH:3
BRF:0
BRH:0
end_of_record
TN:
SF:components/header.tsx
FN:27,Header
FN:39,(anonymous_3)
FN:54,(anonymous_4)
FN:135,(anonymous_5)
FN:156,(anonymous_6)
FN:171,(anonymous_7)
FN:180,(anonymous_8)
FN:190,(anonymous_9)
FN:197,(anonymous_10)
FN:208,(anonymous_11)
FN:216,(anonymous_12)
FN:224,(anonymous_13)
FNF:12
FNH:4
FNDA:7,Header
FNDA:28,(anonymous_3)
FNDA:28,(anonymous_4)
FNDA:1,(anonymous_5)
FNDA:0,(anonymous_6)
FNDA:0,(anonymous_7)
FNDA:0,(anonymous_8)
FNDA:0,(anonymous_9)
FNDA:0,(anonymous_10)
FNDA:0,(anonymous_11)
FNDA:0,(anonymous_12)
FNDA:0,(anonymous_13)
DA:3,2
DA:4,2
DA:5,2
DA:6,2
DA:14,2
DA:15,2
DA:16,2
DA:25,2
DA:27,7
DA:28,7
DA:29,7
DA:30,7
DA:32,7
DA:39,7
DA:40,28
DA:41,23
DA:42,22
DA:55,28
DA:135,1
DA:156,0
DA:172,0
DA:180,0
DA:190,0
DA:197,0
DA:208,0
DA:216,0
DA:225,0
DA:226,0
LF:28
LH:19
BRDA:40,0,0,5
BRDA:40,1,0,28
BRDA:40,1,1,7
BRDA:41,2,0,1
BRDA:41,3,0,23
BRDA:41,3,1,21
BRDA:59,4,0,6
BRDA:59,4,1,22
BRDA:72,5,0,2
BRDA:73,6,0,2
BRDA:90,7,0,2
BRDA:90,7,1,0
BRDA:93,8,0,2
BRDA:93,8,1,0
BRDA:102,9,0,2
BRDA:102,9,1,0
BRDA:103,10,0,2
BRDA:103,10,1,0
BRDA:124,11,0,2
BRDA:159,12,0,0
BRDA:168,13,0,7
BRDA:176,14,0,0
BRDA:176,14,1,0
BRDA:186,15,0,0
BRDA:212,16,0,0
BRF:25
BRH:16
end_of_record
TN:
SF:components/pagination.tsx
FN:17,Pagination
FN:23,(anonymous_2)
FN:76,(anonymous_3)
FN:86,(anonymous_4)
FN:94,(anonymous_5)
FN:111,(anonymous_6)
FN:123,(anonymous_7)
FN:133,(anonymous_8)
FNF:8
FNH:4
FNDA:7,Pagination
FNDA:7,(anonymous_2)
FNDA:0,(anonymous_3)
FNDA:0,(anonymous_4)
FNDA:35,(anonymous_5)
FNDA:2,(anonymous_6)
FNDA:0,(anonymous_7)
FNDA:0,(anonymous_8)
DA:3,1
DA:9,1
DA:17,7
DA:23,7
DA:24,7
DA:25,7
DA:27,7
DA:29,4
DA:30,18
DA:35,3
DA:36,3
DA:39,3
DA:40,3
DA:42,3
DA:44,1
DA:45,3
DA:47,1
DA:48,1
DA:49,2
DA:51,1
DA:52,1
DA:53,1
DA:54,3
DA:56,1
DA:58,1
DA:59,1
DA:60,1
DA:61,3
DA:63,1
DA:64,1
DA:68,7
DA:76,0
DA:86,0
DA:95,35
DA:96,4
DA:106,31
DA:111,2
DA:123,0
DA:133,0
LF:39
LH:35
BRDA:27,0,0,4
BRDA:27,0,1,3
BRDA:42,1,0,1
BRDA:42,1,1,2
BRDA:42,2,0,3
BRDA:42,2,1,1
BRDA:49,3,0,1
BRDA:49,3,1,1
BRDA:49,4,0,2
BRDA:49,4,1,2
BRDA:56,5,0,1
BRDA:56,6,0,1
BRDA:56,6,1,1
BRDA:95,7,0,4
BRDA:109,8,0,7
BRDA:109,8,1,24
BRF:16
BRH:16
end_of_record
TN:
SF:components/theme-provider.tsx
FN:9,ThemeProvider
FNF:1
FNH:1
FNDA:3,ThemeProvider
DA:3,1
DA:7,1
DA:9,3
LF:3
LH:3
BRF:0
BRH:0
end_of_record
TN:
SF:components/admin/create-user-dialog.tsx
FN:39,CreateUserDialog
FN:54,(anonymous_5)
FN:173,(anonymous_11)
FNF:3
FNH:3
FNDA:26,CreateUserDialog
FNDA:2,(anonymous_5)
FNDA:1,(anonymous_11)
DA:3,1
DA:4,1
DA:5,1
DA:6,1
DA:7,1
DA:15,1
DA:16,1
DA:17,1
DA:18,1
DA:19,1
DA:20,1
DA:21,1
DA:23,1
DA:39,6
DA:40,26
DA:41,26
DA:43,26
DA:54,26
DA:55,2
DA:56,2
DA:57,2
DA:59,1
DA:64,1
DA:65,1
DA:66,1
DA:68,1
DA:69,1
DA:75,2
DA:173,1
LF:29
LH:29
BRDA:72,0,0,1
BRDA:72,0,1,0
BRDA:177,1,0,0
BRDA:177,1,1,26
BRF:4
BRH:2
end_of_record
TN:
SF:components/admin/document-table.tsx
FN:19,DocumentTable
FN:38,(anonymous_3)
FN:43,(anonymous_4)
FN:67,(anonymous_5)
FN:78,(anonymous_6)
FN:84,(anonymous_7)
FN:117,(anonymous_8)
FN:118,(anonymous_9)
FN:132,(anonymous_10)
FN:151,(anonymous_11)
FN:188,(anonymous_12)
FNF:11
FNH:0
FNDA:0,DocumentTable
FNDA:0,(anonymous_3)
FNDA:0,(anonymous_4)
FNDA:0,(anonymous_5)
FNDA:0,(anonymous_6)
FNDA:0,(anonymous_7)
FNDA:0,(anonymous_8)
FNDA:0,(anonymous_9)
FNDA:0,(anonymous_10)
FNDA:0,(anonymous_11)
FNDA:0,(anonymous_12)
DA:3,0
DA:4,0
DA:5,0
DA:6,0
DA:7,0
DA:8,0
DA:9,0
DA:10,0
DA:11,0
DA:12,0
DA:13,0
DA:14,0
DA:15,0
DA:16,0
DA:17,0
DA:19,0
DA:20,0
DA:21,0
DA:22,0
DA:24,0
DA:25,0
DA:31,0
DA:32,0
DA:35,0
DA:36,0
DA:38,0
DA:39,0
DA:40,0
DA:43,0
DA:44,0
DA:45,0
DA:47,0
DA:53,0
DA:54,0
DA:56,0
DA:57,0
DA:63,0
DA:67,0
DA:68,0
DA:71,0
DA:72,0
DA:75,0
DA:78,0
DA:79,0
DA:80,0
DA:81,0
DA:84,0
DA:85,0
DA:86,0
DA:89,0
DA:90,0
DA:91,0
DA:95,0
DA:97,0
DA:98,0
DA:117,0
DA:118,0
DA:133,0
DA:152,0
DA:153,0
DA:188,0
LF:61
LH:0
BRDA:35,0,0,0
BRDA:35,0,1,0
BRDA:36,1,0,0
BRDA:36,1,1,0
BRDA:60,2,0,0
BRDA:60,2,1,0
BRDA:71,3,0,0
BRDA:85,4,0,0
BRDA:101,5,0,0
BRDA:101,5,1,0
BRDA:118,6,0,0
BRDA:118,6,1,0
BRDA:129,7,0,0
BRDA:151,8,0,0
BRDA:163,9,0,0
BRDA:163,9,1,0
BRDA:169,10,0,0
BRDA:169,10,1,0
BRDA:171,11,0,0
BRDA:171,11,1,0
BRDA:175,12,0,0
BRDA:175,12,1,0
BRDA:209,13,0,0
BRF:23
BRH:0
end_of_record
TN:
SF:components/admin/edit-user-dialog.tsx
FN:55,EditUserDialog
FN:75,(anonymous_5)
FN:87,(anonymous_6)
FN:240,(anonymous_12)
FNF:4
FNH:4
FNDA:16,EditUserDialog
FNDA:5,(anonymous_5)
FNDA:2,(anonymous_6)
FNDA:1,(anonymous_12)
DA:3,1
DA:4,1
DA:5,1
DA:6,1
DA:7,1
DA:15,1
DA:24,1
DA:25,1
DA:32,1
DA:33,1
DA:34,1
DA:35,1
DA:36,1
DA:38,1
DA:55,5
DA:61,16
DA:62,16
DA:64,16
DA:75,16
DA:76,5
DA:77,5
DA:87,16
DA:88,2
DA:90,2
DA:91,2
DA:94,2
DA:99,2
DA:101,1
DA:106,1
DA:107,1
DA:110,1
DA:116,2
DA:240,1
LF:33
LH:33
BRDA:76,0,0,5
BRDA:78,1,0,5
BRDA:78,1,1,0
BRDA:79,2,0,5
BRDA:79,2,1,0
BRDA:80,3,0,5
BRDA:80,3,1,0
BRDA:81,4,0,5
BRDA:81,4,1,0
BRDA:88,5,0,0
BRDA:96,6,0,0
BRDA:96,6,1,2
BRDA:113,7,0,1
BRDA:113,7,1,0
BRDA:130,8,0,16
BRDA:246,9,0,0
BRDA:246,9,1,16
BRF:17
BRH:9
end_of_record
TN:
SF:components/admin/ingestion-table.tsx
FN:18,IngestionTable
FN:37,(anonymous_3)
FN:42,(anonymous_4)
FN:66,(anonymous_5)
FN:81,(anonymous_6)
FN:87,(anonymous_7)
FN:109,(anonymous_8)
FN:170,(anonymous_9)
FN:188,(anonymous_10)
FN:220,(anonymous_11)
FN:230,(anonymous_12)
FNF:11
FNH:0
FNDA:0,IngestionTable
FNDA:0,(anonymous_3)
FNDA:0,(anonymous_4)
FNDA:0,(anonymous_5)
FNDA:0,(anonymous_6)
FNDA:0,(anonymous_7)
FNDA:0,(anonymous_8)
FNDA:0,(anonymous_9)
FNDA:0,(anonymous_10)
FNDA:0,(anonymous_11)
FNDA:0,(anonymous_12)
DA:3,0
DA:4,0
DA:5,0
DA:6,0
DA:7,0
DA:8,0
DA:9,0
DA:10,0
DA:11,0
DA:12,0
DA:13,0
DA:14,0
DA:15,0
DA:16,0
DA:18,0
DA:19,0
DA:20,0
DA:21,0
DA:23,0
DA:24,0
DA:30,0
DA:31,0
DA:34,0
DA:35,0
DA:37,0
DA:38,0
DA:39,0
DA:42,0
DA:43,0
DA:44,0
DA:46,0
DA:52,0
DA:53,0
DA:55,0
DA:56,0
DA:62,0
DA:66,0
DA:67,0
DA:69,0
DA:71,0
DA:72,0
DA:74,0
DA:78,0
DA:81,0
DA:82,0
DA:83,0
DA:84,0
DA:87,0
DA:88,0
DA:89,0
DA:93,0
DA:98,0
DA:100,0
DA:101,0
DA:109,0
DA:110,0
DA:171,0
DA:190,0
DA:194,0
DA:220,0
DA:230,0
LF:61
LH:0
BRDA:34,0,0,0
BRDA:34,0,1,0
BRDA:35,1,0,0
BRDA:35,1,1,0
BRDA:49,2,0,0
BRDA:49,2,1,0
BRDA:59,3,0,0
BRDA:59,3,1,0
BRDA:71,4,0,0
BRDA:71,4,1,0
BRDA:104,5,0,0
BRDA:104,5,1,0
BRDA:167,6,0,0
BRDA:188,7,0,0
BRDA:190,8,0,0
BRDA:190,8,1,0
BRDA:209,9,0,0
BRDA:209,9,1,0
BRDA:219,10,0,0
BRDA:226,11,0,0
BRDA:237,12,0,0
BRDA:237,12,1,0
BRDA:259,13,0,0
BRF:23
BRH:0
end_of_record
TN:
SF:components/admin/user-table.tsx
FN:20,UserTable
FN:42,(anonymous_3)
FN:47,(anonymous_4)
FN:71,(anonymous_5)
FN:82,(anonymous_6)
FN:97,(anonymous_7)
FN:103,(anonymous_8)
FN:136,(anonymous_9)
FN:137,(anonymous_10)
FN:157,(anonymous_11)
FN:168,(anonymous_12)
FN:187,(anonymous_13)
FN:220,(anonymous_14)
FN:224,(anonymous_15)
FN:255,(anonymous_16)
FNF:15
FNH:10
FNDA:11,UserTable
FNDA:4,(anonymous_3)
FNDA:5,(anonymous_4)
FNDA:1,(anonymous_5)
FNDA:0,(anonymous_6)
FNDA:0,(anonymous_7)
FNDA:1,(anonymous_8)
FNDA:3,(anonymous_9)
FNDA:4,(anonymous_10)
FNDA:0,(anonymous_11)
FNDA:20,(anonymous_12)
FNDA:3,(anonymous_13)
FNDA:0,(anonymous_14)
FNDA:1,(anonymous_15)
FNDA:0,(anonymous_16)
DA:3,1
DA:4,1
DA:5,1
DA:6,1
DA:7,1
DA:8,1
DA:9,1
DA:10,1
DA:11,1
DA:12,1
DA:13,1
DA:14,1
DA:15,1
DA:16,1
DA:17,1
DA:18,1
DA:20,4
DA:21,11
DA:22,11
DA:23,11
DA:25,11
DA:26,11
DA:32,11
DA:33,11
DA:34,11
DA:35,11
DA:36,11
DA:39,11
DA:40,11
DA:42,11
DA:43,4
DA:44,4
DA:47,11
DA:48,5
DA:49,5
DA:51,5
DA:57,4
DA:58,4
DA:60,0
DA:61,0
DA:67,4
DA:71,11
DA:72,1
DA:75,1
DA:76,0
DA:79,1
DA:82,11
DA:83,0
DA:85,0
DA:87,0
DA:88,0
DA:90,0
DA:94,0
DA:97,11
DA:98,0
DA:99,0
DA:100,0
DA:103,11
DA:104,1
DA:105,0
DA:108,1
DA:109,1
DA:110,1
DA:114,1
DA:116,0
DA:117,0
DA:136,3
DA:137,4
DA:157,0
DA:169,20
DA:188,3
DA:220,0
DA:224,1
DA:255,0
LF:74
LH:56
BRDA:39,0,0,11
BRDA:39,0,1,11
BRDA:40,1,0,11
BRDA:40,1,1,11
BRDA:43,2,0,4
BRDA:43,2,1,4
BRDA:54,3,0,5
BRDA:54,3,1,5
BRDA:64,4,0,0
BRDA:64,4,1,0
BRDA:75,5,0,0
BRDA:87,6,0,0
BRDA:87,6,1,0
BRDA:104,7,0,0
BRDA:120,8,0,0
BRDA:120,8,1,0
BRDA:137,9,0,4
BRDA:137,9,1,1
BRDA:165,10,0,4
BRDA:187,11,0,2
BRDA:190,12,0,3
BRDA:190,12,1,1
BRDA:195,13,0,2
BRDA:195,13,1,1
BRDA:197,14,0,0
BRDA:197,14,1,1
BRDA:209,15,0,2
BRDA:209,15,1,1
BRDA:214,16,0,2
BRDA:214,16,1,1
BRDA:244,17,0,11
BRDA:255,18,0,0
BRDA:255,18,1,0
BRF:33
BRH:22
end_of_record
TN:
SF:components/documents/document-card.tsx
FN:26,DocumentCard
FN:35,(anonymous_3)
FN:156,(anonymous_4)
FNF:3
FNH:0
FNDA:0,DocumentCard
FNDA:0,(anonymous_3)
FNDA:0,(anonymous_4)
DA:3,0
DA:4,0
DA:5,0
DA:6,0
DA:7,0
DA:14,0
DA:15,0
DA:16,0
DA:17,0
DA:18,0
DA:19,0
DA:26,0
DA:27,0
DA:28,0
DA:29,0
DA:31,0
DA:33,0
DA:35,0
DA:36,0
DA:37,0
DA:40,0
DA:41,0
DA:42,0
DA:43,0
DA:47,0
DA:49,0
DA:50,0
DA:56,0
DA:157,0
LF:29
LH:0
BRDA:33,0,0,0
BRDA:33,0,1,0
BRDA:36,1,0,0
BRDA:42,2,0,0
BRDA:42,2,1,0
BRDA:53,3,0,0
BRDA:53,3,1,0
BRDA:77,4,0,0
BRDA:77,4,1,0
BRDA:79,5,0,0
BRDA:79,5,1,0
BRDA:113,6,0,0
BRDA:150,7,0,0
BRDA:150,7,1,0
BRF:14
BRH:0
end_of_record
TN:
SF:components/documents/document-upload-button.tsx
FN:51,(anonymous_4)
FN:54,(anonymous_5)
FN:65,DocumentUploadButton
FN:85,(anonymous_7)
FN:104,(anonymous_8)
FN:142,(anonymous_9)
FN:150,(anonymous_10)
FN:161,(anonymous_11)
FN:166,(anonymous_12)
FN:254,(anonymous_17)
FN:276,(anonymous_18)
FN:304,(anonymous_19)
FN:309,(anonymous_20)
FN:325,(anonymous_21)
FNF:14
FNH:0
FNDA:0,(anonymous_4)
FNDA:0,(anonymous_5)
FNDA:0,DocumentUploadButton
FNDA:0,(anonymous_7)
FNDA:0,(anonymous_8)
FNDA:0,(anonymous_9)
FNDA:0,(anonymous_10)
FNDA:0,(anonymous_11)
FNDA:0,(anonymous_12)
FNDA:0,(anonymous_17)
FNDA:0,(anonymous_18)
FNDA:0,(anonymous_19)
FNDA:0,(anonymous_20)
FNDA:0,(anonymous_21)
DA:5,0
DA:6,0
DA:7,0
DA:8,0
DA:9,0
DA:10,0
DA:19,0
DA:28,0
DA:29,0
DA:30,0
DA:31,0
DA:32,0
DA:33,0
DA:34,0
DA:36,0
DA:37,0
DA:45,0
DA:51,0
DA:54,0
DA:65,0
DA:68,0
DA:69,0
DA:70,0
DA:71,0
DA:72,0
DA:73,0
DA:74,0
DA:76,0
DA:85,0
DA:86,0
DA:87,0
DA:92,0
DA:93,0
DA:94,0
DA:97,0
DA:98,0
DA:101,0
DA:104,0
DA:108,0
DA:116,0
DA:122,0
DA:123,0
DA:124,0
DA:127,0
DA:128,0
DA:131,0
DA:132,0
DA:138,0
DA:142,0
DA:143,0
DA:144,0
DA:145,0
DA:146,0
DA:150,0
DA:151,0
DA:152,0
DA:154,0
DA:155,0
DA:156,0
DA:157,0
DA:161,0
DA:162,0
DA:163,0
DA:166,0
DA:167,0
DA:168,0
DA:169,0
DA:170,0
DA:254,0
DA:277,0
DA:278,0
DA:305,0
DA:306,0
DA:310,0
DA:311,0
DA:325,0
LF:76
LH:0
BRDA:86,0,0,0
BRDA:101,1,0,0
BRDA:101,1,1,0
BRDA:127,2,0,0
BRDA:135,3,0,0
BRDA:135,3,1,0
BRDA:144,4,0,0
BRDA:155,5,0,0
BRDA:169,6,0,0
BRDA:248,7,0,0
BRDA:248,7,1,0
BRDA:257,8,0,0
BRDA:331,9,0,0
BRDA:331,9,1,0
BRF:14
BRH:0
end_of_record
TN:
SF:components/documents/document-version-upload.tsx
FN:46,(anonymous_4)
FN:49,(anonymous_5)
FN:61,DocumentVersionUpload
FN:79,(anonymous_7)
FN:121,(anonymous_8)
FN:129,(anonymous_9)
FN:139,(anonymous_10)
FN:144,(anonymous_11)
FN:183,(anonymous_13)
FN:205,(anonymous_14)
FN:241,(anonymous_15)
FN:245,(anonymous_16)
FN:282,(anonymous_18)
FNF:13
FNH:0
FNDA:0,(anonymous_4)
FNDA:0,(anonymous_5)
FNDA:0,DocumentVersionUpload
FNDA:0,(anonymous_7)
FNDA:0,(anonymous_8)
FNDA:0,(anonymous_9)
FNDA:0,(anonymous_10)
FNDA:0,(anonymous_11)
FNDA:0,(anonymous_13)
FNDA:0,(anonymous_14)
FNDA:0,(anonymous_15)
FNDA:0,(anonymous_16)
FNDA:0,(anonymous_18)
DA:4,0
DA:5,0
DA:6,0
DA:7,0
DA:8,0
DA:17,0
DA:26,0
DA:27,0
DA:28,0
DA:29,0
DA:30,0
DA:31,0
DA:33,0
DA:34,0
DA:42,0
DA:46,0
DA:49,0
DA:61,0
DA:65,0
DA:66,0
DA:67,0
DA:68,0
DA:69,0
DA:70,0
DA:72,0
DA:79,0
DA:80,0
DA:81,0
DA:86,0
DA:87,0
DA:90,0
DA:91,0
DA:93,0
DA:99,0
DA:104,0
DA:105,0
DA:106,0
DA:108,0
DA:110,0
DA:111,0
DA:117,0
DA:121,0
DA:122,0
DA:123,0
DA:124,0
DA:125,0
DA:129,0
DA:130,0
DA:131,0
DA:132,0
DA:133,0
DA:134,0
DA:135,0
DA:139,0
DA:140,0
DA:141,0
DA:144,0
DA:145,0
DA:146,0
DA:147,0
DA:183,0
DA:206,0
DA:207,0
DA:242,0
DA:243,0
DA:246,0
DA:247,0
DA:282,0
LF:68
LH:0
BRDA:80,0,0,0
BRDA:114,1,0,0
BRDA:114,1,1,0
BRDA:123,2,0,0
BRDA:133,3,0,0
BRDA:147,4,0,0
BRDA:177,5,0,0
BRDA:177,5,1,0
BRDA:186,6,0,0
BRDA:288,7,0,0
BRDA:288,7,1,0
BRF:11
BRH:0
end_of_record
TN:
SF:components/qa/chat-message.tsx
FN:21,ChatMessage
FN:96,(anonymous_3)
FN:112,SourceItem
FN:135,(anonymous_5)
FN:148,(anonymous_6)
FNF:5
FNH:5
FNDA:11,ChatMessage
FNDA:4,(anonymous_3)
FNDA:4,SourceItem
FNDA:2,(anonymous_5)
FNDA:1,(anonymous_6)
DA:3,1
DA:4,1
DA:6,1
DA:7,1
DA:8,1
DA:13,1
DA:14,1
DA:21,9
DA:22,11
DA:24,11
DA:41,10
DA:42,10
DA:97,4
DA:113,4
DA:135,2
DA:149,1
LF:16
LH:16
BRDA:24,0,0,1
BRDA:41,1,0,1
BRDA:41,2,0,1
BRDA:42,3,0,10
BRDA:42,3,1,10
BRDA:52,4,0,10
BRDA:55,5,0,2
BRDA:55,5,1,8
BRDA:57,6,0,5
BRDA:57,6,1,3
BRDA:71,7,0,10
BRDA:88,8,0,2
BRDA:126,9,0,4
BRDA:139,10,0,1
BRDA:146,11,0,4
BRDA:146,11,1,1
BRDA:146,11,2,1
BRF:17
BRH:17
end_of_record
TN:
SF:components/qa/history-item.tsx
FN:18,HistoryItem
FN:19,(anonymous_2)
FNF:2
FNH:2
FNDA:7,HistoryItem
FNDA:2,(anonymous_2)
DA:5,1
DA:7,1
DA:8,1
DA:9,1
DA:10,1
DA:18,7
DA:19,7
DA:20,2
DA:21,2
LF:9
LH:9
BRDA:45,0,0,7
BRDA:48,1,0,6
BRDA:48,1,1,0
BRDA:50,2,0,0
BRDA:50,2,1,0
BRDA:59,3,0,7
BRDA:62,4,0,1
BRDA:62,4,1,5
BRF:8
BRH:5
end_of_record
TN:
SF:components/ui/accordion.tsx
FNF:0
FNH:0
DA:3,1
DA:4,1
DA:5,1
DA:7,1
DA:9,1
DA:21,1
DA:41,1
DA:56,1
DA:58,4
LF:9
LH:9
BRF:0
BRH:0
end_of_record
TN:
SF:components/ui/alert-dialog.tsx
FNF:0
FNH:0
DA:3,1
DA:4,1
DA:6,1
DA:7,1
DA:9,1
DA:11,1
DA:13,1
DA:28,1
DA:46,1
DA:60,1
DA:74,1
DA:86,1
DA:98,1
DA:111,1
DA:127,1
DA:130,3
DA:131,0
DA:132,0
DA:133,3
DA:134,3
DA:135,3
DA:136,3
DA:137,3
DA:138,3
DA:139,3
DA:140,3
LF:26
LH:24
BRF:0
BRH:0
end_of_record
TN:
SF:components/ui/alert.tsx
FNF:0
FNH:0
DA:1,2
DA:2,2
DA:4,2
DA:6,2
DA:33,2
DA:45,2
DA:57,2
DA:59,12
LF:8
LH:8
BRF:0
BRH:0
end_of_record
TN:
SF:components/ui/aspect-ratio.tsx
FNF:0
FNH:0
DA:3,1
DA:5,1
DA:7,3
LF:3
LH:3
BRF:0
BRH:0
end_of_record
TN:
SF:components/ui/avatar.tsx
FNF:0
FNH:0
DA:3,3
DA:4,3
DA:6,3
DA:21,3
DA:33,3
DA:48,3
DA:50,6
LF:7
LH:7
BRF:0
BRH:0
end_of_record
TN:
SF:components/ui/badge.tsx
FN:30,Badge
FNF:1
FNH:1
FNDA:30,Badge
DA:1,4
DA:2,4
DA:4,4
DA:6,4
DA:36,30
LF:5
LH:5
BRF:0
BRH:0
end_of_record
TN:
SF:components/ui/breadcrumb.tsx
FN:47,(anonymous_14)
FNF:1
FNH:1
FNDA:3,(anonymous_14)
DA:1,1
DA:2,1
DA:3,1
DA:5,1
DA:13,1
DA:28,1
DA:40,1
DA:42,1
DA:48,3
DA:58,1
DA:73,1
DA:89,1
DA:105,1
DA:108,2
DA:109,2
DA:110,2
DA:111,3
DA:112,2
DA:113,3
DA:114,1
LF:20
LH:20
BRDA:48,0,0,1
BRDA:48,0,1,2
BRDA:86,1,0,3
BRDA:86,1,1,2
BRF:4
BRH:4
end_of_record
TN:
SF:components/ui/button.tsx
FN:43,(anonymous_6)
FNF:1
FNH:1
FNDA:301,(anonymous_6)
DA:1,15
DA:2,15
DA:3,15
DA:5,15
DA:7,15
DA:42,15
DA:44,301
DA:54,15
DA:56,322
LF:9
LH:9
BRDA:43,0,0,275
BRDA:44,1,0,26
BRDA:44,1,1,275
BRF:3
BRH:3
end_of_record
TN:
SF:components/ui/card.tsx
FNF:0
FNH:0
DA:1,4
DA:3,4
DA:18,4
DA:30,4
DA:45,4
DA:57,4
DA:65,4
DA:77,4
DA:79,25
LF:9
LH:9
BRF:0
BRH:0
end_of_record
TN:
SF:components/ui/checkbox.tsx
FNF:0
FNH:0
DA:3,1
DA:4,1
DA:5,1
DA:7,1
DA:28,1
DA:30,6
LF:6
LH:6
BRF:0
BRH:0
end_of_record
TN:
SF:components/ui/collapsible.tsx
FNF:0
FNH:0
DA:3,1
DA:5,1
DA:7,1
DA:9,1
DA:11,4
LF:5
LH:5
BRF:0
BRH:0
end_of_record
TN:
SF:components/ui/command.tsx
FN:26,(anonymous_14)
FN:127,(anonymous_21)
FNF:2
FNH:1
FNDA:0,(anonymous_14)
FNDA:2,(anonymous_21)
DA:3,1
DA:5,1
DA:6,1
DA:8,1
DA:9,1
DA:24,1
DA:26,1
DA:55,1
DA:68,1
DA:81,1
DA:97,1
DA:109,1
DA:125,1
DA:127,1
DA:141,1
DA:144,4
DA:145,0
DA:146,4
DA:147,4
DA:148,3
DA:149,5
DA:150,11
DA:151,2
DA:152,2
LF:24
LH:23
BRF:0
BRH:0
end_of_record
TN:
SF:components/ui/context-menu.tsx
FN:168,(anonymous_27)
FNF:1
FNH:1
FNDA:1,(anonymous_27)
DA:3,1
DA:4,1
DA:5,1
DA:7,1
DA:9,1
DA:11,1
DA:13,1
DA:15,1
DA:17,1
DA:19,1
DA:40,1
DA:55,1
DA:72,1
DA:90,1
DA:113,1
DA:136,1
DA:154,1
DA:166,1
DA:168,1
DA:182,1
DA:185,1
DA:186,1
DA:187,2
DA:188,2
DA:189,2
DA:190,2
DA:191,2
DA:192,2
DA:193,1
DA:194,1
DA:195,1
DA:196,1
DA:197,1
DA:198,2
DA:199,1
LF:35
LH:35
BRDA:31,0,0,4
BRDA:31,0,1,2
BRDA:84,1,0,4
BRDA:84,1,1,2
BRDA:148,2,0,2
BRDA:148,2,1,1
BRF:6
BRH:6
end_of_record
TN:
SF:components/ui/dialog.tsx
FNF:0
FNH:0
DA:3,4
DA:4,4
DA:5,4
DA:7,4
DA:9,4
DA:11,4
DA:13,4
DA:15,4
DA:30,4
DA:54,4
DA:68,4
DA:82,4
DA:97,4
DA:109,4
DA:112,46
DA:113,0
DA:114,0
DA:115,4
DA:116,4
DA:117,46
DA:118,46
DA:119,46
DA:120,46
DA:121,45
LF:24
LH:22
BRF:0
BRH:0
end_of_record
TN:
SF:components/ui/drawer.tsx
FNF:0
FNH:0
DA:3,1
DA:4,1
DA:6,1
DA:17,1
DA:19,1
DA:21,1
DA:23,1
DA:35,1
DA:56,1
DA:67,1
DA:78,1
DA:93,1
DA:105,1
DA:108,2
DA:109,1
DA:110,1
DA:111,1
DA:112,1
DA:113,2
DA:114,1
DA:115,1
DA:116,1
DA:117,1
LF:23
LH:23
BRDA:9,0,0,2
BRF:1
BRH:1
end_of_record
TN:
SF:components/ui/dropdown-menu.tsx
FN:171,(anonymous_27)
FNF:1
FNH:0
FNDA:0,(anonymous_27)
DA:3,3
DA:4,3
DA:5,3
DA:7,3
DA:9,3
DA:11,3
DA:13,3
DA:15,3
DA:17,3
DA:19,3
DA:40,3
DA:56,3
DA:75,3
DA:93,3
DA:116,3
DA:139,3
DA:157,3
DA:169,3
DA:171,3
DA:182,3
DA:185,7
DA:186,7
DA:187,7
DA:188,12
DA:189,2
DA:190,2
DA:191,5
DA:192,7
DA:193,0
DA:194,1
DA:195,0
DA:196,0
DA:197,0
DA:198,0
DA:199,1
LF:35
LH:30
BRDA:31,0,0,0
BRDA:31,0,1,0
BRDA:62,1,0,7
BRDA:87,2,0,7
BRDA:87,2,1,0
BRDA:151,3,0,2
BRDA:151,3,1,0
BRF:7
BRH:3
end_of_record
TN:
SF:components/ui/form.tsx
FN:31,(anonymous_12)
FN:44,(anonymous_13)
FN:78,(anonymous_14)
FN:92,(anonymous_15)
FN:109,(anonymous_16)
FN:131,(anonymous_17)
FN:148,(anonymous_18)
FNF:7
FNH:7
FNDA:460,(anonymous_12)
FNDA:1853,(anonymous_13)
FNDA:598,(anonymous_14)
FNDA:598,(anonymous_15)
FNDA:598,(anonymous_16)
FNDA:69,(anonymous_17)
FNDA:588,(anonymous_18)
DA:3,4
DA:5,4
DA:13,4
DA:15,4
DA:16,4
DA:18,4
DA:27,4
DA:31,4
DA:44,4
DA:45,1853
DA:46,1853
DA:47,1853
DA:49,1853
DA:51,1853
DA:52,0
DA:55,1853
DA:57,1853
DA:71,4
DA:75,4
DA:79,598
DA:87,4
DA:89,4
DA:93,598
DA:104,4
DA:106,4
DA:110,598
DA:126,4
DA:128,4
DA:132,69
DA:143,4
DA:145,4
DA:149,588
DA:150,588
DA:152,588
DA:153,551
DA:167,4
DA:170,0
DA:171,137
DA:172,657
DA:173,657
DA:174,657
DA:175,76
DA:176,645
DA:177,525
LF:44
LH:42
BRDA:51,0,0,0
BRDA:98,1,0,598
BRDA:98,1,1,37
BRDA:117,2,0,561
BRDA:117,2,1,37
BRDA:150,3,0,37
BRDA:150,3,1,551
BRDA:152,4,0,551
BRF:8
BRH:7
end_of_record
TN:
SF:components/ui/hover-card.tsx
FNF:0
FNH:0
DA:3,1
DA:4,1
DA:6,1
DA:8,1
DA:10,1
DA:27,1
DA:29,4
LF:7
LH:7
BRDA:15,0,0,3
BRDA:15,1,0,4
BRF:2
BRH:2
end_of_record
TN:
SF:components/ui/input-otp.tsx
FN:72,(anonymous_13)
FNF:1
FNH:1
FNDA:3,(anonymous_13)
DA:4,1
DA:5,1
DA:6,1
DA:11,3
DA:25,0
DA:34,1
DA:39,1
DA:53,1
DA:58,1
DA:64,1
DA:69,3
DA:73,3
DA:74,3
DA:99,1
DA:104,1
DA:112,1
LF:16
LH:15
BRDA:74,0,0,3
BRDA:74,0,1,0
BRDA:85,1,0,3
BRDA:85,1,1,1
BRDA:91,2,0,3
BRF:5
BRH:4
end_of_record
TN:
SF:components/ui/input.tsx
FN:6,(anonymous_4)
FNF:1
FNH:1
FNDA:579,(anonymous_4)
DA:1,6
DA:3,6
DA:5,6
DA:20,6
DA:22,630
LF:5
LH:5
BRF:0
BRH:0
end_of_record
TN:
SF:components/ui/label.tsx
FNF:0
FNH:0
DA:3,5
DA:4,5
DA:5,5
DA:7,5
DA:9,5
DA:24,5
DA:26,603
LF:7
LH:7
BRF:0
BRH:0
end_of_record
TN:
SF:components/ui/navigation-menu.tsx
FNF:0
FNH:0
DA:1,0
DA:2,0
DA:3,0
DA:4,0
DA:6,0
DA:24,0
DA:39,0
DA:41,0
DA:43,0
DA:63,0
DA:78,0
DA:80,0
DA:97,0
DA:115,0
DA:119,0
DA:120,0
DA:121,0
DA:122,0
DA:123,0
DA:124,0
DA:125,0
DA:126,0
DA:127,0
LF:23
LH:0
BRF:0
BRH:0
end_of_record
TN:
SF:components/ui/pagination.tsx
FNF:0
FNH:0
DA:1,1
DA:2,1
DA:4,1
DA:5,1
DA:15,1
DA:27,1
DA:35,1
DA:60,1
DA:76,1
DA:92,1
DA:107,1
DA:110,3
DA:111,3
DA:112,2
DA:113,12
DA:114,6
DA:115,2
DA:116,2
LF:18
LH:18
BRDA:45,0,0,6
BRDA:49,1,0,2
BRDA:49,1,1,8
BRDA:52,2,0,2
BRDA:52,2,1,8
BRF:5
BRH:5
end_of_record
TN:
SF:components/ui/popover.tsx
FNF:0
FNH:0
DA:3,1
DA:4,1
DA:6,1
DA:8,1
DA:10,1
DA:29,1
DA:31,4
LF:7
LH:7
BRDA:15,0,0,3
BRDA:15,1,0,4
BRF:2
BRH:2
end_of_record
TN:
SF:components/ui/progress.tsx
FNF:0
FNH:0
DA:3,1
DA:4,1
DA:6,1
DA:26,1
DA:28,6
LF:5
LH:5
BRDA:22,0,0,6
BRDA:22,0,1,2
BRF:2
BRH:2
end_of_record
TN:
SF:components/ui/scroll-area.tsx
FNF:0
FNH:0
DA:3,1
DA:4,1
DA:6,1
DA:24,1
DA:46,1
DA:48,5
LF:6
LH:6
BRDA:29,0,0,6
BRDA:35,1,0,7
BRDA:35,1,1,6
BRDA:37,2,0,7
BRDA:37,2,1,1
BRF:5
BRH:5
end_of_record
TN:
SF:components/ui/select.tsx
FNF:0
FNH:0
DA:3,4
DA:4,4
DA:5,4
DA:7,4
DA:9,4
DA:11,4
DA:13,4
DA:33,4
DA:50,4
DA:67,4
DA:100,4
DA:112,4
DA:135,4
DA:147,4
DA:150,50
DA:151,3
DA:152,50
DA:153,50
DA:154,50
DA:155,3
DA:156,158
DA:157,2
DA:158,0
DA:159,0
LF:24
LH:22
BRDA:73,0,0,44
BRDA:79,1,0,44
BRDA:79,1,1,44
BRDA:90,2,0,44
BRDA:90,2,1,44
BRF:5
BRH:5
end_of_record
TN:
SF:components/ui/separator.tsx
FNF:0
FNH:0
DA:3,2
DA:4,2
DA:6,2
DA:29,2
DA:31,101
LF:5
LH:5
BRDA:13,0,0,100
BRDA:13,1,0,100
BRDA:22,2,0,100
BRDA:22,2,1,1
BRF:4
BRH:4
end_of_record
TN:
SF:components/ui/sheet.tsx
FNF:0
FNH:0
DA:3,1
DA:4,1
DA:5,1
DA:6,1
DA:8,1
DA:10,1
DA:12,1
DA:14,1
DA:16,1
DA:31,1
DA:33,1
DA:75,1
DA:89,1
DA:103,1
DA:115,1
DA:127,1
DA:130,5
DA:131,0
DA:132,0
DA:133,5
DA:134,4
DA:135,5
DA:136,4
DA:137,4
DA:138,4
DA:139,3
LF:26
LH:24
BRDA:59,0,0,4
BRF:1
BRH:1
end_of_record
TN:
SF:components/ui/skeleton.tsx
FN:3,Skeleton
FNF:1
FNH:1
FNDA:24,Skeleton
DA:1,1
DA:15,24
LF:2
LH:2
BRF:0
BRH:0
end_of_record
TN:
SF:components/ui/slider.tsx
FNF:0
FNH:0
DA:3,1
DA:4,1
DA:6,1
DA:26,1
DA:28,5
LF:5
LH:5
BRF:0
BRH:0
end_of_record
TN:
SF:components/ui/switch.tsx
FNF:0
FNH:0
DA:3,2
DA:4,2
DA:6,2
DA:27,2
DA:29,18
LF:5
LH:5
BRF:0
BRH:0
end_of_record
TN:
SF:components/ui/table.tsx
FNF:0
FNH:0
DA:1,1
DA:3,1
DA:17,1
DA:25,1
DA:37,1
DA:52,1
DA:67,1
DA:82,1
DA:94,1
DA:106,1
DA:109,7
DA:110,7
DA:111,7
DA:112,0
DA:113,42
DA:114,15
DA:115,23
DA:116,0
LF:18
LH:16
BRF:0
BRH:0
end_of_record
TN:
SF:components/ui/tabs.tsx
FNF:0
FNH:0
DA:3,1
DA:4,1
DA:6,1
DA:8,1
DA:23,1
DA:38,1
DA:53,1
DA:55,7
LF:8
LH:8
BRF:0
BRH:0
end_of_record
TN:
SF:components/ui/textarea.tsx
FN:8,(anonymous_4)
FNF:1
FNH:1
FNDA:9,(anonymous_4)
DA:1,1
DA:3,1
DA:5,1
DA:20,1
DA:22,9
LF:5
LH:5
BRF:0
BRH:0
end_of_record
TN:
SF:components/ui/toast.tsx
FN:47,(anonymous_12)
FNF:1
FNH:1
FNDA:6,(anonymous_12)
DA:3,2
DA:4,2
DA:5,2
DA:6,2
DA:8,2
DA:10,2
DA:25,2
DA:27,2
DA:43,2
DA:56,2
DA:71,2
DA:89,2
DA:101,2
DA:113,2
DA:122,9
DA:123,9
DA:124,6
DA:125,4
DA:126,2
DA:127,2
DA:128,2
LF:21
LH:21
BRF:0
BRH:0
end_of_record
TN:
SF:components/ui/toaster.tsx
FN:13,Toaster
FN:18,(anonymous_2)
FNF:2
FNH:1
FNDA:3,Toaster
FNDA:0,(anonymous_2)
DA:3,1
DA:11,1
DA:13,3
DA:14,3
DA:19,0
LF:5
LH:4
BRDA:22,0,0,0
BRDA:23,1,0,0
BRF:2
BRH:0
end_of_record
TN:
SF:components/ui/toggle.tsx
FNF:0
FNH:0
DA:3,1
DA:4,1
DA:5,1
DA:7,1
DA:9,1
DA:43,1
DA:45,11
LF:7
LH:7
BRF:0
BRH:0
end_of_record
TN:
SF:components/ui/tooltip.tsx
FNF:0
FNH:0
DA:3,1
DA:4,1
DA:6,1
DA:8,1
DA:10,1
DA:12,1
DA:28,1
DA:30,4
LF:8
LH:8
BRDA:17,0,0,4
BRF:1
BRH:1
end_of_record
TN:
SF:components/ui/use-toast.ts
FN:30,genId
FN:61,(anonymous_8)
FN:66,(anonymous_9)
FN:77,(anonymous_10)
FN:88,(anonymous_11)
FN:101,(anonymous_12)
FN:108,(anonymous_13)
FN:127,(anonymous_14)
FN:136,dispatch
FN:138,(anonymous_16)
FN:145,toast
FN:148,(anonymous_18)
FN:153,(anonymous_19)
FN:161,(anonymous_20)
FN:174,useToast
FN:177,(anonymous_22)
FN:179,(anonymous_23)
FN:190,(anonymous_24)
FNF:18
FNH:8
FNDA:7,genId
FNDA:0,(anonymous_8)
FNDA:0,(anonymous_9)
FNDA:7,(anonymous_10)
FNDA:0,(anonymous_11)
FNDA:0,(anonymous_12)
FNDA:0,(anonymous_13)
FNDA:0,(anonymous_14)
FNDA:7,dispatch
FNDA:7,(anonymous_16)
FNDA:7,toast
FNDA:0,(anonymous_18)
FNDA:0,(anonymous_19)
FNDA:0,(anonymous_20)
FNDA:38,useToast
FNDA:22,(anonymous_22)
FNDA:22,(anonymous_23)
FNDA:0,(anonymous_24)
DA:4,5
DA:11,5
DA:12,5
DA:21,5
DA:28,5
DA:31,7
DA:32,7
DA:59,5
DA:61,5
DA:62,0
DA:63,0
DA:66,0
DA:67,0
DA:68,0
DA:74,0
DA:77,5
DA:78,7
DA:80,7
DA:86,0
DA:89,0
DA:94,0
DA:98,0
DA:99,0
DA:101,0
DA:102,0
DA:106,0
DA:109,0
DA:119,0
DA:120,0
DA:125,0
DA:127,0
DA:132,5
DA:134,5
DA:137,7
DA:138,7
DA:139,7
DA:146,7
DA:148,7
DA:149,0
DA:153,7
DA:155,7
DA:162,0
DA:167,7
DA:175,38
DA:177,38
DA:178,22
DA:179,22
DA:180,22
DA:181,22
DA:182,22
DA:187,38
DA:190,0
DA:194,40
LF:53
LH:31
BRDA:62,0,0,0
BRDA:78,1,0,7
BRDA:78,1,1,0
BRDA:78,1,2,0
BRDA:78,1,3,0
BRDA:89,2,0,0
BRDA:89,2,1,0
BRDA:98,3,0,0
BRDA:98,3,1,0
BRDA:109,4,0,0
BRDA:109,4,1,0
BRDA:109,5,0,0
BRDA:109,5,1,0
BRDA:119,6,0,0
BRDA:162,7,0,0
BRDA:181,8,0,22
BRF:16
BRH:2
end_of_record
TN:
SF:hooks/use-auth.tsx
FN:6,useAuth
FNF:1
FNH:1
FNDA:20,useAuth
DA:3,2
DA:4,2
DA:6,20
DA:7,20
DA:9,20
DA:10,0
DA:13,20
LF:7
LH:6
BRDA:9,0,0,0
BRF:1
BRH:0
end_of_record
TN:
SF:hooks/use-documents.tsx
FN:16,useDocuments
FN:31,(anonymous_2)
FN:64,(anonymous_3)
FN:69,(anonymous_4)
FN:83,(anonymous_5)
FN:100,(anonymous_6)
FN:104,(anonymous_7)
FN:118,(anonymous_8)
FN:127,(anonymous_9)
FNF:9
FNH:0
FNDA:0,useDocuments
FNDA:0,(anonymous_2)
FNDA:0,(anonymous_3)
FNDA:0,(anonymous_4)
FNDA:0,(anonymous_5)
FNDA:0,(anonymous_6)
FNDA:0,(anonymous_7)
FNDA:0,(anonymous_8)
FNDA:0,(anonymous_9)
DA:3,0
DA:4,0
DA:5,0
DA:6,0
DA:16,0
DA:17,0
DA:18,0
DA:24,0
DA:25,0
DA:27,0
DA:28,0
DA:29,0
DA:31,0
DA:32,0
DA:33,0
DA:35,0
DA:36,0
DA:39,0
DA:40,0
DA:42,0
DA:48,0
DA:49,0
DA:52,0
DA:53,0
DA:54,0
DA:60,0
DA:64,0
DA:65,0
DA:68,0
DA:70,0
DA:71,0
DA:72,0
DA:74,0
DA:76,0
DA:77,0
DA:82,0
DA:84,0
DA:86,0
DA:88,0
DA:89,0
DA:90,0
DA:93,0
DA:94,0
DA:99,0
DA:101,0
DA:103,0
DA:104,0
DA:106,0
DA:107,0
DA:109,0
DA:112,0
DA:117,0
DA:119,0
DA:120,0
DA:121,0
DA:126,0
DA:129,0
DA:134,0
LF:58
LH:0
BRDA:36,0,0,0
BRDA:36,0,1,0
BRDA:39,1,0,0
BRDA:39,1,1,0
BRDA:40,2,0,0
BRDA:40,2,1,0
BRDA:52,3,0,0
BRDA:52,3,1,0
BRDA:71,4,0,0
BRDA:71,4,1,0
BRDA:86,5,0,0
BRDA:86,5,1,0
BRDA:88,6,0,0
BRDA:103,7,0,0
BRDA:103,7,1,0
BRDA:106,8,0,0
BRDA:106,8,1,0
BRF:17
BRH:0
end_of_record
TN:
SF:hooks/use-mobile.tsx
FN:5,useIsMobile
FN:8,(anonymous_5)
FN:10,(anonymous_6)
FN:15,(anonymous_7)
FNF:4
FNH:0
FNDA:0,useIsMobile
FNDA:0,(anonymous_5)
FNDA:0,(anonymous_6)
FNDA:0,(anonymous_7)
DA:1,0
DA:3,0
DA:5,0
DA:6,0
DA:8,0
DA:9,0
DA:10,0
DA:11,0
DA:13,0
DA:14,0
DA:15,0
DA:18,0
LF:12
LH:0
BRF:0
BRH:0
end_of_record
TN:
SF:hooks/use-toast.ts
FN:30,genId
FN:61,(anonymous_8)
FN:66,(anonymous_9)
FN:77,(anonymous_10)
FN:88,(anonymous_11)
FN:101,(anonymous_12)
FN:108,(anonymous_13)
FN:127,(anonymous_14)
FN:136,dispatch
FN:138,(anonymous_16)
FN:145,toast
FN:148,(anonymous_18)
FN:153,(anonymous_19)
FN:161,(anonymous_20)
FN:174,useToast
FN:177,(anonymous_22)
FN:179,(anonymous_23)
FN:190,(anonymous_24)
FNF:18
FNH:3
FNDA:0,genId
FNDA:0,(anonymous_8)
FNDA:0,(anonymous_9)
FNDA:0,(anonymous_10)
FNDA:0,(anonymous_11)
FNDA:0,(anonymous_12)
FNDA:0,(anonymous_13)
FNDA:0,(anonymous_14)
FNDA:0,dispatch
FNDA:0,(anonymous_16)
FNDA:0,toast
FNDA:0,(anonymous_18)
FNDA:0,(anonymous_19)
FNDA:0,(anonymous_20)
FNDA:3,useToast
FNDA:3,(anonymous_22)
FNDA:3,(anonymous_23)
FNDA:0,(anonymous_24)
DA:4,1
DA:11,1
DA:12,1
DA:21,1
DA:28,1
DA:31,0
DA:32,0
DA:59,1
DA:61,1
DA:62,0
DA:63,0
DA:66,0
DA:67,0
DA:68,0
DA:74,0
DA:77,1
DA:78,0
DA:80,0
DA:86,0
DA:89,0
DA:94,0
DA:98,0
DA:99,0
DA:101,0
DA:102,0
DA:106,0
DA:109,0
DA:119,0
DA:120,0
DA:125,0
DA:127,0
DA:132,1
DA:134,1
DA:137,0
DA:138,0
DA:139,0
DA:146,0
DA:148,0
DA:149,0
DA:153,0
DA:155,0
DA:162,0
DA:167,0
DA:175,3
DA:177,3
DA:178,3
DA:179,3
DA:180,3
DA:181,3
DA:182,3
DA:187,3
DA:190,0
DA:194,3
LF:53
LH:19
BRDA:62,0,0,0
BRDA:78,1,0,0
BRDA:78,1,1,0
BRDA:78,1,2,0
BRDA:78,1,3,0
BRDA:89,2,0,0
BRDA:89,2,1,0
BRDA:98,3,0,0
BRDA:98,3,1,0
BRDA:109,4,0,0
BRDA:109,4,1,0
BRDA:109,5,0,0
BRDA:109,5,1,0
BRDA:119,6,0,0
BRDA:162,7,0,0
BRDA:181,8,0,3
BRF:16
BRH:1
end_of_record
TN:
SF:lib/api.ts
FN:4,(anonymous_2)
FN:21,(anonymous_3)
FN:28,(anonymous_4)
FNF:3
FNH:0
FNDA:0,(anonymous_2)
FNDA:0,(anonymous_3)
FNDA:0,(anonymous_4)
DA:1,3
DA:4,3
DA:5,0
DA:6,0
DA:8,0
DA:12,36
DA:20,3
DA:22,0
DA:23,0
DA:24,0
DA:26,0
DA:28,0
LF:12
LH:4
BRDA:5,0,0,0
BRDA:13,1,0,3
BRDA:13,1,1,0
BRDA:23,2,0,0
BRF:4
BRH:1
end_of_record
TN:
SF:lib/auth.ts
FN:1,getAuthToken
FNF:1
FNH:0
FNDA:0,getAuthToken
DA:1,0
DA:2,0
DA:3,0
DA:5,0
LF:4
LH:0
BRDA:2,0,0,0
BRF:1
BRH:0
end_of_record
TN:
SF:lib/file-icons.tsx
FN:13,getFileIcon
FNF:1
FNH:0
FNDA:0,getFileIcon
DA:11,0
DA:13,0
DA:14,0
DA:16,0
DA:17,0
DA:18,0
DA:25,0
DA:26,0
DA:34,0
DA:35,0
DA:41,0
DA:42,0
DA:50,0
DA:51,0
DA:58,0
DA:59,0
DA:65,0
DA:66,0
DA:72,0
DA:75,0
LF:20
LH:0
BRDA:14,0,0,0
BRDA:16,1,0,0
BRDA:16,1,1,0
BRDA:18,2,0,0
BRDA:18,2,1,0
BRDA:19,3,0,0
BRDA:19,3,1,0
BRDA:19,3,2,0
BRDA:19,3,3,0
BRDA:19,3,4,0
BRDA:26,4,0,0
BRDA:26,4,1,0
BRDA:27,5,0,0
BRDA:27,5,1,0
BRDA:27,5,2,0
BRDA:27,5,3,0
BRDA:27,5,4,0
BRDA:27,5,5,0
BRDA:35,6,0,0
BRDA:35,6,1,0
BRDA:36,7,0,0
BRDA:36,7,1,0
BRDA:36,7,2,0
BRDA:36,7,3,0
BRDA:42,8,0,0
BRDA:42,8,1,0
BRDA:43,9,0,0
BRDA:43,9,1,0
BRDA:43,9,2,0
BRDA:43,9,3,0
BRDA:43,9,4,0
BRDA:43,9,5,0
BRDA:51,10,0,0
BRDA:51,10,1,0
BRDA:52,11,0,0
BRDA:52,11,1,0
BRDA:52,11,2,0
BRDA:52,11,3,0
BRDA:52,11,4,0
BRDA:59,12,0,0
BRDA:59,12,1,0
BRDA:60,13,0,0
BRDA:60,13,1,0
BRDA:60,13,2,0
BRDA:60,13,3,0
BRDA:66,14,0,0
BRDA:67,15,0,0
BRDA:67,15,1,0
BRDA:67,15,2,0
BRDA:67,15,3,0
BRF:50
BRH:0
end_of_record
TN:
SF:lib/utils.ts
FN:4,cn
FNF:1
FNH:1
FNDA:3985,cn
DA:1,40
DA:2,40
DA:4,3985
DA:5,3985
LF:4
LH:4
BRF:0
BRH:0
end_of_record
TN:
SF:providers/auth-provider.tsx
FN:44,AuthProvider
FN:51,(anonymous_5)
FN:53,(anonymous_6)
FN:68,(anonymous_7)
FN:93,(anonymous_8)
FN:118,(anonymous_9)
FN:131,(anonymous_10)
FN:169,useAuth
FNF:8
FNH:7
FNDA:38,AuthProvider
FNDA:17,(anonymous_5)
FNDA:17,(anonymous_6)
FNDA:3,(anonymous_7)
FNDA:2,(anonymous_8)
FNDA:1,(anonymous_9)
FNDA:1,(anonymous_10)
FNDA:0,useAuth
DA:5,3
DA:6,3
DA:7,3
DA:8,3
DA:42,3
DA:44,19
DA:45,38
DA:46,38
DA:47,38
DA:48,38
DA:49,38
DA:51,38
DA:53,17
DA:54,17
DA:55,17
DA:56,7
DA:59,10
DA:61,17
DA:65,17
DA:68,38
DA:69,3
DA:70,3
DA:71,3
DA:72,2
DA:74,2
DA:80,2
DA:82,1
DA:87,1
DA:89,3
DA:93,38
DA:94,2
DA:95,2
DA:96,2
DA:97,1
DA:99,1
DA:105,1
DA:107,1
DA:112,1
DA:114,2
DA:118,38
DA:119,1
DA:120,1
DA:122,1
DA:128,1
DA:131,38
DA:132,1
DA:133,1
DA:134,1
DA:135,1
DA:137,1
DA:142,0
DA:147,0
DA:149,1
DA:169,0
DA:170,0
DA:171,0
DA:172,0
DA:174,0
DA:177,38
LF:59
LH:52
BRDA:76,0,0,0
BRDA:76,0,1,2
BRDA:85,1,0,1
BRDA:85,1,1,0
BRDA:110,2,0,1
BRDA:110,2,1,0
BRDA:145,3,0,0
BRDA:145,3,1,0
BRDA:171,4,0,0
BRF:9
BRH:3
end_of_record
TN:
SF:services/auth-service.ts
FN:44,(anonymous_1)
FN:44,(anonymous_2)
FN:47,(anonymous_3)
FN:53,(anonymous_4)
FN:62,(anonymous_5)
FN:87,(anonymous_6)
FN:106,(anonymous_7)
FN:119,(anonymous_8)
FN:138,(anonymous_9)
FNF:9
FNH:5
FNDA:0,(anonymous_1)
FNDA:0,(anonymous_2)
FNDA:0,(anonymous_3)
FNDA:0,(anonymous_4)
FNDA:3,(anonymous_5)
FNDA:3,(anonymous_6)
FNDA:13,(anonymous_7)
FNDA:3,(anonymous_8)
FNDA:1,(anonymous_9)
DA:3,3
DA:5,3
DA:6,3
DA:10,3
DA:13,3
DA:44,3
DA:47,3
DA:48,0
DA:49,0
DA:53,3
DA:54,0
DA:55,0
DA:57,0
DA:60,23
DA:69,3
DA:70,3
DA:73,1
DA:74,1
DA:77,1
DA:79,2
DA:80,1
DA:82,1
DA:88,3
DA:89,3
DA:92,2
DA:93,2
DA:96,2
DA:98,1
DA:99,1
DA:101,0
DA:107,13
DA:108,13
DA:109,11
DA:111,12
DA:112,1
DA:114,12
DA:124,3
DA:125,3
DA:126,2
DA:128,1
DA:129,1
DA:133,0
DA:139,1
LF:43
LH:36
BRDA:5,0,0,3
BRDA:5,0,1,0
BRDA:54,1,0,0
BRDA:73,2,0,1
BRDA:79,3,0,1
BRDA:80,4,0,1
BRDA:80,4,1,0
BRDA:92,5,0,2
BRDA:98,6,0,1
BRDA:99,7,0,1
BRDA:99,7,1,0
BRDA:111,8,0,1
BRDA:111,9,0,12
BRDA:111,9,1,1
BRDA:128,10,0,1
BRDA:130,11,0,1
BRDA:130,11,1,0
BRF:17
BRH:12
end_of_record
TN:
SF:services/user-service.ts
FN:6,(anonymous_2)
FN:23,(anonymous_3)
FN:30,(anonymous_4)
FN:34,(anonymous_5)
FN:34,(anonymous_6)
FN:90,(anonymous_7)
FN:108,(anonymous_8)
FN:121,(anonymous_9)
FN:140,(anonymous_10)
FN:162,(anonymous_11)
FNF:10
FNH:5
FNDA:0,(anonymous_2)
FNDA:0,(anonymous_3)
FNDA:0,(anonymous_4)
FNDA:0,(anonymous_5)
FNDA:0,(anonymous_6)
FNDA:2,(anonymous_7)
FNDA:2,(anonymous_8)
FNDA:2,(anonymous_9)
FNDA:2,(anonymous_10)
FNDA:2,(anonymous_11)
DA:1,3
DA:3,3
DA:6,3
DA:7,0
DA:8,0
DA:10,0
DA:14,3
DA:22,3
DA:24,0
DA:25,0
DA:26,0
DA:28,0
DA:30,0
DA:34,3
DA:37,3
DA:74,3
DA:75,51
DA:88,12
DA:96,2
DA:97,2
DA:98,1
DA:100,1
DA:101,1
DA:103,0
DA:109,2
DA:110,2
DA:111,1
DA:113,1
DA:114,1
DA:116,0
DA:128,2
DA:129,2
DA:130,1
DA:132,1
DA:133,1
DA:135,0
DA:150,2
DA:151,2
DA:152,1
DA:154,1
DA:155,1
DA:157,0
DA:163,2
DA:164,2
DA:165,1
DA:167,1
DA:168,1
DA:170,0
LF:48
LH:35
BRDA:3,0,0,3
BRDA:3,0,1,0
BRDA:7,1,0,0
BRDA:25,2,0,0
BRDA:80,3,0,15
BRDA:80,3,1,36
BRDA:80,4,0,18
BRDA:80,4,1,18
BRDA:100,5,0,1
BRDA:101,6,0,1
BRDA:101,6,1,0
BRDA:113,7,0,1
BRDA:114,8,0,1
BRDA:114,8,1,0
BRDA:132,9,0,1
BRDA:133,10,0,1
BRDA:133,10,1,0
BRDA:154,11,0,1
BRDA:155,12,0,1
BRDA:155,12,1,0
BRDA:167,13,0,1
BRDA:168,14,0,1
BRDA:168,14,1,0
BRF:23
BRH:15
end_of_record
