TN:
SF:app/error.tsx
FN:8,Error
FN:15,(anonymous_3)
FNF:2
FNH:0
FNDA:0,Error
FNDA:0,(anonymous_3)
DA:3,0
DA:4,0
DA:5,0
DA:6,0
DA:8,0
DA:15,0
DA:17,0
LF:7
LH:0
BRF:0
BRH:0
end_of_record
TN:
SF:app/layout.tsx
FN:15,RootLayout
FNF:1
FNH:0
FNDA:0,RootLayout
DA:2,0
DA:3,0
DA:4,0
DA:5,0
DA:6,0
DA:7,0
DA:9,0
DA:15,0
LF:8
LH:0
BRF:0
BRH:0
end_of_record
TN:
SF:app/loading.tsx
FN:3,Loading
FNF:1
FNH:0
FNDA:0,Loading
DA:1,0
DA:3,0
LF:2
LH:0
BRF:0
BRH:0
end_of_record
TN:
SF:app/not-found.tsx
FN:5,NotFound
FNF:1
FNH:0
FNDA:0,NotFound
DA:1,0
DA:2,0
DA:3,0
DA:5,0
LF:4
LH:0
BRF:0
BRH:0
end_of_record
TN:
SF:app/page.tsx
FN:5,Home
FNF:1
FNH:0
FNDA:0,Home
DA:1,0
DA:2,0
DA:3,0
DA:5,0
LF:4
LH:0
BRF:0
BRH:0
end_of_record
TN:
SF:app/about/page.tsx
FN:6,AboutPage
FNF:1
FNH:1
FNDA:4,AboutPage
DA:1,1
DA:2,1
DA:3,1
DA:4,1
DA:6,4
LF:5
LH:5
BRF:0
BRH:0
end_of_record
TN:
SF:app/admin/loading.tsx
FN:1,Loading
FNF:1
FNH:0
FNDA:0,Loading
DA:1,0
DA:2,0
LF:2
LH:0
BRF:0
BRH:0
end_of_record
TN:
SF:app/admin/page.tsx
FN:20,AdminPage
FN:36,(anonymous_3)
FN:51,(anonymous_4)
FN:75,(anonymous_5)
FN:110,(anonymous_6)
FNF:5
FNH:5
FNDA:14,AdminPage
FNDA:8,(anonymous_3)
FNDA:7,(anonymous_4)
FNDA:6,(anonymous_5)
FNDA:21,(anonymous_6)
DA:3,1
DA:4,1
DA:5,1
DA:6,1
DA:7,1
DA:8,1
DA:9,1
DA:10,1
DA:11,1
DA:12,1
DA:13,1
DA:14,1
DA:15,1
DA:16,1
DA:17,1
DA:18,1
DA:20,8
DA:21,14
DA:22,14
DA:23,14
DA:24,14
DA:26,14
DA:27,14
DA:34,14
DA:36,14
DA:38,8
DA:39,1
DA:44,1
DA:45,1
DA:48,7
DA:51,14
DA:52,7
DA:53,7
DA:57,7
DA:63,6
DA:69,0
DA:71,6
DA:75,14
DA:76,6
DA:77,6
DA:78,6
DA:81,14
DA:111,21
LF:43
LH:42
BRDA:34,0,0,14
BRDA:34,0,1,6
BRDA:38,1,0,1
BRDA:38,2,0,8
BRDA:38,2,1,8
BRDA:81,3,0,1
BRDA:81,4,0,14
BRDA:81,4,1,14
BRDA:109,5,0,7
BRF:9
BRH:9
end_of_record
TN:
SF:app/auth/login/page.tsx
FN:23,LoginPage
FN:37,(anonymous_6)
FNF:2
FNH:2
FNDA:6,LoginPage
FNDA:2,(anonymous_6)
DA:3,1
DA:4,1
DA:5,1
DA:6,1
DA:7,1
DA:8,1
DA:9,1
DA:10,1
DA:11,1
DA:12,1
DA:13,1
DA:14,1
DA:16,1
DA:23,3
DA:24,6
DA:25,6
DA:26,6
DA:27,6
DA:29,6
DA:37,6
DA:38,2
DA:39,2
DA:40,2
DA:43,0
DA:46,1
LF:25
LH:24
BRDA:101,0,0,2
BRDA:101,0,1,4
BRF:2
BRH:2
end_of_record
TN:
SF:app/auth/register/page.tsx
FN:24,(anonymous_5)
FN:31,RegisterPage
FN:48,(anonymous_7)
FNF:3
FNH:3
FNDA:3,(anonymous_5)
FNDA:31,RegisterPage
FNDA:1,(anonymous_7)
DA:3,1
DA:4,1
DA:5,1
DA:6,1
DA:7,1
DA:8,1
DA:9,1
DA:10,1
DA:11,1
DA:12,1
DA:13,1
DA:14,1
DA:16,1
DA:24,3
DA:31,4
DA:32,31
DA:33,31
DA:34,31
DA:35,31
DA:37,31
DA:48,31
DA:49,1
DA:50,1
DA:51,1
DA:52,1
DA:55,0
DA:58,1
LF:27
LH:26
BRDA:163,0,0,0
BRDA:163,0,1,31
BRF:2
BRH:1
end_of_record
TN:
SF:app/documents/loading.tsx
FN:1,Loading
FNF:1
FNH:0
FNDA:0,Loading
DA:1,0
DA:2,0
LF:2
LH:0
BRF:0
BRH:0
end_of_record
TN:
SF:app/documents/page.tsx
FN:23,DocumentsPage
FN:48,(anonymous_3)
FN:58,(anonymous_4)
FN:74,(anonymous_5)
FN:89,(anonymous_6)
FN:104,(anonymous_7)
FN:110,(anonymous_8)
FN:122,(anonymous_9)
FN:123,(anonymous_10)
FN:138,(anonymous_11)
FN:165,(anonymous_12)
FN:166,(anonymous_13)
FN:175,(anonymous_14)
FN:195,(anonymous_15)
FN:203,(anonymous_16)
FN:216,(anonymous_17)
FN:231,(anonymous_18)
FNF:17
FNH:6
FNDA:6,DocumentsPage
FNDA:3,(anonymous_3)
FNDA:3,(anonymous_4)
FNDA:3,(anonymous_5)
FNDA:0,(anonymous_6)
FNDA:0,(anonymous_7)
FNDA:0,(anonymous_8)
FNDA:0,(anonymous_9)
FNDA:0,(anonymous_10)
FNDA:0,(anonymous_11)
FNDA:0,(anonymous_12)
FNDA:0,(anonymous_13)
FNDA:0,(anonymous_14)
FNDA:0,(anonymous_15)
FNDA:0,(anonymous_16)
FNDA:18,(anonymous_17)
FNDA:3,(anonymous_18)
DA:3,1
DA:4,1
DA:5,1
DA:6,1
DA:13,1
DA:14,1
DA:15,1
DA:16,1
DA:17,1
DA:18,1
DA:19,1
DA:20,1
DA:21,1
DA:23,3
DA:24,6
DA:25,6
DA:26,6
DA:27,6
DA:29,6
DA:30,6
DA:36,6
DA:37,6
DA:40,6
DA:41,6
DA:44,6
DA:45,6
DA:46,6
DA:48,6
DA:50,3
DA:51,3
DA:52,0
DA:55,3
DA:58,6
DA:59,3
DA:60,3
DA:62,3
DA:70,3
DA:71,3
DA:74,3
DA:75,3
DA:76,3
DA:78,0
DA:79,0
DA:85,3
DA:89,6
DA:90,0
DA:91,0
DA:93,0
DA:94,0
DA:97,0
DA:98,0
DA:101,0
DA:104,6
DA:105,0
DA:106,0
DA:107,0
DA:110,6
DA:111,0
DA:112,0
DA:113,0
DA:115,0
DA:116,0
DA:117,0
DA:118,0
DA:122,6
DA:123,0
DA:124,0
DA:126,0
DA:128,0
DA:129,0
DA:131,0
DA:134,0
DA:135,0
DA:138,6
DA:139,0
DA:140,0
DA:141,0
DA:165,0
DA:166,0
DA:176,0
DA:196,0
DA:203,0
DA:217,18
DA:232,3
LF:84
LH:48
BRDA:38,0,0,6
BRDA:38,0,1,6
BRDA:44,1,0,6
BRDA:44,1,1,6
BRDA:45,2,0,6
BRDA:45,2,1,6
BRDA:46,3,0,6
BRDA:46,3,1,6
BRDA:51,4,0,0
BRDA:82,5,0,0
BRDA:82,5,1,0
BRDA:93,6,0,0
BRDA:97,7,0,0
BRDA:111,8,0,0
BRDA:128,9,0,0
BRDA:128,9,1,0
BRDA:166,10,0,0
BRDA:166,10,1,0
BRDA:186,11,0,6
BRDA:186,11,1,6
BRDA:193,12,0,6
BRDA:215,13,0,3
BRDA:229,14,0,3
BRDA:240,15,0,3
BRDA:257,16,0,0
BRDA:257,16,1,0
BRDA:257,17,0,0
BRDA:257,17,1,0
BRDA:261,18,0,0
BRDA:261,18,1,0
BRDA:261,19,0,0
BRDA:261,19,1,0
BRF:32
BRH:14
end_of_record
TN:
SF:app/documents/[id]/loading.tsx
FN:1,Loading
FNF:1
FNH:0
FNDA:0,Loading
DA:1,0
DA:2,0
LF:2
LH:0
BRF:0
BRH:0
end_of_record
TN:
SF:app/documents/[id]/page.tsx
FN:32,DocumentPage
FN:46,(anonymous_3)
FN:48,(anonymous_4)
FN:72,(anonymous_5)
FN:94,(anonymous_6)
FN:114,(anonymous_7)
FN:145,(anonymous_8)
FN:360,(anonymous_9)
FN:371,(anonymous_10)
FN:401,(anonymous_11)
FN:498,(anonymous_12)
FNF:11
FNH:10
FNDA:19,DocumentPage
FNDA:6,(anonymous_3)
FNDA:6,(anonymous_4)
FNDA:1,(anonymous_5)
FNDA:1,(anonymous_6)
FNDA:1,(anonymous_7)
FNDA:1,(anonymous_8)
FNDA:0,(anonymous_9)
FNDA:17,(anonymous_10)
FNDA:1,(anonymous_11)
FNDA:22,(anonymous_12)
DA:3,1
DA:4,1
DA:5,1
DA:6,1
DA:7,1
DA:8,1
DA:9,1
DA:10,1
DA:11,1
DA:12,1
DA:13,1
DA:14,1
DA:15,1
DA:16,1
DA:30,1
DA:32,6
DA:33,19
DA:34,19
DA:35,19
DA:36,19
DA:38,19
DA:39,19
DA:40,19
DA:41,19
DA:42,19
DA:43,19
DA:44,19
DA:46,19
DA:47,6
DA:48,6
DA:49,6
DA:50,6
DA:51,6
DA:55,4
DA:56,4
DA:57,4
DA:60,1
DA:65,1
DA:67,5
DA:72,19
DA:73,1
DA:74,1
DA:75,1
DA:76,1
DA:77,1
DA:81,1
DA:84,0
DA:90,1
DA:94,19
DA:95,1
DA:96,1
DA:97,1
DA:98,1
DA:104,0
DA:110,1
DA:114,19
DA:115,1
DA:116,1
DA:117,1
DA:118,1
DA:119,1
DA:120,1
DA:121,1
DA:122,1
DA:123,1
DA:124,1
DA:125,1
DA:126,1
DA:128,1
DA:134,0
DA:140,1
DA:144,19
DA:146,1
DA:147,1
DA:148,1
DA:152,1
DA:153,1
DA:154,1
DA:155,1
DA:156,1
DA:159,1
DA:160,1
DA:161,1
DA:162,1
DA:164,1
DA:170,0
DA:176,1
DA:183,19
DA:190,19
DA:237,13
DA:259,11
DA:362,0
DA:363,0
DA:372,17
DA:402,1
DA:499,22
LF:96
LH:90
BRDA:47,0,0,0
BRDA:63,1,0,1
BRDA:63,1,1,0
BRDA:73,2,0,0
BRDA:76,3,0,1
BRDA:76,3,1,0
BRDA:87,4,0,0
BRDA:87,4,1,0
BRDA:107,5,0,0
BRDA:107,5,1,0
BRDA:122,6,0,1
BRDA:122,6,1,0
BRDA:126,7,0,0
BRDA:137,8,0,0
BRDA:137,8,1,0
BRDA:157,9,0,1
BRDA:157,9,1,0
BRDA:162,10,0,0
BRDA:173,11,0,0
BRDA:173,11,1,0
BRDA:183,12,0,19
BRDA:183,12,1,19
BRDA:183,12,2,11
BRDA:186,13,0,0
BRDA:186,13,1,11
BRDA:190,14,0,6
BRDA:237,15,0,2
BRDA:294,16,0,2
BRDA:294,16,1,9
BRDA:297,17,0,11
BRDA:347,18,0,2
BRDA:347,18,1,9
BRDA:356,19,0,11
BRDA:371,20,0,10
BRDA:384,21,0,17
BRDA:407,22,0,3
BRDA:407,22,1,14
BRDA:410,23,0,17
BRDA:417,24,0,0
BRDA:417,24,1,17
BRDA:419,25,0,17
BRDA:419,25,1,0
BRDA:443,26,0,11
BRDA:456,27,0,0
BRDA:456,27,1,11
BRDA:458,28,0,11
BRDA:458,28,1,0
BRDA:477,29,0,11
BRDA:477,29,1,0
BRDA:491,30,0,11
BRDA:513,31,0,11
BRDA:556,32,0,1
BRDA:556,32,1,9
BRF:53
BRH:31
end_of_record
TN:
SF:app/documents/[id]/edit/page.tsx
FN:27,EditDocumentPage
FN:44,(anonymous_6)
FN:48,(anonymous_7)
FN:73,(anonymous_8)
FN:91,(anonymous_9)
FN:236,(anonymous_13)
FNF:6
FNH:0
FNDA:0,EditDocumentPage
FNDA:0,(anonymous_6)
FNDA:0,(anonymous_7)
FNDA:0,(anonymous_8)
FNDA:0,(anonymous_9)
FNDA:0,(anonymous_13)
DA:3,0
DA:4,0
DA:5,0
DA:6,0
DA:7,0
DA:8,0
DA:9,0
DA:10,0
DA:11,0
DA:12,0
DA:13,0
DA:14,0
DA:15,0
DA:16,0
DA:17,0
DA:19,0
DA:27,0
DA:28,0
DA:29,0
DA:30,0
DA:31,0
DA:32,0
DA:33,0
DA:35,0
DA:44,0
DA:45,0
DA:48,0
DA:49,0
DA:50,0
DA:51,0
DA:52,0
DA:55,0
DA:61,0
DA:62,0
DA:67,0
DA:69,0
DA:73,0
DA:74,0
DA:75,0
DA:80,0
DA:81,0
DA:84,0
DA:85,0
DA:88,0
DA:91,0
DA:95,0
DA:105,0
DA:110,0
DA:112,0
DA:113,0
DA:119,0
DA:123,0
DA:151,0
DA:236,0
LF:54
LH:0
BRDA:57,0,0,0
BRDA:57,0,1,0
BRDA:65,1,0,0
BRDA:65,1,1,0
BRDA:74,2,0,0
BRDA:88,3,0,0
BRDA:88,3,1,0
BRDA:116,4,0,0
BRDA:116,4,1,0
BRDA:123,5,0,0
BRDA:151,6,0,0
BRDA:243,7,0,0
BRF:12
BRH:0
end_of_record
TN:
SF:app/documents/[id]/permissions/page.tsx
FN:16,DocumentPermissionsPage
FN:28,(anonymous_3)
FN:34,(anonymous_4)
FN:49,(anonymous_5)
FN:65,(anonymous_6)
FN:74,(anonymous_7)
FN:119,(anonymous_8)
FN:220,(anonymous_9)
FN:224,(anonymous_10)
FN:263,(anonymous_11)
FN:328,(anonymous_12)
FN:357,(anonymous_13)
FNF:12
FNH:0
FNDA:0,DocumentPermissionsPage
FNDA:0,(anonymous_3)
FNDA:0,(anonymous_4)
FNDA:0,(anonymous_5)
FNDA:0,(anonymous_6)
FNDA:0,(anonymous_7)
FNDA:0,(anonymous_8)
FNDA:0,(anonymous_9)
FNDA:0,(anonymous_10)
FNDA:0,(anonymous_11)
FNDA:0,(anonymous_12)
FNDA:0,(anonymous_13)
DA:3,0
DA:4,0
DA:5,0
DA:6,0
DA:7,0
DA:8,0
DA:9,0
DA:10,0
DA:11,0
DA:12,0
DA:13,0
DA:14,0
DA:16,0
DA:17,0
DA:18,0
DA:19,0
DA:20,0
DA:21,0
DA:22,0
DA:23,0
DA:24,0
DA:25,0
DA:26,0
DA:28,0
DA:29,0
DA:30,0
DA:31,0
DA:34,0
DA:35,0
DA:36,0
DA:37,0
DA:39,0
DA:40,0
DA:45,0
DA:49,0
DA:50,0
DA:51,0
DA:52,0
DA:54,0
DA:55,0
DA:61,0
DA:65,0
DA:66,0
DA:67,0
DA:68,0
DA:70,0
DA:74,0
DA:75,0
DA:76,0
DA:81,0
DA:84,0
DA:85,0
DA:87,0
DA:96,0
DA:102,0
DA:103,0
DA:106,0
DA:108,0
DA:109,0
DA:115,0
DA:119,0
DA:120,0
DA:121,0
DA:123,0
DA:129,0
DA:131,0
DA:132,0
DA:141,0
DA:145,0
DA:181,0
DA:200,0
DA:220,0
DA:222,0
DA:224,0
DA:225,0
DA:226,0
DA:229,0
DA:264,0
DA:330,0
DA:334,0
DA:357,0
LF:81
LH:0
BRDA:43,0,0,0
BRDA:43,0,1,0
BRDA:58,1,0,0
BRDA:58,1,1,0
BRDA:75,2,0,0
BRDA:75,3,0,0
BRDA:75,3,1,0
BRDA:93,4,0,0
BRDA:93,4,1,0
BRDA:112,5,0,0
BRDA:112,5,1,0
BRDA:121,6,0,0
BRDA:121,6,1,0
BRDA:135,7,0,0
BRDA:135,7,1,0
BRDA:141,8,0,0
BRDA:141,8,1,0
BRDA:141,8,2,0
BRDA:143,9,0,0
BRDA:143,9,1,0
BRDA:145,10,0,0
BRDA:181,11,0,0
BRDA:200,12,0,0
BRDA:222,13,0,0
BRDA:222,13,1,0
BRDA:225,14,0,0
BRDA:225,14,1,0
BRDA:229,15,0,0
BRDA:229,15,1,0
BRDA:265,16,0,0
BRDA:265,16,1,0
BRDA:285,17,0,0
BRDA:285,17,1,0
BRDA:287,18,0,0
BRDA:310,19,0,0
BRDA:310,19,1,0
BRDA:312,20,0,0
BRDA:312,20,1,0
BRDA:328,21,0,0
BRDA:330,22,0,0
BRDA:330,22,1,0
BRDA:338,23,0,0
BRDA:338,23,1,0
BRDA:343,24,0,0
BRDA:343,24,1,0
BRDA:345,25,0,0
BRDA:345,25,1,0
BRF:47
BRH:0
end_of_record
TN:
SF:app/profile/page.tsx
FN:27,(anonymous_4)
FN:35,ProfilePage
FN:59,(anonymous_6)
FN:75,(anonymous_7)
FNF:4
FNH:4
FNDA:28,(anonymous_4)
FNDA:34,ProfilePage
FNDA:1,(anonymous_6)
FNDA:1,(anonymous_7)
DA:3,1
DA:4,1
DA:5,1
DA:6,1
DA:7,1
DA:8,1
DA:9,1
DA:10,1
DA:11,1
DA:12,1
DA:13,1
DA:14,1
DA:16,1
DA:21,1
DA:27,28
DA:35,6
DA:36,34
DA:37,34
DA:38,34
DA:39,34
DA:40,34
DA:42,34
DA:50,34
DA:59,34
DA:60,1
DA:61,1
DA:62,1
DA:63,1
DA:68,0
DA:71,1
DA:75,34
DA:76,1
DA:77,1
DA:79,1
DA:80,1
DA:84,1
DA:90,0
DA:93,1
DA:97,34
LF:39
LH:37
BRDA:45,0,0,34
BRDA:45,0,1,5
BRDA:46,1,0,34
BRDA:46,1,1,5
BRDA:97,2,0,2
BRDA:150,3,0,0
BRDA:150,3,1,32
BRDA:224,4,0,0
BRDA:224,4,1,32
BRF:9
BRH:7
end_of_record
TN:
SF:app/qa/page.tsx
FN:19,QAPage
FN:40,(anonymous_2)
FN:46,(anonymous_3)
FN:52,(anonymous_4)
FN:56,(anonymous_5)
FN:60,(anonymous_6)
FN:77,(anonymous_7)
FN:83,(anonymous_8)
FN:88,(anonymous_9)
FN:98,(anonymous_10)
FN:114,(anonymous_11)
FN:131,(anonymous_12)
FN:152,(anonymous_13)
FN:216,(anonymous_14)
FN:244,(anonymous_15)
FN:266,(anonymous_16)
FN:286,(anonymous_17)
FN:290,(anonymous_18)
FN:291,(anonymous_19)
FNF:19
FNH:15
FNDA:33,QAPage
FNDA:5,(anonymous_2)
FNDA:8,(anonymous_3)
FNDA:8,(anonymous_4)
FNDA:8,(anonymous_5)
FNDA:2,(anonymous_6)
FNDA:1,(anonymous_7)
FNDA:1,(anonymous_8)
FNDA:1,(anonymous_9)
FNDA:0,(anonymous_10)
FNDA:0,(anonymous_11)
FNDA:0,(anonymous_12)
FNDA:1,(anonymous_13)
FNDA:5,(anonymous_14)
FNDA:19,(anonymous_15)
FNDA:6,(anonymous_16)
FNDA:3,(anonymous_17)
FNDA:0,(anonymous_18)
FNDA:1,(anonymous_19)
DA:5,1
DA:6,1
DA:7,1
DA:8,1
DA:9,1
DA:10,1
DA:11,1
DA:13,1
DA:14,1
DA:15,1
DA:16,1
DA:17,1
DA:19,5
DA:20,33
DA:21,33
DA:22,33
DA:23,33
DA:24,33
DA:25,33
DA:26,33
DA:29,33
DA:30,33
DA:31,33
DA:37,33
DA:38,33
DA:40,33
DA:41,5
DA:42,1
DA:46,33
DA:47,8
DA:48,2
DA:52,33
DA:53,8
DA:56,33
DA:57,8
DA:60,33
DA:61,2
DA:62,2
DA:63,2
DA:64,2
DA:65,2
DA:67,0
DA:73,2
DA:77,33
DA:78,1
DA:79,1
DA:81,1
DA:82,1
DA:83,1
DA:85,1
DA:86,1
DA:87,1
DA:88,1
DA:93,0
DA:98,0
DA:110,1
DA:114,33
DA:115,0
DA:116,0
DA:117,0
DA:121,0
DA:123,0
DA:131,33
DA:132,0
DA:133,0
DA:136,0
DA:137,0
DA:138,0
DA:142,0
DA:144,0
DA:152,33
DA:153,1
DA:164,1
DA:167,33
DA:217,5
DA:244,19
DA:267,6
DA:287,3
DA:290,0
DA:291,1
LF:80
LH:64
BRDA:41,0,0,1
BRDA:41,1,0,5
BRDA:41,1,1,4
BRDA:47,2,0,2
BRDA:70,3,0,0
BRDA:70,3,1,0
BRDA:79,4,0,0
BRDA:96,5,0,0
BRDA:96,5,1,0
BRDA:126,6,0,0
BRDA:126,6,1,0
BRDA:132,7,0,0
BRDA:147,8,0,0
BRDA:147,8,1,0
BRDA:167,9,0,1
BRDA:190,10,0,32
BRDA:202,11,0,29
BRDA:223,12,0,3
BRDA:251,13,0,32
BRDA:251,13,1,31
BRDA:265,14,0,2
BRDA:274,15,0,27
BRF:22
BRH:12
end_of_record
TN:
SF:components/footer.tsx
FN:4,Footer
FNF:1
FNH:1
FNDA:5,Footer
DA:1,1
DA:2,1
DA:4,5
LF:3
LH:3
BRF:0
BRH:0
end_of_record
TN:
SF:components/header.tsx
FN:27,Header
FN:39,(anonymous_3)
FN:54,(anonymous_4)
FN:135,(anonymous_5)
FN:156,(anonymous_6)
FN:171,(anonymous_7)
FN:180,(anonymous_8)
FN:190,(anonymous_9)
FN:197,(anonymous_10)
FN:208,(anonymous_11)
FN:216,(anonymous_12)
FN:224,(anonymous_13)
FNF:12
FNH:4
FNDA:4,Header
FNDA:16,(anonymous_3)
FNDA:16,(anonymous_4)
FNDA:1,(anonymous_5)
FNDA:0,(anonymous_6)
FNDA:0,(anonymous_7)
FNDA:0,(anonymous_8)
FNDA:0,(anonymous_9)
FNDA:0,(anonymous_10)
FNDA:0,(anonymous_11)
FNDA:0,(anonymous_12)
FNDA:0,(anonymous_13)
DA:3,1
DA:4,1
DA:5,1
DA:6,1
DA:14,1
DA:15,1
DA:16,1
DA:25,1
DA:27,4
DA:28,4
DA:29,4
DA:30,4
DA:32,4
DA:39,4
DA:40,16
DA:41,14
DA:42,13
DA:55,16
DA:135,1
DA:156,0
DA:172,0
DA:180,0
DA:190,0
DA:197,0
DA:208,0
DA:216,0
DA:225,0
DA:226,0
LF:28
LH:19
BRDA:40,0,0,2
BRDA:40,1,0,16
BRDA:40,1,1,4
BRDA:41,2,0,1
BRDA:41,3,0,14
BRDA:41,3,1,12
BRDA:59,4,0,3
BRDA:59,4,1,13
BRDA:72,5,0,2
BRDA:73,6,0,2
BRDA:90,7,0,2
BRDA:90,7,1,0
BRDA:93,8,0,2
BRDA:93,8,1,0
BRDA:102,9,0,2
BRDA:102,9,1,0
BRDA:103,10,0,2
BRDA:103,10,1,0
BRDA:124,11,0,2
BRDA:159,12,0,0
BRDA:168,13,0,4
BRDA:176,14,0,0
BRDA:176,14,1,0
BRDA:186,15,0,0
BRDA:212,16,0,0
BRF:25
BRH:16
end_of_record
TN:
SF:components/pagination.tsx
FN:17,Pagination
FN:23,(anonymous_2)
FN:76,(anonymous_3)
FN:86,(anonymous_4)
FN:94,(anonymous_5)
FN:111,(anonymous_6)
FN:123,(anonymous_7)
FN:133,(anonymous_8)
FNF:8
FNH:4
FNDA:7,Pagination
FNDA:7,(anonymous_2)
FNDA:0,(anonymous_3)
FNDA:0,(anonymous_4)
FNDA:35,(anonymous_5)
FNDA:2,(anonymous_6)
FNDA:0,(anonymous_7)
FNDA:0,(anonymous_8)
DA:3,1
DA:9,1
DA:17,7
DA:23,7
DA:24,7
DA:25,7
DA:27,7
DA:29,4
DA:30,18
DA:35,3
DA:36,3
DA:39,3
DA:40,3
DA:42,3
DA:44,1
DA:45,3
DA:47,1
DA:48,1
DA:49,2
DA:51,1
DA:52,1
DA:53,1
DA:54,3
DA:56,1
DA:58,1
DA:59,1
DA:60,1
DA:61,3
DA:63,1
DA:64,1
DA:68,7
DA:76,0
DA:86,0
DA:95,35
DA:96,4
DA:106,31
DA:111,2
DA:123,0
DA:133,0
LF:39
LH:35
BRDA:27,0,0,4
BRDA:27,0,1,3
BRDA:42,1,0,1
BRDA:42,1,1,2
BRDA:42,2,0,3
BRDA:42,2,1,1
BRDA:49,3,0,1
BRDA:49,3,1,1
BRDA:49,4,0,2
BRDA:49,4,1,2
BRDA:56,5,0,1
BRDA:56,6,0,1
BRDA:56,6,1,1
BRDA:95,7,0,4
BRDA:109,8,0,7
BRDA:109,8,1,24
BRF:16
BRH:16
end_of_record
TN:
SF:components/theme-provider.tsx
FN:9,ThemeProvider
FNF:1
FNH:0
FNDA:0,ThemeProvider
DA:3,0
DA:7,0
DA:9,0
LF:3
LH:0
BRF:0
BRH:0
end_of_record
TN:
SF:components/admin/create-user-dialog.tsx
FN:39,CreateUserDialog
FN:54,(anonymous_5)
FN:173,(anonymous_11)
FNF:3
FNH:3
FNDA:26,CreateUserDialog
FNDA:2,(anonymous_5)
FNDA:1,(anonymous_11)
DA:3,1
DA:4,1
DA:5,1
DA:6,1
DA:7,1
DA:15,1
DA:16,1
DA:17,1
DA:18,1
DA:19,1
DA:20,1
DA:21,1
DA:23,1
DA:39,6
DA:40,26
DA:41,26
DA:43,26
DA:54,26
DA:55,2
DA:56,2
DA:57,2
DA:59,1
DA:64,1
DA:65,1
DA:66,1
DA:68,1
DA:69,1
DA:75,2
DA:173,1
LF:29
LH:29
BRDA:72,0,0,1
BRDA:72,0,1,0
BRDA:177,1,0,0
BRDA:177,1,1,26
BRF:4
BRH:2
end_of_record
TN:
SF:components/admin/document-table.tsx
FN:19,DocumentTable
FN:38,(anonymous_3)
FN:43,(anonymous_4)
FN:67,(anonymous_5)
FN:78,(anonymous_6)
FN:84,(anonymous_7)
FN:117,(anonymous_8)
FN:118,(anonymous_9)
FN:132,(anonymous_10)
FN:151,(anonymous_11)
FN:188,(anonymous_12)
FNF:11
FNH:10
FNDA:17,DocumentTable
FNDA:7,(anonymous_3)
FNDA:8,(anonymous_4)
FNDA:2,(anonymous_5)
FNDA:0,(anonymous_6)
FNDA:2,(anonymous_7)
FNDA:3,(anonymous_8)
FNDA:4,(anonymous_9)
FNDA:35,(anonymous_10)
FNDA:16,(anonymous_11)
FNDA:2,(anonymous_12)
DA:3,1
DA:4,1
DA:5,1
DA:6,1
DA:7,1
DA:8,1
DA:9,1
DA:10,1
DA:11,1
DA:12,1
DA:13,1
DA:14,1
DA:15,1
DA:16,1
DA:17,1
DA:19,7
DA:20,17
DA:21,17
DA:22,17
DA:24,17
DA:25,17
DA:31,17
DA:32,17
DA:35,17
DA:36,17
DA:38,17
DA:39,7
DA:40,7
DA:43,17
DA:44,8
DA:45,8
DA:47,8
DA:53,7
DA:54,7
DA:56,1
DA:57,1
DA:63,8
DA:67,17
DA:68,2
DA:71,2
DA:72,2
DA:75,2
DA:78,17
DA:79,0
DA:80,0
DA:81,0
DA:84,17
DA:85,2
DA:86,1
DA:89,1
DA:90,1
DA:91,1
DA:95,1
DA:97,0
DA:98,0
DA:117,3
DA:118,4
DA:133,35
DA:152,16
DA:153,16
DA:188,2
LF:61
LH:56
BRDA:35,0,0,17
BRDA:35,0,1,0
BRDA:36,1,0,17
BRDA:36,1,1,17
BRDA:60,2,0,1
BRDA:60,2,1,0
BRDA:71,3,0,2
BRDA:85,4,0,1
BRDA:101,5,0,0
BRDA:101,5,1,0
BRDA:118,6,0,4
BRDA:118,6,1,1
BRDA:129,7,0,7
BRDA:151,8,0,8
BRDA:163,9,0,16
BRDA:163,9,1,8
BRDA:169,10,0,8
BRDA:169,10,1,8
BRDA:171,11,0,8
BRDA:171,11,1,0
BRDA:175,12,0,16
BRDA:175,12,1,0
BRDA:209,13,0,17
BRF:23
BRH:17
end_of_record
TN:
SF:components/admin/edit-user-dialog.tsx
FN:55,EditUserDialog
FN:75,(anonymous_5)
FN:87,(anonymous_6)
FN:240,(anonymous_12)
FNF:4
FNH:4
FNDA:16,EditUserDialog
FNDA:5,(anonymous_5)
FNDA:2,(anonymous_6)
FNDA:1,(anonymous_12)
DA:3,1
DA:4,1
DA:5,1
DA:6,1
DA:7,1
DA:15,1
DA:24,1
DA:25,1
DA:32,1
DA:33,1
DA:34,1
DA:35,1
DA:36,1
DA:38,1
DA:55,5
DA:61,16
DA:62,16
DA:64,16
DA:75,16
DA:76,5
DA:77,5
DA:87,16
DA:88,2
DA:90,2
DA:91,2
DA:94,2
DA:99,2
DA:101,1
DA:106,1
DA:107,1
DA:110,1
DA:116,2
DA:240,1
LF:33
LH:33
BRDA:76,0,0,5
BRDA:78,1,0,5
BRDA:78,1,1,0
BRDA:79,2,0,5
BRDA:79,2,1,0
BRDA:80,3,0,5
BRDA:80,3,1,0
BRDA:81,4,0,5
BRDA:81,4,1,0
BRDA:88,5,0,0
BRDA:96,6,0,0
BRDA:96,6,1,2
BRDA:113,7,0,1
BRDA:113,7,1,0
BRDA:130,8,0,16
BRDA:246,9,0,0
BRDA:246,9,1,16
BRF:17
BRH:9
end_of_record
TN:
SF:components/admin/ingestion-table.tsx
FN:18,IngestionTable
FN:37,(anonymous_3)
FN:42,(anonymous_4)
FN:66,(anonymous_5)
FN:81,(anonymous_6)
FN:87,(anonymous_7)
FN:109,(anonymous_8)
FN:170,(anonymous_9)
FN:188,(anonymous_10)
FN:220,(anonymous_11)
FN:230,(anonymous_12)
FNF:11
FNH:0
FNDA:0,IngestionTable
FNDA:0,(anonymous_3)
FNDA:0,(anonymous_4)
FNDA:0,(anonymous_5)
FNDA:0,(anonymous_6)
FNDA:0,(anonymous_7)
FNDA:0,(anonymous_8)
FNDA:0,(anonymous_9)
FNDA:0,(anonymous_10)
FNDA:0,(anonymous_11)
FNDA:0,(anonymous_12)
DA:3,0
DA:4,0
DA:5,0
DA:6,0
DA:7,0
DA:8,0
DA:9,0
DA:10,0
DA:11,0
DA:12,0
DA:13,0
DA:14,0
DA:15,0
DA:16,0
DA:18,0
DA:19,0
DA:20,0
DA:21,0
DA:23,0
DA:24,0
DA:30,0
DA:31,0
DA:34,0
DA:35,0
DA:37,0
DA:38,0
DA:39,0
DA:42,0
DA:43,0
DA:44,0
DA:46,0
DA:52,0
DA:53,0
DA:55,0
DA:56,0
DA:62,0
DA:66,0
DA:67,0
DA:69,0
DA:71,0
DA:72,0
DA:74,0
DA:78,0
DA:81,0
DA:82,0
DA:83,0
DA:84,0
DA:87,0
DA:88,0
DA:89,0
DA:93,0
DA:98,0
DA:100,0
DA:101,0
DA:109,0
DA:110,0
DA:171,0
DA:190,0
DA:194,0
DA:220,0
DA:230,0
LF:61
LH:0
BRDA:34,0,0,0
BRDA:34,0,1,0
BRDA:35,1,0,0
BRDA:35,1,1,0
BRDA:49,2,0,0
BRDA:49,2,1,0
BRDA:59,3,0,0
BRDA:59,3,1,0
BRDA:71,4,0,0
BRDA:71,4,1,0
BRDA:104,5,0,0
BRDA:104,5,1,0
BRDA:167,6,0,0
BRDA:188,7,0,0
BRDA:190,8,0,0
BRDA:190,8,1,0
BRDA:209,9,0,0
BRDA:209,9,1,0
BRDA:219,10,0,0
BRDA:226,11,0,0
BRDA:237,12,0,0
BRDA:237,12,1,0
BRDA:259,13,0,0
BRF:23
BRH:0
end_of_record
TN:
SF:components/admin/user-table.tsx
FN:20,UserTable
FN:42,(anonymous_3)
FN:47,(anonymous_4)
FN:71,(anonymous_5)
FN:82,(anonymous_6)
FN:97,(anonymous_7)
FN:103,(anonymous_8)
FN:136,(anonymous_9)
FN:137,(anonymous_10)
FN:157,(anonymous_11)
FN:168,(anonymous_12)
FN:187,(anonymous_13)
FN:220,(anonymous_14)
FN:224,(anonymous_15)
FN:255,(anonymous_16)
FNF:15
FNH:10
FNDA:11,UserTable
FNDA:4,(anonymous_3)
FNDA:5,(anonymous_4)
FNDA:1,(anonymous_5)
FNDA:0,(anonymous_6)
FNDA:0,(anonymous_7)
FNDA:1,(anonymous_8)
FNDA:3,(anonymous_9)
FNDA:4,(anonymous_10)
FNDA:0,(anonymous_11)
FNDA:20,(anonymous_12)
FNDA:3,(anonymous_13)
FNDA:0,(anonymous_14)
FNDA:1,(anonymous_15)
FNDA:0,(anonymous_16)
DA:3,1
DA:4,1
DA:5,1
DA:6,1
DA:7,1
DA:8,1
DA:9,1
DA:10,1
DA:11,1
DA:12,1
DA:13,1
DA:14,1
DA:15,1
DA:16,1
DA:17,1
DA:18,1
DA:20,4
DA:21,11
DA:22,11
DA:23,11
DA:25,11
DA:26,11
DA:32,11
DA:33,11
DA:34,11
DA:35,11
DA:36,11
DA:39,11
DA:40,11
DA:42,11
DA:43,4
DA:44,4
DA:47,11
DA:48,5
DA:49,5
DA:51,5
DA:57,4
DA:58,4
DA:60,0
DA:61,0
DA:67,4
DA:71,11
DA:72,1
DA:75,1
DA:76,0
DA:79,1
DA:82,11
DA:83,0
DA:85,0
DA:87,0
DA:88,0
DA:90,0
DA:94,0
DA:97,11
DA:98,0
DA:99,0
DA:100,0
DA:103,11
DA:104,1
DA:105,0
DA:108,1
DA:109,1
DA:110,1
DA:114,1
DA:116,0
DA:117,0
DA:136,3
DA:137,4
DA:157,0
DA:169,20
DA:188,3
DA:220,0
DA:224,1
DA:255,0
LF:74
LH:56
BRDA:39,0,0,11
BRDA:39,0,1,11
BRDA:40,1,0,11
BRDA:40,1,1,11
BRDA:43,2,0,4
BRDA:43,2,1,4
BRDA:54,3,0,5
BRDA:54,3,1,5
BRDA:64,4,0,0
BRDA:64,4,1,0
BRDA:75,5,0,0
BRDA:87,6,0,0
BRDA:87,6,1,0
BRDA:104,7,0,0
BRDA:120,8,0,0
BRDA:120,8,1,0
BRDA:137,9,0,4
BRDA:137,9,1,1
BRDA:165,10,0,4
BRDA:187,11,0,2
BRDA:190,12,0,3
BRDA:190,12,1,1
BRDA:195,13,0,2
BRDA:195,13,1,1
BRDA:197,14,0,0
BRDA:197,14,1,1
BRDA:209,15,0,2
BRDA:209,15,1,1
BRDA:214,16,0,2
BRDA:214,16,1,1
BRDA:244,17,0,11
BRDA:255,18,0,0
BRDA:255,18,1,0
BRF:33
BRH:22
end_of_record
TN:
SF:components/documents/document-card.tsx
FN:26,DocumentCard
FN:35,(anonymous_3)
FN:156,(anonymous_4)
FNF:3
FNH:3
FNDA:9,DocumentCard
FNDA:2,(anonymous_3)
FNDA:18,(anonymous_4)
DA:3,1
DA:4,1
DA:5,1
DA:6,1
DA:7,1
DA:14,1
DA:15,1
DA:16,1
DA:17,1
DA:18,1
DA:19,1
DA:26,5
DA:27,9
DA:28,9
DA:29,9
DA:31,9
DA:33,9
DA:35,9
DA:36,2
DA:37,0
DA:40,2
DA:41,2
DA:42,2
DA:43,1
DA:47,1
DA:49,1
DA:50,1
DA:56,2
DA:157,18
LF:29
LH:28
BRDA:33,0,0,0
BRDA:33,0,1,9
BRDA:36,1,0,0
BRDA:42,2,0,2
BRDA:42,2,1,0
BRDA:53,3,0,1
BRDA:53,3,1,0
BRDA:77,4,0,0
BRDA:77,4,1,9
BRDA:79,5,0,9
BRDA:79,5,1,0
BRDA:113,6,0,9
BRDA:150,7,0,9
BRDA:150,7,1,0
BRF:14
BRH:7
end_of_record
TN:
SF:components/documents/document-upload-button.tsx
FN:51,(anonymous_4)
FN:54,(anonymous_5)
FN:65,DocumentUploadButton
FN:85,(anonymous_7)
FN:104,(anonymous_8)
FN:142,(anonymous_9)
FN:150,(anonymous_10)
FN:161,(anonymous_11)
FN:166,(anonymous_12)
FN:254,(anonymous_17)
FN:276,(anonymous_18)
FN:304,(anonymous_19)
FN:309,(anonymous_20)
FN:325,(anonymous_21)
FNF:14
FNH:7
FNDA:3,(anonymous_4)
FNDA:3,(anonymous_5)
FNDA:31,DocumentUploadButton
FNDA:3,(anonymous_7)
FNDA:0,(anonymous_8)
FNDA:4,(anonymous_9)
FNDA:0,(anonymous_10)
FNDA:0,(anonymous_11)
FNDA:0,(anonymous_12)
FNDA:0,(anonymous_17)
FNDA:0,(anonymous_18)
FNDA:4,(anonymous_19)
FNDA:34,(anonymous_20)
FNDA:0,(anonymous_21)
DA:5,1
DA:6,1
DA:7,1
DA:8,1
DA:9,1
DA:10,1
DA:19,1
DA:28,1
DA:29,1
DA:30,1
DA:31,1
DA:32,1
DA:33,1
DA:34,1
DA:36,1
DA:37,1
DA:45,1
DA:51,3
DA:54,3
DA:65,7
DA:68,31
DA:69,31
DA:70,31
DA:71,31
DA:72,31
DA:73,31
DA:74,31
DA:76,31
DA:85,31
DA:86,3
DA:87,1
DA:92,1
DA:93,1
DA:94,1
DA:97,2
DA:98,2
DA:101,2
DA:104,0
DA:108,2
DA:116,1
DA:122,1
DA:123,1
DA:124,1
DA:127,1
DA:128,1
DA:131,1
DA:132,1
DA:138,2
DA:142,31
DA:143,4
DA:144,4
DA:145,4
DA:146,4
DA:150,31
DA:151,0
DA:152,0
DA:154,0
DA:155,0
DA:156,0
DA:157,0
DA:161,31
DA:162,0
DA:163,0
DA:166,31
DA:167,0
DA:168,0
DA:169,0
DA:170,0
DA:254,0
DA:277,0
DA:278,0
DA:305,4
DA:306,4
DA:310,34
DA:311,34
DA:325,0
LF:76
LH:59
BRDA:86,0,0,1
BRDA:101,1,0,0
BRDA:101,1,1,2
BRDA:127,2,0,1
BRDA:135,3,0,1
BRDA:135,3,1,0
BRDA:144,4,0,4
BRDA:155,5,0,0
BRDA:169,6,0,0
BRDA:248,7,0,9
BRDA:248,7,1,12
BRDA:257,8,0,9
BRDA:331,9,0,0
BRDA:331,9,1,31
BRF:14
BRH:9
end_of_record
TN:
SF:components/documents/document-version-upload.tsx
FN:47,(anonymous_4)
FN:50,(anonymous_5)
FN:62,DocumentVersionUpload
FN:80,(anonymous_7)
FN:126,(anonymous_8)
FN:134,(anonymous_9)
FN:145,(anonymous_10)
FN:150,(anonymous_11)
FN:191,(anonymous_13)
FN:213,(anonymous_14)
FN:240,(anonymous_15)
FN:245,(anonymous_16)
FN:283,(anonymous_18)
FNF:13
FNH:1
FNDA:0,(anonymous_4)
FNDA:0,(anonymous_5)
FNDA:4,DocumentVersionUpload
FNDA:0,(anonymous_7)
FNDA:0,(anonymous_8)
FNDA:0,(anonymous_9)
FNDA:0,(anonymous_10)
FNDA:0,(anonymous_11)
FNDA:0,(anonymous_13)
FNDA:0,(anonymous_14)
FNDA:0,(anonymous_15)
FNDA:0,(anonymous_16)
FNDA:0,(anonymous_18)
DA:5,1
DA:6,1
DA:7,1
DA:8,1
DA:9,1
DA:18,1
DA:27,1
DA:28,1
DA:29,1
DA:30,1
DA:31,1
DA:32,1
DA:34,1
DA:35,1
DA:43,1
DA:47,0
DA:50,0
DA:62,10
DA:66,4
DA:67,4
DA:68,4
DA:69,4
DA:70,4
DA:71,4
DA:73,4
DA:80,4
DA:81,0
DA:82,0
DA:87,0
DA:88,0
DA:91,0
DA:92,0
DA:94,0
DA:100,0
DA:106,0
DA:107,0
DA:108,0
DA:111,0
DA:112,0
DA:115,0
DA:116,0
DA:122,0
DA:126,4
DA:127,0
DA:128,0
DA:129,0
DA:130,0
DA:134,4
DA:135,0
DA:136,0
DA:138,0
DA:139,0
DA:140,0
DA:141,0
DA:145,4
DA:146,0
DA:147,0
DA:150,4
DA:151,0
DA:152,0
DA:153,0
DA:154,0
DA:191,0
DA:214,0
DA:215,0
DA:242,0
DA:243,0
DA:247,0
DA:248,0
DA:283,0
LF:70
LH:28
BRDA:81,0,0,0
BRDA:111,1,0,0
BRDA:119,2,0,0
BRDA:119,2,1,0
BRDA:128,3,0,0
BRDA:139,4,0,0
BRDA:153,5,0,0
BRDA:185,6,0,0
BRDA:185,6,1,0
BRDA:194,7,0,0
BRDA:289,8,0,0
BRDA:289,8,1,4
BRF:12
BRH:1
end_of_record
TN:
SF:components/qa/chat-message.tsx
FN:21,ChatMessage
FN:96,(anonymous_3)
FN:112,SourceItem
FN:135,(anonymous_5)
FN:148,(anonymous_6)
FNF:5
FNH:5
FNDA:11,ChatMessage
FNDA:4,(anonymous_3)
FNDA:4,SourceItem
FNDA:2,(anonymous_5)
FNDA:1,(anonymous_6)
DA:3,1
DA:4,1
DA:6,1
DA:7,1
DA:8,1
DA:13,1
DA:14,1
DA:21,9
DA:22,11
DA:24,11
DA:41,10
DA:42,10
DA:97,4
DA:113,4
DA:135,2
DA:149,1
LF:16
LH:16
BRDA:24,0,0,1
BRDA:41,1,0,1
BRDA:41,2,0,1
BRDA:42,3,0,10
BRDA:42,3,1,10
BRDA:52,4,0,10
BRDA:55,5,0,2
BRDA:55,5,1,8
BRDA:57,6,0,5
BRDA:57,6,1,3
BRDA:71,7,0,10
BRDA:88,8,0,2
BRDA:126,9,0,4
BRDA:139,10,0,1
BRDA:146,11,0,4
BRDA:146,11,1,1
BRDA:146,11,2,1
BRF:17
BRH:17
end_of_record
TN:
SF:components/qa/history-item.tsx
FN:18,HistoryItem
FN:19,(anonymous_2)
FNF:2
FNH:2
FNDA:7,HistoryItem
FNDA:2,(anonymous_2)
DA:5,1
DA:7,1
DA:8,1
DA:9,1
DA:10,1
DA:18,7
DA:19,7
DA:20,2
DA:21,2
LF:9
LH:9
BRDA:45,0,0,7
BRDA:48,1,0,6
BRDA:48,1,1,0
BRDA:50,2,0,0
BRDA:50,2,1,0
BRDA:59,3,0,7
BRDA:62,4,0,1
BRDA:62,4,1,5
BRF:8
BRH:5
end_of_record
TN:
SF:components/ui/accordion.tsx
FNF:0
FNH:0
DA:3,0
DA:4,0
DA:5,0
DA:7,0
DA:9,0
DA:21,0
DA:41,0
DA:56,0
DA:58,0
LF:9
LH:0
BRF:0
BRH:0
end_of_record
TN:
SF:components/ui/alert-dialog.tsx
FNF:0
FNH:0
DA:3,0
DA:4,0
DA:6,0
DA:7,0
DA:9,0
DA:11,0
DA:13,0
DA:28,0
DA:46,0
DA:60,0
DA:74,0
DA:86,0
DA:98,0
DA:111,0
DA:127,0
DA:130,0
DA:131,0
DA:132,0
DA:133,0
DA:134,0
DA:135,0
DA:136,0
DA:137,0
DA:138,0
DA:139,0
DA:140,0
LF:26
LH:0
BRF:0
BRH:0
end_of_record
TN:
SF:components/ui/alert.tsx
FNF:0
FNH:0
DA:1,0
DA:2,0
DA:4,0
DA:6,0
DA:33,0
DA:45,0
DA:57,0
DA:59,0
LF:8
LH:0
BRF:0
BRH:0
end_of_record
TN:
SF:components/ui/aspect-ratio.tsx
FNF:0
FNH:0
DA:3,0
DA:5,0
DA:7,0
LF:3
LH:0
BRF:0
BRH:0
end_of_record
TN:
SF:components/ui/avatar.tsx
FNF:0
FNH:0
DA:3,1
DA:4,1
DA:6,1
DA:21,1
DA:33,1
DA:48,1
DA:50,2
LF:7
LH:7
BRF:0
BRH:0
end_of_record
TN:
SF:components/ui/badge.tsx
FN:30,Badge
FNF:1
FNH:1
FNDA:22,Badge
DA:1,3
DA:2,3
DA:4,3
DA:6,3
DA:36,22
LF:5
LH:5
BRF:0
BRH:0
end_of_record
TN:
SF:components/ui/breadcrumb.tsx
FN:47,(anonymous_14)
FNF:1
FNH:0
FNDA:0,(anonymous_14)
DA:1,0
DA:2,0
DA:3,0
DA:5,0
DA:13,0
DA:28,0
DA:40,0
DA:42,0
DA:48,0
DA:58,0
DA:73,0
DA:89,0
DA:105,0
DA:108,0
DA:109,0
DA:110,0
DA:111,0
DA:112,0
DA:113,0
DA:114,0
LF:20
LH:0
BRDA:48,0,0,0
BRDA:48,0,1,0
BRDA:86,1,0,0
BRDA:86,1,1,0
BRF:4
BRH:0
end_of_record
TN:
SF:components/ui/button.tsx
FN:43,(anonymous_6)
FNF:1
FNH:1
FNDA:506,(anonymous_6)
DA:1,15
DA:2,15
DA:3,15
DA:5,15
DA:7,15
DA:42,15
DA:44,506
DA:54,15
DA:56,574
LF:9
LH:9
BRDA:43,0,0,451
BRDA:44,1,0,55
BRDA:44,1,1,451
BRF:3
BRH:3
end_of_record
TN:
SF:components/ui/calendar.tsx
FN:12,Calendar
FNF:1
FNH:0
FNDA:0,Calendar
DA:3,0
DA:4,0
DA:5,0
DA:7,0
DA:8,0
DA:64,0
DA:66,0
LF:7
LH:0
BRDA:15,0,0,0
BRF:1
BRH:0
end_of_record
TN:
SF:components/ui/card.tsx
FNF:0
FNH:0
DA:1,6
DA:3,6
DA:18,6
DA:30,6
DA:45,6
DA:57,6
DA:65,6
DA:77,6
DA:79,114
LF:9
LH:9
BRF:0
BRH:0
end_of_record
TN:
SF:components/ui/carousel.tsx
FN:35,useCarousel
FN:49,(anonymous_11)
FN:71,(anonymous_12)
FN:80,(anonymous_13)
FN:84,(anonymous_14)
FN:89,(anonymous_15)
FN:101,(anonymous_16)
FN:109,(anonymous_17)
FN:118,(anonymous_18)
FN:156,(anonymous_19)
FN:178,(anonymous_20)
FN:200,(anonymous_21)
FN:229,(anonymous_22)
FNF:13
FNH:0
FNDA:0,useCarousel
FNDA:0,(anonymous_11)
FNDA:0,(anonymous_12)
FNDA:0,(anonymous_13)
FNDA:0,(anonymous_14)
FNDA:0,(anonymous_15)
FNDA:0,(anonymous_16)
FNDA:0,(anonymous_17)
FNDA:0,(anonymous_18)
FNDA:0,(anonymous_19)
FNDA:0,(anonymous_20)
FNDA:0,(anonymous_21)
FNDA:0,(anonymous_22)
DA:3,0
DA:6,0
DA:7,0
DA:9,0
DA:10,0
DA:33,0
DA:36,0
DA:38,0
DA:39,0
DA:42,0
DA:45,0
DA:61,0
DA:68,0
DA:69,0
DA:71,0
DA:72,0
DA:73,0
DA:76,0
DA:77,0
DA:80,0
DA:81,0
DA:84,0
DA:85,0
DA:88,0
DA:90,0
DA:91,0
DA:92,0
DA:93,0
DA:94,0
DA:95,0
DA:101,0
DA:102,0
DA:103,0
DA:106,0
DA:109,0
DA:110,0
DA:111,0
DA:114,0
DA:115,0
DA:116,0
DA:118,0
DA:119,0
DA:151,0
DA:153,0
DA:157,0
DA:173,0
DA:175,0
DA:179,0
DA:195,0
DA:197,0
DA:201,0
DA:224,0
DA:226,0
DA:230,0
DA:253,0
DA:257,0
DA:258,0
DA:259,0
DA:260,0
DA:261,0
LF:60
LH:0
BRDA:38,0,0,0
BRDA:51,1,0,0
BRDA:64,2,0,0
BRDA:64,2,1,0
BRDA:72,3,0,0
BRDA:90,4,0,0
BRDA:90,4,1,0
BRDA:93,5,0,0
BRDA:102,6,0,0
BRDA:102,7,0,0
BRDA:102,7,1,0
BRDA:110,8,0,0
BRDA:130,9,0,0
BRDA:130,9,1,0
BRDA:130,10,0,0
BRDA:130,10,1,0
BRDA:165,11,0,0
BRDA:165,11,1,0
BRDA:188,12,0,0
BRDA:188,12,1,0
BRDA:200,13,0,0
BRDA:200,14,0,0
BRDA:210,15,0,0
BRDA:210,15,1,0
BRDA:229,16,0,0
BRDA:229,17,0,0
BRDA:239,18,0,0
BRDA:239,18,1,0
BRF:28
BRH:0
end_of_record
TN:
SF:components/ui/chart.tsx
FN:27,useChart
FN:45,(anonymous_11)
FN:70,(anonymous_12)
FN:72,(anonymous_13)
FN:84,(anonymous_14)
FN:87,(anonymous_15)
FN:116,(anonymous_16)
FN:136,(anonymous_17)
FN:188,(anonymous_18)
FN:269,(anonymous_19)
FN:288,(anonymous_20)
FN:320,getPayloadConfigFromPayload
FNF:12
FNH:0
FNDA:0,useChart
FNDA:0,(anonymous_11)
FNDA:0,(anonymous_12)
FNDA:0,(anonymous_13)
FNDA:0,(anonymous_14)
FNDA:0,(anonymous_15)
FNDA:0,(anonymous_16)
FNDA:0,(anonymous_17)
FNDA:0,(anonymous_18)
FNDA:0,(anonymous_19)
FNDA:0,(anonymous_20)
FNDA:0,getPayloadConfigFromPayload
DA:3,0
DA:4,0
DA:6,0
DA:9,0
DA:25,0
DA:28,0
DA:30,0
DA:31,0
DA:34,0
DA:37,0
DA:46,0
DA:47,0
DA:68,0
DA:70,0
DA:71,0
DA:72,0
DA:75,0
DA:76,0
DA:84,0
DA:89,0
DA:91,0
DA:103,0
DA:105,0
DA:134,0
DA:136,0
DA:137,0
DA:138,0
DA:141,0
DA:142,0
DA:143,0
DA:145,0
DA:149,0
DA:157,0
DA:158,0
DA:172,0
DA:173,0
DA:176,0
DA:189,0
DA:190,0
DA:191,0
DA:193,0
DA:257,0
DA:259,0
DA:261,0
DA:273,0
DA:275,0
DA:276,0
DA:289,0
DA:290,0
DA:292,0
DA:317,0
DA:325,0
DA:326,0
DA:330,0
DA:336,0
DA:338,0
DA:342,0
DA:343,0
DA:348,0
DA:353,0
DA:359,0
DA:360,0
DA:361,0
DA:362,0
DA:363,0
DA:364,0
LF:66
LH:0
BRDA:30,0,0,0
BRDA:47,1,0,0
BRDA:47,1,1,0
BRDA:72,2,0,0
BRDA:72,2,1,0
BRDA:75,3,0,0
BRDA:89,4,0,0
BRDA:89,4,1,0
BRDA:91,5,0,0
BRDA:91,5,1,0
BRDA:121,6,0,0
BRDA:122,7,0,0
BRDA:123,8,0,0
BRDA:137,9,0,0
BRDA:137,10,0,0
BRDA:137,10,1,0
BRDA:142,11,0,0
BRDA:142,11,1,0
BRDA:142,11,2,0
BRDA:142,11,3,0
BRDA:145,12,0,0
BRDA:145,12,1,0
BRDA:145,13,0,0
BRDA:145,13,1,0
BRDA:146,14,0,0
BRDA:146,14,1,0
BRDA:149,15,0,0
BRDA:157,16,0,0
BRDA:172,17,0,0
BRDA:172,18,0,0
BRDA:172,18,1,0
BRDA:176,19,0,0
BRDA:176,19,1,0
BRDA:186,20,0,0
BRDA:186,20,1,0
BRDA:189,21,0,0
BRDA:189,21,1,0
BRDA:189,21,2,0
BRDA:189,21,3,0
BRDA:191,22,0,0
BRDA:191,22,1,0
BRDA:191,22,2,0
BRDA:198,23,0,0
BRDA:198,23,1,0
BRDA:202,24,0,0
BRDA:201,25,0,0
BRDA:201,25,1,0
BRDA:201,25,2,0
BRDA:206,26,0,0
BRDA:208,27,0,0
BRDA:217,28,0,0
BRDA:217,28,1,0
BRDA:232,29,0,0
BRDA:232,29,1,0
BRDA:236,30,0,0
BRDA:236,30,1,0
BRDA:238,31,0,0
BRDA:238,31,1,0
BRDA:241,32,0,0
BRDA:270,33,0,0
BRDA:270,34,0,0
BRDA:275,35,0,0
BRDA:284,36,0,0
BRDA:284,36,1,0
BRDA:289,37,0,0
BRDA:289,37,1,0
BRDA:289,37,2,0
BRDA:300,38,0,0
BRDA:299,39,0,0
BRDA:299,39,1,0
BRDA:325,40,0,0
BRDA:325,41,0,0
BRDA:325,41,1,0
BRDA:330,42,0,0
BRDA:330,42,1,0
BRDA:330,43,0,0
BRDA:330,43,1,0
BRDA:330,43,2,0
BRDA:338,44,0,0
BRDA:338,44,1,0
BRDA:339,45,0,0
BRDA:339,45,1,0
BRDA:343,46,0,0
BRDA:344,47,0,0
BRDA:344,47,1,0
BRDA:344,47,2,0
BRDA:353,48,0,0
BRDA:353,48,1,0
BRF:88
BRH:0
end_of_record
TN:
SF:components/ui/checkbox.tsx
FNF:0
FNH:0
DA:3,0
DA:4,0
DA:5,0
DA:7,0
DA:28,0
DA:30,0
LF:6
LH:0
BRF:0
BRH:0
end_of_record
TN:
SF:components/ui/collapsible.tsx
FNF:0
FNH:0
DA:3,1
DA:5,1
DA:7,1
DA:9,1
DA:11,4
LF:5
LH:5
BRF:0
BRH:0
end_of_record
TN:
SF:components/ui/command.tsx
FN:26,(anonymous_14)
FN:127,(anonymous_21)
FNF:2
FNH:0
FNDA:0,(anonymous_14)
FNDA:0,(anonymous_21)
DA:3,0
DA:5,0
DA:6,0
DA:8,0
DA:9,0
DA:24,0
DA:26,0
DA:55,0
DA:68,0
DA:81,0
DA:97,0
DA:109,0
DA:125,0
DA:127,0
DA:141,0
DA:144,0
DA:145,0
DA:146,0
DA:147,0
DA:148,0
DA:149,0
DA:150,0
DA:151,0
DA:152,0
LF:24
LH:0
BRF:0
BRH:0
end_of_record
TN:
SF:components/ui/context-menu.tsx
FN:168,(anonymous_27)
FNF:1
FNH:0
FNDA:0,(anonymous_27)
DA:3,0
DA:4,0
DA:5,0
DA:7,0
DA:9,0
DA:11,0
DA:13,0
DA:15,0
DA:17,0
DA:19,0
DA:40,0
DA:55,0
DA:72,0
DA:90,0
DA:113,0
DA:136,0
DA:154,0
DA:166,0
DA:168,0
DA:182,0
DA:185,0
DA:186,0
DA:187,0
DA:188,0
DA:189,0
DA:190,0
DA:191,0
DA:192,0
DA:193,0
DA:194,0
DA:195,0
DA:196,0
DA:197,0
DA:198,0
DA:199,0
LF:35
LH:0
BRDA:31,0,0,0
BRDA:31,0,1,0
BRDA:84,1,0,0
BRDA:84,1,1,0
BRDA:148,2,0,0
BRDA:148,2,1,0
BRF:6
BRH:0
end_of_record
TN:
SF:components/ui/dialog.tsx
FNF:0
FNH:0
DA:3,4
DA:4,4
DA:5,4
DA:7,4
DA:9,4
DA:11,4
DA:13,4
DA:15,4
DA:30,4
DA:54,4
DA:68,4
DA:82,4
DA:97,4
DA:109,4
DA:112,77
DA:113,0
DA:114,0
DA:115,0
DA:116,35
DA:117,77
DA:118,77
DA:119,77
DA:120,77
DA:121,77
LF:24
LH:21
BRF:0
BRH:0
end_of_record
TN:
SF:components/ui/drawer.tsx
FNF:0
FNH:0
DA:3,0
DA:4,0
DA:6,0
DA:17,0
DA:19,0
DA:21,0
DA:23,0
DA:35,0
DA:56,0
DA:67,0
DA:78,0
DA:93,0
DA:105,0
DA:108,0
DA:109,0
DA:110,0
DA:111,0
DA:112,0
DA:113,0
DA:114,0
DA:115,0
DA:116,0
DA:117,0
LF:23
LH:0
BRDA:9,0,0,0
BRF:1
BRH:0
end_of_record
TN:
SF:components/ui/dropdown-menu.tsx
FN:171,(anonymous_27)
FNF:1
FNH:0
FNDA:0,(anonymous_27)
DA:3,2
DA:4,2
DA:5,2
DA:7,2
DA:9,2
DA:11,2
DA:13,2
DA:15,2
DA:17,2
DA:19,2
DA:40,2
DA:56,2
DA:75,2
DA:93,2
DA:116,2
DA:139,2
DA:157,2
DA:169,2
DA:171,2
DA:182,2
DA:185,11
DA:186,11
DA:187,11
DA:188,61
DA:189,0
DA:190,0
DA:191,2
DA:192,22
DA:193,0
DA:194,0
DA:195,0
DA:196,0
DA:197,0
DA:198,0
DA:199,0
LF:35
LH:26
BRDA:31,0,0,0
BRDA:31,0,1,0
BRDA:62,1,0,11
BRDA:87,2,0,43
BRDA:87,2,1,0
BRDA:151,3,0,2
BRDA:151,3,1,0
BRF:7
BRH:3
end_of_record
TN:
SF:components/ui/form.tsx
FN:31,(anonymous_12)
FN:44,(anonymous_13)
FN:78,(anonymous_14)
FN:92,(anonymous_15)
FN:109,(anonymous_16)
FN:131,(anonymous_17)
FN:148,(anonymous_18)
FNF:7
FNH:7
FNDA:528,(anonymous_12)
FNDA:2074,(anonymous_13)
FNDA:666,(anonymous_14)
FNDA:666,(anonymous_15)
FNDA:666,(anonymous_16)
FNDA:86,(anonymous_17)
FNDA:656,(anonymous_18)
DA:3,6
DA:5,6
DA:13,6
DA:15,6
DA:16,6
DA:18,6
DA:27,6
DA:31,6
DA:44,6
DA:45,2074
DA:46,2074
DA:47,2074
DA:49,2074
DA:51,2074
DA:52,0
DA:55,2074
DA:57,2074
DA:71,6
DA:75,6
DA:79,666
DA:87,6
DA:89,6
DA:93,666
DA:104,6
DA:106,6
DA:110,666
DA:126,6
DA:128,6
DA:132,86
DA:143,6
DA:145,6
DA:149,656
DA:150,656
DA:152,656
DA:153,617
DA:167,6
DA:170,0
DA:171,172
DA:172,735
DA:173,735
DA:174,735
DA:175,95
DA:176,723
DA:177,657
LF:44
LH:42
BRDA:51,0,0,0
BRDA:98,1,0,666
BRDA:98,1,1,39
BRDA:117,2,0,627
BRDA:117,2,1,39
BRDA:150,3,0,39
BRDA:150,3,1,617
BRDA:152,4,0,617
BRF:8
BRH:7
end_of_record
TN:
SF:components/ui/hover-card.tsx
FNF:0
FNH:0
DA:3,0
DA:4,0
DA:6,0
DA:8,0
DA:10,0
DA:27,0
DA:29,0
LF:7
LH:0
BRDA:15,0,0,0
BRDA:15,1,0,0
BRF:2
BRH:0
end_of_record
TN:
SF:components/ui/input-otp.tsx
FN:36,(anonymous_10)
FNF:1
FNH:0
FNDA:0,(anonymous_10)
DA:3,0
DA:4,0
DA:5,0
DA:7,0
DA:23,0
DA:31,0
DA:33,0
DA:37,0
DA:38,0
DA:59,0
DA:69,0
DA:71,0
LF:12
LH:0
BRDA:45,0,0,0
BRDA:45,0,1,0
BRDA:51,1,0,0
BRF:3
BRH:0
end_of_record
TN:
SF:components/ui/input.tsx
FN:6,(anonymous_4)
FNF:1
FNH:1
FNDA:638,(anonymous_4)
DA:1,8
DA:3,8
DA:5,8
DA:20,8
DA:22,697
LF:5
LH:5
BRF:0
BRH:0
end_of_record
TN:
SF:components/ui/label.tsx
FNF:0
FNH:0
DA:3,6
DA:4,6
DA:5,6
DA:7,6
DA:9,6
DA:24,6
DA:26,666
LF:7
LH:7
BRF:0
BRH:0
end_of_record
TN:
SF:components/ui/menubar.tsx
FN:203,(anonymous_30)
FNF:1
FNH:0
FNDA:0,(anonymous_30)
DA:3,0
DA:4,0
DA:5,0
DA:7,0
DA:9,0
DA:11,0
DA:13,0
DA:15,0
DA:17,0
DA:32,0
DA:47,0
DA:68,0
DA:83,0
DA:108,0
DA:126,0
DA:149,0
DA:171,0
DA:189,0
DA:201,0
DA:203,0
DA:217,0
DA:220,0
DA:221,0
DA:222,0
DA:223,0
DA:224,0
DA:225,0
DA:226,0
DA:227,0
DA:228,0
DA:229,0
DA:230,0
DA:231,0
DA:232,0
DA:233,0
DA:234,0
DA:235,0
LF:37
LH:0
BRDA:59,0,0,0
BRDA:59,0,1,0
BRDA:90,1,0,0
BRDA:90,2,0,0
BRDA:90,3,0,0
BRDA:120,4,0,0
BRDA:120,4,1,0
BRDA:183,5,0,0
BRDA:183,5,1,0
BRF:9
BRH:0
end_of_record
TN:
SF:components/ui/navigation-menu.tsx
FNF:0
FNH:0
DA:1,0
DA:2,0
DA:3,0
DA:4,0
DA:6,0
DA:24,0
DA:39,0
DA:41,0
DA:43,0
DA:63,0
DA:78,0
DA:80,0
DA:97,0
DA:115,0
DA:119,0
DA:120,0
DA:121,0
DA:122,0
DA:123,0
DA:124,0
DA:125,0
DA:126,0
DA:127,0
LF:23
LH:0
BRF:0
BRH:0
end_of_record
TN:
SF:components/ui/pagination.tsx
FNF:0
FNH:0
DA:1,0
DA:2,0
DA:4,0
DA:5,0
DA:15,0
DA:27,0
DA:35,0
DA:60,0
DA:76,0
DA:92,0
DA:107,0
DA:110,0
DA:111,0
DA:112,0
DA:113,0
DA:114,0
DA:115,0
DA:116,0
LF:18
LH:0
BRDA:45,0,0,0
BRDA:49,1,0,0
BRDA:49,1,1,0
BRDA:52,2,0,0
BRDA:52,2,1,0
BRF:5
BRH:0
end_of_record
TN:
SF:components/ui/popover.tsx
FNF:0
FNH:0
DA:3,0
DA:4,0
DA:6,0
DA:8,0
DA:10,0
DA:29,0
DA:31,0
LF:7
LH:0
BRDA:15,0,0,0
BRDA:15,1,0,0
BRF:2
BRH:0
end_of_record
TN:
SF:components/ui/progress.tsx
FNF:0
FNH:0
DA:3,0
DA:4,0
DA:6,0
DA:26,0
DA:28,0
LF:5
LH:0
BRDA:22,0,0,0
BRDA:22,0,1,0
BRF:2
BRH:0
end_of_record
TN:
SF:components/ui/radio-group.tsx
FN:12,(anonymous_6)
FN:26,(anonymous_7)
FNF:2
FNH:0
FNDA:0,(anonymous_6)
FNDA:0,(anonymous_7)
DA:3,0
DA:4,0
DA:5,0
DA:7,0
DA:9,0
DA:21,0
DA:23,0
DA:42,0
DA:44,0
LF:9
LH:0
BRF:0
BRH:0
end_of_record
TN:
SF:components/ui/resizable.tsx
FNF:0
FNH:0
DA:3,0
DA:4,0
DA:6,0
DA:21,0
DA:45,0
LF:5
LH:0
BRDA:37,0,0,0
BRF:1
BRH:0
end_of_record
TN:
SF:components/ui/scroll-area.tsx
FNF:0
FNH:0
DA:3,0
DA:4,0
DA:6,0
DA:24,0
DA:46,0
DA:48,0
LF:6
LH:0
BRDA:29,0,0,0
BRDA:35,1,0,0
BRDA:35,1,1,0
BRDA:37,2,0,0
BRDA:37,2,1,0
BRF:5
BRH:0
end_of_record
TN:
SF:components/ui/select.tsx
FNF:0
FNH:0
DA:3,4
DA:4,4
DA:5,4
DA:7,4
DA:9,4
DA:11,4
DA:13,4
DA:33,4
DA:50,4
DA:67,4
DA:100,4
DA:112,4
DA:135,4
DA:147,4
DA:150,52
DA:151,0
DA:152,52
DA:153,52
DA:154,52
DA:155,0
DA:156,149
DA:157,0
DA:158,0
DA:159,0
LF:24
LH:19
BRDA:73,0,0,46
BRDA:79,1,0,46
BRDA:79,1,1,46
BRDA:90,2,0,46
BRDA:90,2,1,46
BRF:5
BRH:5
end_of_record
TN:
SF:components/ui/separator.tsx
FNF:0
FNH:0
DA:3,1
DA:4,1
DA:6,1
DA:29,1
DA:31,96
LF:5
LH:5
BRDA:13,0,0,96
BRDA:13,1,0,96
BRDA:22,2,0,96
BRDA:22,2,1,0
BRF:4
BRH:3
end_of_record
TN:
SF:components/ui/sheet.tsx
FNF:0
FNH:0
DA:3,0
DA:4,0
DA:5,0
DA:6,0
DA:8,0
DA:10,0
DA:12,0
DA:14,0
DA:16,0
DA:31,0
DA:33,0
DA:75,0
DA:89,0
DA:103,0
DA:115,0
DA:127,0
DA:130,0
DA:131,0
DA:132,0
DA:133,0
DA:134,0
DA:135,0
DA:136,0
DA:137,0
DA:138,0
DA:139,0
LF:26
LH:0
BRDA:59,0,0,0
BRF:1
BRH:0
end_of_record
TN:
SF:components/ui/sidebar.tsx
FN:41,useSidebar
FN:58,(anonymous_29)
FN:78,(anonymous_30)
FN:93,(anonymous_31)
FN:95,(anonymous_32)
FN:96,(anonymous_33)
FN:100,(anonymous_34)
FN:101,(anonymous_35)
FN:112,(anonymous_36)
FN:120,(anonymous_37)
FN:167,(anonymous_38)
FN:265,(anonymous_39)
FN:275,(anonymous_40)
FN:291,(anonymous_41)
FN:320,(anonymous_42)
FN:338,(anonymous_43)
FN:356,(anonymous_44)
FN:371,(anonymous_45)
FN:386,(anonymous_46)
FN:401,(anonymous_47)
FN:419,(anonymous_48)
FN:434,(anonymous_49)
FN:455,(anonymous_50)
FN:544,(anonymous_54)
FN:601,(anonymous_55)
FN:652,(anonymous_57)
FN:654,(anonymous_58)
FN:715,(anonymous_61)
FNF:28
FNH:0
FNDA:0,useSidebar
FNDA:0,(anonymous_29)
FNDA:0,(anonymous_30)
FNDA:0,(anonymous_31)
FNDA:0,(anonymous_32)
FNDA:0,(anonymous_33)
FNDA:0,(anonymous_34)
FNDA:0,(anonymous_35)
FNDA:0,(anonymous_36)
FNDA:0,(anonymous_37)
FNDA:0,(anonymous_38)
FNDA:0,(anonymous_39)
FNDA:0,(anonymous_40)
FNDA:0,(anonymous_41)
FNDA:0,(anonymous_42)
FNDA:0,(anonymous_43)
FNDA:0,(anonymous_44)
FNDA:0,(anonymous_45)
FNDA:0,(anonymous_46)
FNDA:0,(anonymous_47)
FNDA:0,(anonymous_48)
FNDA:0,(anonymous_49)
FNDA:0,(anonymous_50)
FNDA:0,(anonymous_54)
FNDA:0,(anonymous_55)
FNDA:0,(anonymous_57)
FNDA:0,(anonymous_58)
FNDA:0,(anonymous_61)
DA:3,0
DA:4,0
DA:5,0
DA:6,0
DA:8,0
DA:9,0
DA:10,0
DA:11,0
DA:12,0
DA:13,0
DA:14,0
DA:20,0
DA:22,0
DA:23,0
DA:24,0
DA:25,0
DA:26,0
DA:27,0
DA:39,0
DA:42,0
DA:43,0
DA:44,0
DA:47,0
DA:50,0
DA:70,0
DA:71,0
DA:75,0
DA:76,0
DA:77,0
DA:79,0
DA:80,0
DA:81,0
DA:83,0
DA:87,0
DA:93,0
DA:94,0
DA:95,0
DA:96,0
DA:100,0
DA:101,0
DA:102,0
DA:106,0
DA:107,0
DA:111,0
DA:112,0
DA:117,0
DA:119,0
DA:120,0
DA:157,0
DA:159,0
DA:178,0
DA:180,0
DA:195,0
DA:260,0
DA:262,0
DA:266,0
DA:276,0
DA:277,0
DA:286,0
DA:288,0
DA:292,0
DA:315,0
DA:317,0
DA:333,0
DA:335,0
DA:351,0
DA:353,0
DA:366,0
DA:368,0
DA:381,0
DA:383,0
DA:396,0
DA:398,0
DA:414,0
DA:416,0
DA:429,0
DA:431,0
DA:435,0
DA:450,0
DA:452,0
DA:456,0
DA:473,0
DA:486,0
DA:499,0
DA:512,0
DA:514,0
DA:536,0
DA:556,0
DA:557,0
DA:570,0
DA:571,0
DA:574,0
DA:575,0
DA:593,0
DA:595,0
DA:602,0
DA:624,0
DA:645,0
DA:647,0
DA:654,0
DA:655,0
DA:683,0
DA:700,0
DA:706,0
DA:708,0
DA:716,0
DA:736,0
DA:739,0
DA:740,0
DA:741,0
DA:742,0
DA:743,0
DA:744,0
DA:745,0
DA:746,0
DA:747,0
DA:748,0
DA:749,0
DA:750,0
DA:751,0
DA:752,0
DA:753,0
DA:754,0
DA:755,0
DA:756,0
DA:757,0
DA:758,0
DA:759,0
DA:760,0
DA:761,0
DA:762,0
LF:131
LH:0
BRDA:43,0,0,0
BRDA:60,1,0,0
BRDA:76,2,0,0
BRDA:76,2,1,0
BRDA:79,3,0,0
BRDA:79,3,1,0
BRDA:80,4,0,0
BRDA:80,4,1,0
BRDA:94,5,0,0
BRDA:94,5,1,0
BRDA:102,6,0,0
BRDA:103,7,0,0
BRDA:103,7,1,0
BRDA:103,7,2,0
BRDA:117,8,0,0
BRDA:117,8,1,0
BRDA:169,9,0,0
BRDA:170,10,0,0
BRDA:171,11,0,0
BRDA:180,12,0,0
BRDA:195,13,0,0
BRDA:220,14,0,0
BRDA:220,14,1,0
BRDA:230,15,0,0
BRDA:230,15,1,0
BRDA:230,16,0,0
BRDA:230,16,1,0
BRDA:238,17,0,0
BRDA:238,17,1,0
BRDA:242,18,0,0
BRDA:242,18,1,0
BRDA:242,19,0,0
BRDA:242,19,1,0
BRDA:434,20,0,0
BRDA:435,21,0,0
BRDA:435,21,1,0
BRDA:455,22,0,0
BRDA:456,23,0,0
BRDA:456,23,1,0
BRDA:546,24,0,0
BRDA:547,25,0,0
BRDA:548,26,0,0
BRDA:549,27,0,0
BRDA:556,28,0,0
BRDA:556,28,1,0
BRDA:570,29,0,0
BRDA:574,30,0,0
BRDA:586,31,0,0
BRDA:586,31,1,0
BRDA:601,32,0,0
BRDA:601,33,0,0
BRDA:602,34,0,0
BRDA:602,34,1,0
BRDA:616,35,0,0
BRDA:616,35,1,0
BRDA:652,36,0,0
BRDA:665,37,0,0
BRDA:715,38,0,0
BRDA:715,39,0,0
BRDA:716,40,0,0
BRDA:716,40,1,0
BRDA:727,41,0,0
BRDA:727,41,1,0
BRDA:728,42,0,0
BRDA:728,42,1,0
BRF:65
BRH:0
end_of_record
TN:
SF:components/ui/skeleton.tsx
FN:3,Skeleton
FNF:1
FNH:1
FNDA:233,Skeleton
DA:1,5
DA:15,233
LF:2
LH:2
BRF:0
BRH:0
end_of_record
TN:
SF:components/ui/slider.tsx
FNF:0
FNH:0
DA:3,0
DA:4,0
DA:6,0
DA:26,0
DA:28,0
LF:5
LH:0
BRF:0
BRH:0
end_of_record
TN:
SF:components/ui/sonner.tsx
FN:8,(anonymous_1)
FNF:1
FNH:0
FNDA:0,(anonymous_1)
DA:3,0
DA:4,0
DA:8,0
DA:9,0
DA:31,0
LF:5
LH:0
BRDA:9,0,0,0
BRF:1
BRH:0
end_of_record
TN:
SF:components/ui/switch.tsx
FNF:0
FNH:0
DA:3,1
DA:4,1
DA:6,1
DA:27,1
DA:29,12
LF:5
LH:5
BRF:0
BRH:0
end_of_record
TN:
SF:components/ui/table.tsx
FNF:0
FNH:0
DA:1,1
DA:3,1
DA:17,1
DA:25,1
DA:37,1
DA:52,1
DA:67,1
DA:82,1
DA:94,1
DA:106,1
DA:109,7
DA:110,7
DA:111,7
DA:112,0
DA:113,42
DA:114,15
DA:115,23
DA:116,0
LF:18
LH:16
BRF:0
BRH:0
end_of_record
TN:
SF:components/ui/tabs.tsx
FNF:0
FNH:0
DA:3,3
DA:4,3
DA:6,3
DA:8,3
DA:23,3
DA:38,3
DA:53,3
DA:55,125
LF:8
LH:8
BRF:0
BRH:0
end_of_record
TN:
SF:components/ui/textarea.tsx
FN:8,(anonymous_4)
FNF:1
FNH:1
FNDA:17,(anonymous_4)
DA:1,2
DA:3,2
DA:5,2
DA:20,2
DA:22,19
LF:5
LH:5
BRF:0
BRH:0
end_of_record
TN:
SF:components/ui/toast.tsx
FN:47,(anonymous_12)
FNF:1
FNH:0
FNDA:0,(anonymous_12)
DA:3,0
DA:4,0
DA:5,0
DA:6,0
DA:8,0
DA:10,0
DA:25,0
DA:27,0
DA:43,0
DA:56,0
DA:71,0
DA:89,0
DA:101,0
DA:113,0
DA:122,0
DA:123,0
DA:124,0
DA:125,0
DA:126,0
DA:127,0
DA:128,0
LF:21
LH:0
BRF:0
BRH:0
end_of_record
TN:
SF:components/ui/toaster.tsx
FN:13,Toaster
FN:18,(anonymous_2)
FNF:2
FNH:0
FNDA:0,Toaster
FNDA:0,(anonymous_2)
DA:3,0
DA:11,0
DA:13,0
DA:14,0
DA:19,0
LF:5
LH:0
BRDA:22,0,0,0
BRDA:23,1,0,0
BRF:2
BRH:0
end_of_record
TN:
SF:components/ui/toggle-group.tsx
FN:39,(anonymous_7)
FNF:1
FNH:0
FNDA:0,(anonymous_7)
DA:3,0
DA:4,0
DA:7,0
DA:8,0
DA:10,0
DA:33,0
DA:35,0
DA:40,0
DA:59,0
DA:61,0
LF:10
LH:0
BRDA:47,0,0,0
BRDA:47,0,1,0
BRDA:48,1,0,0
BRDA:48,1,1,0
BRF:4
BRH:0
end_of_record
TN:
SF:components/ui/toggle.tsx
FNF:0
FNH:0
DA:3,0
DA:4,0
DA:5,0
DA:7,0
DA:9,0
DA:43,0
DA:45,0
LF:7
LH:0
BRF:0
BRH:0
end_of_record
TN:
SF:components/ui/tooltip.tsx
FNF:0
FNH:0
DA:3,0
DA:4,0
DA:6,0
DA:8,0
DA:10,0
DA:12,0
DA:28,0
DA:30,0
LF:8
LH:0
BRDA:17,0,0,0
BRF:1
BRH:0
end_of_record
TN:
SF:components/ui/use-mobile.tsx
FN:5,useIsMobile
FN:8,(anonymous_5)
FN:10,(anonymous_6)
FN:15,(anonymous_7)
FNF:4
FNH:0
FNDA:0,useIsMobile
FNDA:0,(anonymous_5)
FNDA:0,(anonymous_6)
FNDA:0,(anonymous_7)
DA:1,0
DA:3,0
DA:5,0
DA:6,0
DA:8,0
DA:9,0
DA:10,0
DA:11,0
DA:13,0
DA:14,0
DA:15,0
DA:18,0
LF:12
LH:0
BRF:0
BRH:0
end_of_record
TN:
SF:components/ui/use-toast.ts
FN:30,genId
FN:61,(anonymous_8)
FN:66,(anonymous_9)
FN:77,(anonymous_10)
FN:88,(anonymous_11)
FN:101,(anonymous_12)
FN:108,(anonymous_13)
FN:127,(anonymous_14)
FN:136,dispatch
FN:138,(anonymous_16)
FN:145,toast
FN:148,(anonymous_18)
FN:153,(anonymous_19)
FN:161,(anonymous_20)
FN:174,useToast
FN:177,(anonymous_22)
FN:179,(anonymous_23)
FN:190,(anonymous_24)
FNF:18
FNH:8
FNDA:5,genId
FNDA:0,(anonymous_8)
FNDA:0,(anonymous_9)
FNDA:5,(anonymous_10)
FNDA:0,(anonymous_11)
FNDA:0,(anonymous_12)
FNDA:0,(anonymous_13)
FNDA:0,(anonymous_14)
FNDA:5,dispatch
FNDA:5,(anonymous_16)
FNDA:5,toast
FNDA:0,(anonymous_18)
FNDA:0,(anonymous_19)
FNDA:0,(anonymous_20)
FNDA:23,useToast
FNDA:13,(anonymous_22)
FNDA:13,(anonymous_23)
FNDA:0,(anonymous_24)
DA:4,5
DA:11,5
DA:12,5
DA:21,5
DA:28,5
DA:31,5
DA:32,5
DA:59,5
DA:61,5
DA:62,0
DA:63,0
DA:66,0
DA:67,0
DA:68,0
DA:74,0
DA:77,5
DA:78,5
DA:80,5
DA:86,0
DA:89,0
DA:94,0
DA:98,0
DA:99,0
DA:101,0
DA:102,0
DA:106,0
DA:109,0
DA:119,0
DA:120,0
DA:125,0
DA:127,0
DA:132,5
DA:134,5
DA:137,5
DA:138,5
DA:139,5
DA:146,5
DA:148,5
DA:149,0
DA:153,5
DA:155,5
DA:162,0
DA:167,5
DA:175,23
DA:177,23
DA:178,13
DA:179,13
DA:180,13
DA:181,13
DA:182,13
DA:187,23
DA:190,0
DA:194,25
LF:53
LH:31
BRDA:62,0,0,0
BRDA:78,1,0,5
BRDA:78,1,1,0
BRDA:78,1,2,0
BRDA:78,1,3,0
BRDA:89,2,0,0
BRDA:89,2,1,0
BRDA:98,3,0,0
BRDA:98,3,1,0
BRDA:109,4,0,0
BRDA:109,4,1,0
BRDA:109,5,0,0
BRDA:109,5,1,0
BRDA:119,6,0,0
BRDA:162,7,0,0
BRDA:181,8,0,13
BRF:16
BRH:2
end_of_record
TN:
SF:hooks/use-auth.tsx
FN:6,useAuth
FNF:1
FNH:1
FNDA:17,useAuth
DA:3,2
DA:4,2
DA:6,18
DA:7,17
DA:9,17
DA:10,0
DA:13,17
LF:7
LH:6
BRDA:9,0,0,0
BRF:1
BRH:0
end_of_record
TN:
SF:hooks/use-documents.tsx
FN:16,useDocuments
FN:31,(anonymous_2)
FN:61,(anonymous_3)
FN:65,(anonymous_4)
FN:76,(anonymous_5)
FN:89,(anonymous_6)
FN:92,(anonymous_7)
FN:103,(anonymous_8)
FN:109,(anonymous_9)
FNF:9
FNH:0
FNDA:0,useDocuments
FNDA:0,(anonymous_2)
FNDA:0,(anonymous_3)
FNDA:0,(anonymous_4)
FNDA:0,(anonymous_5)
FNDA:0,(anonymous_6)
FNDA:0,(anonymous_7)
FNDA:0,(anonymous_8)
FNDA:0,(anonymous_9)
DA:3,0
DA:4,0
DA:5,0
DA:6,0
DA:16,0
DA:17,0
DA:18,0
DA:24,0
DA:25,0
DA:27,0
DA:28,0
DA:29,0
DA:31,0
DA:32,0
DA:33,0
DA:35,0
DA:36,0
DA:37,0
DA:38,0
DA:40,0
DA:46,0
DA:47,0
DA:49,0
DA:50,0
DA:51,0
DA:57,0
DA:61,0
DA:62,0
DA:65,0
DA:66,0
DA:67,0
DA:68,0
DA:70,0
DA:72,0
DA:73,0
DA:76,0
DA:77,0
DA:78,0
DA:80,0
DA:81,0
DA:82,0
DA:85,0
DA:86,0
DA:89,0
DA:90,0
DA:91,0
DA:92,0
DA:94,0
DA:95,0
DA:97,0
DA:100,0
DA:103,0
DA:104,0
DA:105,0
DA:106,0
DA:109,0
DA:111,0
DA:114,0
LF:58
LH:0
BRDA:36,0,0,0
BRDA:36,0,1,0
BRDA:37,1,0,0
BRDA:37,1,1,0
BRDA:38,2,0,0
BRDA:38,2,1,0
BRDA:49,3,0,0
BRDA:49,3,1,0
BRDA:67,4,0,0
BRDA:67,4,1,0
BRDA:78,5,0,0
BRDA:78,5,1,0
BRDA:80,6,0,0
BRDA:91,7,0,0
BRDA:91,7,1,0
BRDA:94,8,0,0
BRDA:94,8,1,0
BRF:17
BRH:0
end_of_record
TN:
SF:hooks/use-mobile.tsx
FN:5,useIsMobile
FN:8,(anonymous_5)
FN:10,(anonymous_6)
FN:15,(anonymous_7)
FNF:4
FNH:0
FNDA:0,useIsMobile
FNDA:0,(anonymous_5)
FNDA:0,(anonymous_6)
FNDA:0,(anonymous_7)
DA:1,0
DA:3,0
DA:5,0
DA:6,0
DA:8,0
DA:9,0
DA:10,0
DA:11,0
DA:13,0
DA:14,0
DA:15,0
DA:18,0
LF:12
LH:0
BRF:0
BRH:0
end_of_record
TN:
SF:hooks/use-toast.ts
FN:30,genId
FN:61,(anonymous_8)
FN:66,(anonymous_9)
FN:77,(anonymous_10)
FN:88,(anonymous_11)
FN:101,(anonymous_12)
FN:108,(anonymous_13)
FN:127,(anonymous_14)
FN:136,dispatch
FN:138,(anonymous_16)
FN:145,toast
FN:148,(anonymous_18)
FN:153,(anonymous_19)
FN:161,(anonymous_20)
FN:174,useToast
FN:177,(anonymous_22)
FN:179,(anonymous_23)
FN:190,(anonymous_24)
FNF:18
FNH:0
FNDA:0,genId
FNDA:0,(anonymous_8)
FNDA:0,(anonymous_9)
FNDA:0,(anonymous_10)
FNDA:0,(anonymous_11)
FNDA:0,(anonymous_12)
FNDA:0,(anonymous_13)
FNDA:0,(anonymous_14)
FNDA:0,dispatch
FNDA:0,(anonymous_16)
FNDA:0,toast
FNDA:0,(anonymous_18)
FNDA:0,(anonymous_19)
FNDA:0,(anonymous_20)
FNDA:0,useToast
FNDA:0,(anonymous_22)
FNDA:0,(anonymous_23)
FNDA:0,(anonymous_24)
DA:4,0
DA:11,0
DA:12,0
DA:21,0
DA:28,0
DA:31,0
DA:32,0
DA:59,0
DA:61,0
DA:62,0
DA:63,0
DA:66,0
DA:67,0
DA:68,0
DA:74,0
DA:77,0
DA:78,0
DA:80,0
DA:86,0
DA:89,0
DA:94,0
DA:98,0
DA:99,0
DA:101,0
DA:102,0
DA:106,0
DA:109,0
DA:119,0
DA:120,0
DA:125,0
DA:127,0
DA:132,0
DA:134,0
DA:137,0
DA:138,0
DA:139,0
DA:146,0
DA:148,0
DA:149,0
DA:153,0
DA:155,0
DA:162,0
DA:167,0
DA:175,0
DA:177,0
DA:178,0
DA:179,0
DA:180,0
DA:181,0
DA:182,0
DA:187,0
DA:190,0
DA:194,0
LF:53
LH:0
BRDA:62,0,0,0
BRDA:78,1,0,0
BRDA:78,1,1,0
BRDA:78,1,2,0
BRDA:78,1,3,0
BRDA:89,2,0,0
BRDA:89,2,1,0
BRDA:98,3,0,0
BRDA:98,3,1,0
BRDA:109,4,0,0
BRDA:109,4,1,0
BRDA:109,5,0,0
BRDA:109,5,1,0
BRDA:119,6,0,0
BRDA:162,7,0,0
BRDA:181,8,0,0
BRF:16
BRH:0
end_of_record
TN:
SF:lib/api.ts
FN:4,(anonymous_2)
FN:21,(anonymous_3)
FN:28,(anonymous_4)
FNF:3
FNH:0
FNDA:0,(anonymous_2)
FNDA:0,(anonymous_3)
FNDA:0,(anonymous_4)
DA:1,1
DA:4,1
DA:5,0
DA:6,0
DA:8,0
DA:12,1
DA:20,1
DA:22,0
DA:23,0
DA:24,0
DA:26,0
DA:28,0
LF:12
LH:4
BRDA:5,0,0,0
BRDA:13,1,0,1
BRDA:13,1,1,0
BRDA:23,2,0,0
BRF:4
BRH:1
end_of_record
TN:
SF:lib/auth.ts
FN:1,getAuthToken
FNF:1
FNH:0
FNDA:0,getAuthToken
DA:1,0
DA:2,0
DA:3,0
DA:5,0
LF:4
LH:0
BRDA:2,0,0,0
BRF:1
BRH:0
end_of_record
TN:
SF:lib/file-icons.tsx
FN:13,getFileIcon
FNF:1
FNH:1
FNDA:20,getFileIcon
DA:11,2
DA:13,20
DA:14,20
DA:16,20
DA:17,20
DA:18,0
DA:25,0
DA:26,0
DA:34,0
DA:35,0
DA:41,0
DA:42,0
DA:50,0
DA:51,0
DA:58,0
DA:59,0
DA:65,0
DA:66,0
DA:72,0
DA:75,0
LF:20
LH:5
BRDA:14,0,0,0
BRDA:16,1,0,20
BRDA:16,1,1,0
BRDA:18,2,0,0
BRDA:18,2,1,0
BRDA:19,3,0,0
BRDA:19,3,1,0
BRDA:19,3,2,0
BRDA:19,3,3,0
BRDA:19,3,4,0
BRDA:26,4,0,0
BRDA:26,4,1,0
BRDA:27,5,0,0
BRDA:27,5,1,0
BRDA:27,5,2,0
BRDA:27,5,3,0
BRDA:27,5,4,0
BRDA:27,5,5,0
BRDA:35,6,0,0
BRDA:35,6,1,0
BRDA:36,7,0,0
BRDA:36,7,1,0
BRDA:36,7,2,0
BRDA:36,7,3,0
BRDA:42,8,0,0
BRDA:42,8,1,0
BRDA:43,9,0,0
BRDA:43,9,1,0
BRDA:43,9,2,0
BRDA:43,9,3,0
BRDA:43,9,4,0
BRDA:43,9,5,0
BRDA:51,10,0,0
BRDA:51,10,1,0
BRDA:52,11,0,0
BRDA:52,11,1,0
BRDA:52,11,2,0
BRDA:52,11,3,0
BRDA:52,11,4,0
BRDA:59,12,0,0
BRDA:59,12,1,0
BRDA:60,13,0,0
BRDA:60,13,1,0
BRDA:60,13,2,0
BRDA:60,13,3,0
BRDA:66,14,0,0
BRDA:67,15,0,0
BRDA:67,15,1,0
BRDA:67,15,2,0
BRDA:67,15,3,0
BRF:50
BRH:1
end_of_record
TN:
SF:lib/utils.ts
FN:4,cn
FNF:1
FNH:1
FNDA:5224,cn
DA:1,15
DA:2,15
DA:4,5224
DA:5,5224
LF:4
LH:4
BRF:0
BRH:0
end_of_record
TN:
SF:providers/auth-provider.tsx
FN:44,AuthProvider
FN:51,(anonymous_5)
FN:53,(anonymous_6)
FN:68,(anonymous_7)
FN:93,(anonymous_8)
FN:118,(anonymous_9)
FN:131,(anonymous_10)
FN:169,useAuth
FNF:8
FNH:6
FNDA:17,AuthProvider
FNDA:7,(anonymous_5)
FNDA:7,(anonymous_6)
FNDA:2,(anonymous_7)
FNDA:2,(anonymous_8)
FNDA:1,(anonymous_9)
FNDA:0,(anonymous_10)
FNDA:0,useAuth
DA:5,2
DA:6,2
DA:7,2
DA:8,2
DA:42,2
DA:44,7
DA:45,17
DA:46,17
DA:47,17
DA:48,17
DA:49,17
DA:51,17
DA:53,7
DA:54,7
DA:55,7
DA:56,7
DA:59,0
DA:61,7
DA:65,7
DA:68,17
DA:69,2
DA:70,2
DA:71,2
DA:72,1
DA:74,1
DA:80,1
DA:82,1
DA:87,1
DA:89,2
DA:93,17
DA:94,2
DA:95,2
DA:96,2
DA:97,1
DA:99,1
DA:105,1
DA:107,1
DA:112,1
DA:114,2
DA:118,17
DA:119,1
DA:120,1
DA:122,1
DA:128,1
DA:131,17
DA:132,0
DA:133,0
DA:134,0
DA:135,0
DA:137,0
DA:142,0
DA:147,0
DA:149,0
DA:169,0
DA:170,0
DA:171,0
DA:172,0
DA:174,0
DA:177,17
LF:59
LH:45
BRDA:76,0,0,0
BRDA:76,0,1,1
BRDA:85,1,0,1
BRDA:85,1,1,0
BRDA:110,2,0,1
BRDA:110,2,1,0
BRDA:145,3,0,0
BRDA:145,3,1,0
BRDA:171,4,0,0
BRF:9
BRH:3
end_of_record
TN:
SF:services/auth-service.ts
FN:44,(anonymous_1)
FN:44,(anonymous_2)
FN:47,(anonymous_3)
FN:53,(anonymous_4)
FN:62,(anonymous_5)
FN:87,(anonymous_6)
FN:106,(anonymous_7)
FN:119,(anonymous_8)
FN:138,(anonymous_9)
FNF:9
FNH:0
FNDA:0,(anonymous_1)
FNDA:0,(anonymous_2)
FNDA:0,(anonymous_3)
FNDA:0,(anonymous_4)
FNDA:0,(anonymous_5)
FNDA:0,(anonymous_6)
FNDA:0,(anonymous_7)
FNDA:0,(anonymous_8)
FNDA:0,(anonymous_9)
DA:3,1
DA:5,1
DA:6,1
DA:10,1
DA:13,1
DA:44,1
DA:47,1
DA:48,0
DA:49,0
DA:53,1
DA:54,0
DA:55,0
DA:57,0
DA:60,1
DA:69,0
DA:70,0
DA:73,0
DA:74,0
DA:77,0
DA:79,0
DA:80,0
DA:82,0
DA:88,0
DA:89,0
DA:92,0
DA:93,0
DA:96,0
DA:98,0
DA:99,0
DA:101,0
DA:107,0
DA:108,0
DA:109,0
DA:111,0
DA:112,0
DA:114,0
DA:124,0
DA:125,0
DA:126,0
DA:128,0
DA:129,0
DA:133,0
DA:139,0
LF:43
LH:9
BRDA:5,0,0,1
BRDA:5,0,1,0
BRDA:54,1,0,0
BRDA:73,2,0,0
BRDA:79,3,0,0
BRDA:80,4,0,0
BRDA:80,4,1,0
BRDA:92,5,0,0
BRDA:98,6,0,0
BRDA:99,7,0,0
BRDA:99,7,1,0
BRDA:111,8,0,0
BRDA:111,9,0,0
BRDA:111,9,1,0
BRDA:128,10,0,0
BRDA:130,11,0,0
BRDA:130,11,1,0
BRF:17
BRH:1
end_of_record
TN:
SF:services/document-service.ts
FN:7,(anonymous_2)
FN:7,(anonymous_3)
FN:10,(anonymous_4)
FN:225,(anonymous_5)
FN:226,(anonymous_6)
FN:230,(anonymous_7)
FN:239,(anonymous_8)
FN:248,(anonymous_9)
FN:269,(anonymous_10)
FN:284,(anonymous_11)
FN:331,(anonymous_12)
FN:354,(anonymous_13)
FN:369,(anonymous_14)
FN:384,(anonymous_15)
FN:427,(anonymous_16)
FN:442,(anonymous_17)
FN:459,(anonymous_18)
FN:474,(anonymous_19)
FN:496,(anonymous_20)
FN:516,(anonymous_21)
FN:528,(anonymous_22)
FNF:21
FNH:0
FNDA:0,(anonymous_2)
FNDA:0,(anonymous_3)
FNDA:0,(anonymous_4)
FNDA:0,(anonymous_5)
FNDA:0,(anonymous_6)
FNDA:0,(anonymous_7)
FNDA:0,(anonymous_8)
FNDA:0,(anonymous_9)
FNDA:0,(anonymous_10)
FNDA:0,(anonymous_11)
FNDA:0,(anonymous_12)
FNDA:0,(anonymous_13)
FNDA:0,(anonymous_14)
FNDA:0,(anonymous_15)
FNDA:0,(anonymous_16)
FNDA:0,(anonymous_17)
FNDA:0,(anonymous_18)
FNDA:0,(anonymous_19)
FNDA:0,(anonymous_20)
FNDA:0,(anonymous_21)
FNDA:0,(anonymous_22)
DA:2,0
DA:4,0
DA:7,0
DA:10,0
DA:11,0
DA:12,0
DA:14,0
DA:54,0
DA:98,0
DA:99,0
DA:118,0
DA:158,0
DA:197,0
DA:225,0
DA:226,0
DA:230,0
DA:231,0
DA:239,0
DA:240,0
DA:246,0
DA:255,0
DA:256,0
DA:257,0
DA:259,0
DA:260,0
DA:264,0
DA:270,0
DA:271,0
DA:272,0
DA:274,0
DA:275,0
DA:279,0
DA:291,0
DA:293,0
DA:294,0
DA:296,0
DA:297,0
DA:300,0
DA:301,0
DA:304,0
DA:306,0
DA:319,0
DA:321,0
DA:322,0
DA:326,0
DA:340,0
DA:341,0
DA:342,0
DA:344,0
DA:345,0
DA:349,0
DA:355,0
DA:356,0
DA:357,0
DA:359,0
DA:360,0
DA:364,0
DA:370,0
DA:371,0
DA:372,0
DA:374,0
DA:375,0
DA:379,0
DA:392,0
DA:394,0
DA:396,0
DA:397,0
DA:400,0
DA:402,0
DA:415,0
DA:417,0
DA:418,0
DA:422,0
DA:428,0
DA:429,0
DA:430,0
DA:432,0
DA:433,0
DA:437,0
DA:443,0
DA:444,0
DA:447,0
DA:449,0
DA:450,0
DA:454,0
DA:460,0
DA:461,0
DA:462,0
DA:464,0
DA:465,0
DA:469,0
DA:482,0
DA:483,0
DA:484,0
DA:486,0
DA:487,0
DA:491,0
DA:501,0
DA:502,0
DA:505,0
DA:507,0
DA:508,0
DA:512,0
DA:517,0
DA:518,0
DA:521,0
DA:523,0
DA:524,0
DA:532,0
DA:533,0
DA:539,0
DA:541,0
DA:542,0
LF:113
LH:0
BRDA:11,0,0,0
BRDA:105,1,0,0
BRDA:105,1,1,0
BRDA:226,2,0,0
BRDA:226,2,1,0
BRDA:259,3,0,0
BRDA:261,4,0,0
BRDA:261,4,1,0
BRDA:274,5,0,0
BRDA:276,6,0,0
BRDA:276,6,1,0
BRDA:296,7,0,0
BRDA:300,8,0,0
BRDA:300,9,0,0
BRDA:300,9,1,0
BRDA:308,10,0,0
BRDA:308,10,1,0
BRDA:321,11,0,0
BRDA:323,12,0,0
BRDA:323,12,1,0
BRDA:344,13,0,0
BRDA:346,14,0,0
BRDA:346,14,1,0
BRDA:359,15,0,0
BRDA:361,16,0,0
BRDA:361,16,1,0
BRDA:374,17,0,0
BRDA:376,18,0,0
BRDA:376,18,1,0
BRDA:396,19,0,0
BRDA:404,20,0,0
BRDA:404,20,1,0
BRDA:417,21,0,0
BRDA:419,22,0,0
BRDA:419,22,1,0
BRDA:432,23,0,0
BRDA:434,24,0,0
BRDA:434,24,1,0
BRDA:449,25,0,0
BRDA:451,26,0,0
BRDA:451,26,1,0
BRDA:464,27,0,0
BRDA:466,28,0,0
BRDA:466,28,1,0
BRDA:486,29,0,0
BRDA:488,30,0,0
BRDA:488,30,1,0
BRDA:507,31,0,0
BRDA:509,32,0,0
BRDA:509,32,1,0
BRF:50
BRH:0
end_of_record
TN:
SF:services/ingestion-service.ts
FN:7,(anonymous_2)
FN:24,(anonymous_3)
FN:31,(anonymous_4)
FN:35,(anonymous_5)
FN:35,(anonymous_6)
FN:95,(anonymous_7)
FN:96,(anonymous_8)
FN:101,(anonymous_9)
FN:121,(anonymous_10)
FN:136,(anonymous_11)
FN:157,(anonymous_12)
FN:173,(anonymous_13)
FNF:12
FNH:0
FNDA:0,(anonymous_2)
FNDA:0,(anonymous_3)
FNDA:0,(anonymous_4)
FNDA:0,(anonymous_5)
FNDA:0,(anonymous_6)
FNDA:0,(anonymous_7)
FNDA:0,(anonymous_8)
FNDA:0,(anonymous_9)
FNDA:0,(anonymous_10)
FNDA:0,(anonymous_11)
FNDA:0,(anonymous_12)
FNDA:0,(anonymous_13)
DA:2,0
DA:4,0
DA:7,0
DA:8,0
DA:9,0
DA:11,0
DA:15,0
DA:23,0
DA:25,0
DA:26,0
DA:27,0
DA:29,0
DA:31,0
DA:35,0
DA:48,0
DA:76,0
DA:95,0
DA:96,0
DA:99,0
DA:107,0
DA:108,0
DA:109,0
DA:111,0
DA:112,0
DA:116,0
DA:122,0
DA:123,0
DA:124,0
DA:126,0
DA:127,0
DA:131,0
DA:143,0
DA:144,0
DA:145,0
DA:147,0
DA:148,0
DA:152,0
DA:158,0
DA:159,0
DA:160,0
DA:162,0
DA:163,0
DA:168,0
DA:174,0
DA:175,0
DA:176,0
DA:178,0
DA:179,0
DA:183,0
LF:49
LH:0
BRDA:4,0,0,0
BRDA:4,0,1,0
BRDA:8,1,0,0
BRDA:26,2,0,0
BRDA:96,3,0,0
BRDA:96,3,1,0
BRDA:111,4,0,0
BRDA:113,5,0,0
BRDA:113,5,1,0
BRDA:126,6,0,0
BRDA:128,7,0,0
BRDA:128,7,1,0
BRDA:147,8,0,0
BRDA:149,9,0,0
BRDA:149,9,1,0
BRDA:162,10,0,0
BRDA:164,11,0,0
BRDA:164,11,1,0
BRDA:178,12,0,0
BRDA:180,13,0,0
BRDA:180,13,1,0
BRF:21
BRH:0
end_of_record
TN:
SF:services/qa-service.ts
FN:9,(anonymous_2)
FN:54,(anonymous_3)
FN:66,(anonymous_4)
FN:83,(anonymous_5)
FN:96,(anonymous_6)
FN:109,(anonymous_7)
FNF:6
FNH:0
FNDA:0,(anonymous_2)
FNDA:0,(anonymous_3)
FNDA:0,(anonymous_4)
FNDA:0,(anonymous_5)
FNDA:0,(anonymous_6)
FNDA:0,(anonymous_7)
DA:1,0
DA:2,0
DA:4,0
DA:9,0
DA:10,0
DA:11,0
DA:12,0
DA:14,0
DA:53,0
DA:55,0
DA:56,0
DA:57,0
DA:59,0
DA:60,0
DA:62,0
DA:70,0
DA:71,0
DA:74,0
DA:76,0
DA:77,0
DA:79,0
DA:84,0
DA:85,0
DA:87,0
DA:88,0
DA:92,0
DA:97,0
DA:98,0
DA:100,0
DA:101,0
DA:105,0
DA:110,0
DA:111,0
DA:113,0
DA:114,0
DA:118,0
LF:36
LH:0
BRDA:11,0,0,0
BRDA:59,1,0,0
BRDA:60,2,0,0
BRDA:60,2,1,0
BRDA:67,3,0,0
BRDA:68,4,0,0
BRDA:76,5,0,0
BRDA:77,6,0,0
BRDA:77,6,1,0
BRDA:87,7,0,0
BRDA:89,8,0,0
BRDA:89,8,1,0
BRDA:100,9,0,0
BRDA:102,10,0,0
BRDA:102,10,1,0
BRDA:113,11,0,0
BRDA:115,12,0,0
BRDA:115,12,1,0
BRF:18
BRH:0
end_of_record
TN:
SF:services/user-service.ts
FN:6,(anonymous_2)
FN:23,(anonymous_3)
FN:30,(anonymous_4)
FN:34,(anonymous_5)
FN:34,(anonymous_6)
FN:90,(anonymous_7)
FN:108,(anonymous_8)
FN:121,(anonymous_9)
FN:140,(anonymous_10)
FN:162,(anonymous_11)
FNF:10
FNH:0
FNDA:0,(anonymous_2)
FNDA:0,(anonymous_3)
FNDA:0,(anonymous_4)
FNDA:0,(anonymous_5)
FNDA:0,(anonymous_6)
FNDA:0,(anonymous_7)
FNDA:0,(anonymous_8)
FNDA:0,(anonymous_9)
FNDA:0,(anonymous_10)
FNDA:0,(anonymous_11)
DA:1,2
DA:3,2
DA:6,2
DA:7,0
DA:8,0
DA:10,0
DA:14,2
DA:22,2
DA:24,0
DA:25,0
DA:26,0
DA:28,0
DA:30,0
DA:34,2
DA:37,2
DA:74,2
DA:75,34
DA:88,2
DA:96,0
DA:97,0
DA:98,0
DA:100,0
DA:101,0
DA:103,0
DA:109,0
DA:110,0
DA:111,0
DA:113,0
DA:114,0
DA:116,0
DA:128,0
DA:129,0
DA:130,0
DA:132,0
DA:133,0
DA:135,0
DA:150,0
DA:151,0
DA:152,0
DA:154,0
DA:155,0
DA:157,0
DA:163,0
DA:164,0
DA:165,0
DA:167,0
DA:168,0
DA:170,0
LF:48
LH:10
BRDA:3,0,0,2
BRDA:3,0,1,0
BRDA:7,1,0,0
BRDA:25,2,0,0
BRDA:80,3,0,10
BRDA:80,3,1,24
BRDA:80,4,0,12
BRDA:80,4,1,12
BRDA:100,5,0,0
BRDA:101,6,0,0
BRDA:101,6,1,0
BRDA:113,7,0,0
BRDA:114,8,0,0
BRDA:114,8,1,0
BRDA:132,9,0,0
BRDA:133,10,0,0
BRDA:133,10,1,0
BRDA:154,11,0,0
BRDA:155,12,0,0
BRDA:155,12,1,0
BRDA:167,13,0,0
BRDA:168,14,0,0
BRDA:168,14,1,0
BRF:23
BRH:5
end_of_record
